<?xml version="1.0" encoding="UTF-8"?>
<coverage generated="1741517688140" clover="3.2.0">
  <project timestamp="1741517688140" name="All files">
    <metrics statements="18" coveredstatements="18" conditionals="7" coveredconditionals="6" methods="4" coveredmethods="4" elements="29" coveredelements="28" complexity="0" loc="18" ncloc="18" packages="2" files="2" classes="2"/>
    <package name="displays">
      <metrics statements="3" coveredstatements="3" conditionals="1" coveredconditionals="1" methods="1" coveredmethods="1"/>
      <file name="UserLocationMarker.tsx" path="C:\Users\aanma\Documents\TUGAS_DAN_KERJAAN\FASILKOM_UI\sem6\PPL\dev\mobile-app\components\displays\UserLocationMarker.tsx">
        <metrics statements="3" coveredstatements="3" conditionals="1" coveredconditionals="1" methods="1" coveredmethods="1"/>
        <line num="11" count="1" type="cond" truecount="1" falsecount="0"/>
        <line num="12" count="3" type="stmt"/>
        <line num="19" count="1" type="stmt"/>
      </file>
    </package>
    <package name="views">
      <metrics statements="15" coveredstatements="15" conditionals="6" coveredconditionals="5" methods="3" coveredmethods="3"/>
      <file name="CustomMapView.tsx" path="C:\Users\aanma\Documents\TUGAS_DAN_KERJAAN\FASILKOM_UI\sem6\PPL\dev\mobile-app\components\views\CustomMapView.tsx">
        <metrics statements="15" coveredstatements="15" conditionals="6" coveredconditionals="5" methods="3" coveredmethods="3"/>
        <line num="7" count="1" type="stmt"/>
        <line num="8" count="8" type="stmt"/>
        <line num="9" count="7" type="stmt"/>
        <line num="11" count="7" type="stmt"/>
        <line num="12" count="4" type="stmt"/>
        <line num="13" count="4" type="stmt"/>
        <line num="14" count="4" type="cond" truecount="2" falsecount="0"/>
        <line num="15" count="1" type="stmt"/>
        <line num="16" count="1" type="stmt"/>
        <line num="19" count="3" type="stmt"/>
        <line num="20" count="3" type="stmt"/>
        <line num="21" count="3" type="stmt"/>
        <line num="29" count="4" type="stmt"/>
        <line num="32" count="7" type="stmt"/>
        <line num="46" count="1" type="stmt"/>
      </file>
    </package>
  </project>
</coverage>
