<?xml version="1.0" encoding="UTF-8"?>
<coverage generated="1740730320599" clover="3.2.0">
  <project timestamp="1740730320599" name="All files">
    <metrics statements="20" coveredstatements="20" conditionals="3" coveredconditionals="3" methods="10" coveredmethods="10" elements="33" coveredelements="33" complexity="0" loc="20" ncloc="20" packages="2" files="5" classes="5"/>
    <package name="app">
      <metrics statements="6" coveredstatements="6" conditionals="0" coveredconditionals="0" methods="6" coveredmethods="6"/>
      <file name="index.tsx" path="C:\Users\aanma\Documents\TUGAS_DAN_KERJAAN\FASILKOM_UI\sem6\PPL\repos\mobile-app\app\index.tsx">
        <metrics statements="6" coveredstatements="6" conditionals="0" coveredconditionals="0" methods="6" coveredmethods="6"/>
        <line num="5" count="6" type="stmt"/>
        <line num="8" count="1" type="stmt"/>
        <line num="9" count="1" type="stmt"/>
        <line num="10" count="1" type="stmt"/>
        <line num="11" count="1" type="stmt"/>
        <line num="12" count="1" type="stmt"/>
      </file>
    </package>
    <package name="components">
      <metrics statements="14" coveredstatements="14" conditionals="3" coveredconditionals="3" methods="4" coveredmethods="4"/>
      <file name="Button.tsx" path="C:\Users\aanma\Documents\TUGAS_DAN_KERJAAN\FASILKOM_UI\sem6\PPL\repos\mobile-app\components\Button.tsx">
        <metrics statements="3" coveredstatements="3" conditionals="0" coveredconditionals="0" methods="1" coveredmethods="1"/>
        <line num="11" count="3" type="stmt"/>
        <line num="12" count="15" type="stmt"/>
        <line num="19" count="3" type="stmt"/>
      </file>
      <file name="InputField.tsx" path="C:\Users\aanma\Documents\TUGAS_DAN_KERJAAN\FASILKOM_UI\sem6\PPL\repos\mobile-app\components\InputField.tsx">
        <metrics statements="3" coveredstatements="3" conditionals="1" coveredconditionals="1" methods="1" coveredmethods="1"/>
        <line num="10" count="3" type="cond" truecount="1" falsecount="0"/>
        <line num="11" count="26" type="stmt"/>
        <line num="24" count="3" type="stmt"/>
      </file>
      <file name="LoginForm.tsx" path="C:\Users\aanma\Documents\TUGAS_DAN_KERJAAN\FASILKOM_UI\sem6\PPL\repos\mobile-app\components\LoginForm.tsx">
        <metrics statements="3" coveredstatements="3" conditionals="0" coveredconditionals="0" methods="1" coveredmethods="1"/>
        <line num="16" count="2" type="stmt"/>
        <line num="17" count="12" type="stmt"/>
        <line num="51" count="2" type="stmt"/>
      </file>
      <file name="SocialButton.tsx" path="C:\Users\aanma\Documents\TUGAS_DAN_KERJAAN\FASILKOM_UI\sem6\PPL\repos\mobile-app\components\SocialButton.tsx">
        <metrics statements="5" coveredstatements="5" conditionals="2" coveredconditionals="2" methods="1" coveredmethods="1"/>
        <line num="11" count="3" type="stmt"/>
        <line num="20" count="3" type="stmt"/>
        <line num="26" count="3" type="stmt"/>
        <line num="27" count="28" type="stmt"/>
        <line num="34" count="3" type="stmt"/>
      </file>
    </package>
  </project>
</coverage>
