{"C:\\Kuliah\\Term_6\\PPL\\mobile-app\\app\\_layout.tsx": {"path":"C:\\Kuliah\\Term_6\\PPL\\mobile-app\\app\\_layout.tsx","statementMap":{"0":{"start":{"line":7,"column":19},"end":{"line":7,"column":32}},"1":{"start":{"line":8,"column":36},"end":{"line":8,"column":51}},"2":{"start":{"line":10,"column":27},"end":{"line":10,"column":164}},"3":{"start":{"line":13,"column":2},"end":{"line":19,"column":17}},"4":{"start":{"line":14,"column":4},"end":{"line":18,"column":5}},"5":{"start":{"line":15,"column":6},"end":{"line":15,"column":26}},"6":{"start":{"line":16,"column":11},"end":{"line":18,"column":5}},"7":{"start":{"line":17,"column":6},"end":{"line":17,"column":27}},"8":{"start":{"line":21,"column":25},"end":{"line":30,"column":3}},"9":{"start":{"line":22,"column":4},"end":{"line":29,"column":5}},"10":{"start":{"line":24,"column":6},"end":{"line":24,"column":27}},"11":{"start":{"line":27,"column":6},"end":{"line":27,"column":26}},"12":{"start":{"line":28,"column":6},"end":{"line":28,"column":29}},"13":{"start":{"line":32,"column":26},"end":{"line":35,"column":3}},"14":{"start":{"line":33,"column":4},"end":{"line":33,"column":25}},"15":{"start":{"line":34,"column":4},"end":{"line":34,"column":34}},"16":{"start":{"line":37,"column":2},"end":{"line":62,"column":4}},"17":{"start":{"line":50,"column":12},"end":{"line":50,"column":33}},"18":{"start":{"line":54,"column":12},"end":{"line":54,"column":42}},"19":{"start":{"line":57,"column":12},"end":{"line":57,"column":36}}},"fnMap":{"0":{"name":"Layout","decl":{"start":{"line":6,"column":24},"end":{"line":6,"column":30}},"loc":{"start":{"line":6,"column":33},"end":{"line":63,"column":1}},"line":6},"1":{"name":"(anonymous_1)","decl":{"start":{"line":13,"column":12},"end":{"line":13,"column":13}},"loc":{"start":{"line":13,"column":18},"end":{"line":19,"column":3}},"line":13},"2":{"name":"(anonymous_2)","decl":{"start":{"line":21,"column":25},"end":{"line":21,"column":26}},"loc":{"start":{"line":21,"column":31},"end":{"line":30,"column":3}},"line":21},"3":{"name":"(anonymous_3)","decl":{"start":{"line":32,"column":26},"end":{"line":32,"column":27}},"loc":{"start":{"line":32,"column":32},"end":{"line":35,"column":3}},"line":32},"4":{"name":"(anonymous_4)","decl":{"start":{"line":49,"column":23},"end":{"line":49,"column":24}},"loc":{"start":{"line":49,"column":29},"end":{"line":51,"column":11}},"line":49},"5":{"name":"(anonymous_5)","decl":{"start":{"line":53,"column":32},"end":{"line":53,"column":33}},"loc":{"start":{"line":53,"column":38},"end":{"line":55,"column":11}},"line":53},"6":{"name":"(anonymous_6)","decl":{"start":{"line":56,"column":26},"end":{"line":56,"column":27}},"loc":{"start":{"line":56,"column":32},"end":{"line":58,"column":11}},"line":56}},"branchMap":{"0":{"loc":{"start":{"line":14,"column":4},"end":{"line":18,"column":5}},"type":"if","locations":[{"start":{"line":14,"column":4},"end":{"line":18,"column":5}},{"start":{"line":16,"column":11},"end":{"line":18,"column":5}}],"line":14},"1":{"loc":{"start":{"line":16,"column":11},"end":{"line":18,"column":5}},"type":"if","locations":[{"start":{"line":16,"column":11},"end":{"line":18,"column":5}},{"start":{},"end":{}}],"line":16},"2":{"loc":{"start":{"line":22,"column":4},"end":{"line":29,"column":5}},"type":"if","locations":[{"start":{"line":22,"column":4},"end":{"line":29,"column":5}},{"start":{"line":25,"column":11},"end":{"line":29,"column":5}}],"line":22},"3":{"loc":{"start":{"line":45,"column":7},"end":{"line":60,"column":7}},"type":"binary-expr","locations":[{"start":{"line":45,"column":7},"end":{"line":45,"column":43}},{"start":{"line":46,"column":8},"end":{"line":59,"column":10}}],"line":45}},"s":{"0":25,"1":25,"2":25,"3":25,"4":18,"5":2,"6":16,"7":2,"8":25,"9":3,"10":2,"11":1,"12":1,"13":25,"14":1,"15":1,"16":25,"17":1,"18":1,"19":1},"f":{"0":25,"1":18,"2":3,"3":1,"4":1,"5":1,"6":1},"b":{"0":[2,16],"1":[2,14],"2":[2,1],"3":[25,19]},"_coverageSchema":"1a1c01bbd47fc00a2c39e90264f33305004495a9","hash":"7381bff573cfbf818ac5e3afc73ce565d42decb5"}
,"C:\\Kuliah\\Term_6\\PPL\\mobile-app\\app\\index.tsx": {"path":"C:\\Kuliah\\Term_6\\PPL\\mobile-app\\app\\index.tsx","statementMap":{"0":{"start":{"line":7,"column":20},"end":{"line":74,"column":1}},"1":{"start":{"line":8,"column":28},"end":{"line":8,"column":40}},"2":{"start":{"line":9,"column":34},"end":{"line":9,"column":46}},"3":{"start":{"line":11,"column":22},"end":{"line":34,"column":3}},"4":{"start":{"line":12,"column":4},"end":{"line":15,"column":5}},"5":{"start":{"line":13,"column":6},"end":{"line":13,"column":74}},"6":{"start":{"line":14,"column":6},"end":{"line":14,"column":13}},"7":{"start":{"line":17,"column":4},"end":{"line":20,"column":5}},"8":{"start":{"line":18,"column":6},"end":{"line":18,"column":70}},"9":{"start":{"line":19,"column":6},"end":{"line":19,"column":13}},"10":{"start":{"line":22,"column":4},"end":{"line":22,"column":23}},"11":{"start":{"line":23,"column":4},"end":{"line":23,"column":26}},"12":{"start":{"line":25,"column":4},"end":{"line":33,"column":5}},"13":{"start":{"line":26,"column":21},"end":{"line":26,"column":58}},"14":{"start":{"line":27,"column":6},"end":{"line":27,"column":53}},"15":{"start":{"line":29,"column":6},"end":{"line":29,"column":29}},"16":{"start":{"line":32,"column":6},"end":{"line":32,"column":50}},"17":{"start":{"line":36,"column":27},"end":{"line":46,"column":3}},"18":{"start":{"line":37,"column":4},"end":{"line":45,"column":5}},"19":{"start":{"line":38,"column":21},"end":{"line":38,"column":41}},"20":{"start":{"line":39,"column":6},"end":{"line":39,"column":53}},"21":{"start":{"line":41,"column":6},"end":{"line":41,"column":26}},"22":{"start":{"line":44,"column":6},"end":{"line":44,"column":63}},"23":{"start":{"line":48,"column":26},"end":{"line":58,"column":3}},"24":{"start":{"line":49,"column":4},"end":{"line":57,"column":5}},"25":{"start":{"line":50,"column":21},"end":{"line":50,"column":42}},"26":{"start":{"line":51,"column":6},"end":{"line":51,"column":52}},"27":{"start":{"line":53,"column":6},"end":{"line":53,"column":26}},"28":{"start":{"line":56,"column":6},"end":{"line":56,"column":62}},"29":{"start":{"line":60,"column":2},"end":{"line":73,"column":4}},"30":{"start":{"line":64,"column":32},"end":{"line":64,"column":62}},"31":{"start":{"line":65,"column":24},"end":{"line":65,"column":46}}},"fnMap":{"0":{"name":"(anonymous_0)","decl":{"start":{"line":7,"column":20},"end":{"line":7,"column":21}},"loc":{"start":{"line":7,"column":26},"end":{"line":74,"column":1}},"line":7},"1":{"name":"(anonymous_1)","decl":{"start":{"line":11,"column":22},"end":{"line":11,"column":23}},"loc":{"start":{"line":11,"column":34},"end":{"line":34,"column":3}},"line":11},"2":{"name":"(anonymous_2)","decl":{"start":{"line":36,"column":27},"end":{"line":36,"column":28}},"loc":{"start":{"line":36,"column":39},"end":{"line":46,"column":3}},"line":36},"3":{"name":"(anonymous_3)","decl":{"start":{"line":48,"column":26},"end":{"line":48,"column":27}},"loc":{"start":{"line":48,"column":38},"end":{"line":58,"column":3}},"line":48},"4":{"name":"(anonymous_4)","decl":{"start":{"line":64,"column":26},"end":{"line":64,"column":27}},"loc":{"start":{"line":64,"column":32},"end":{"line":64,"column":62}},"line":64},"5":{"name":"(anonymous_5)","decl":{"start":{"line":65,"column":18},"end":{"line":65,"column":19}},"loc":{"start":{"line":65,"column":24},"end":{"line":65,"column":46}},"line":65}},"branchMap":{"0":{"loc":{"start":{"line":12,"column":4},"end":{"line":15,"column":5}},"type":"if","locations":[{"start":{"line":12,"column":4},"end":{"line":15,"column":5}},{"start":{},"end":{}}],"line":12},"1":{"loc":{"start":{"line":17,"column":4},"end":{"line":20,"column":5}},"type":"if","locations":[{"start":{"line":17,"column":4},"end":{"line":20,"column":5}},{"start":{},"end":{}}],"line":17},"2":{"loc":{"start":{"line":17,"column":8},"end":{"line":17,"column":43}},"type":"binary-expr","locations":[{"start":{"line":17,"column":8},"end":{"line":17,"column":17}},{"start":{"line":17,"column":21},"end":{"line":17,"column":43}}],"line":17}},"s":{"0":1,"1":25,"2":25,"3":25,"4":6,"5":1,"6":1,"7":5,"8":2,"9":2,"10":3,"11":3,"12":3,"13":3,"14":2,"15":2,"16":3,"17":25,"18":2,"19":2,"20":1,"21":1,"22":1,"23":25,"24":2,"25":2,"26":1,"27":1,"28":1,"29":25,"30":1,"31":1},"f":{"0":25,"1":6,"2":2,"3":2,"4":1,"5":1},"b":{"0":[1,5],"1":[2,3],"2":[5,4]},"_coverageSchema":"1a1c01bbd47fc00a2c39e90264f33305004495a9","hash":"7a28ff2408ee1cafa89160af81eaabfb080e3bc3"}
,"C:\\Kuliah\\Term_6\\PPL\\mobile-app\\app\\feedScreen\\index.tsx": {"path":"C:\\Kuliah\\Term_6\\PPL\\mobile-app\\app\\feedScreen\\index.tsx","statementMap":{"0":{"start":{"line":39,"column":18},"end":{"line":39,"column":42}},"1":{"start":{"line":41,"column":22},"end":{"line":41,"column":24}},"2":{"start":{"line":43,"column":29},"end":{"line":250,"column":1}},"3":{"start":{"line":44,"column":28},"end":{"line":44,"column":48}},"4":{"start":{"line":45,"column":32},"end":{"line":45,"column":55}},"5":{"start":{"line":46,"column":38},"end":{"line":46,"column":62}},"6":{"start":{"line":47,"column":28},"end":{"line":47,"column":57}},"7":{"start":{"line":48,"column":36},"end":{"line":48,"column":80}},"8":{"start":{"line":50,"column":17},"end":{"line":50,"column":36}},"9":{"start":{"line":53,"column":21},"end":{"line":80,"column":8}},"10":{"start":{"line":54,"column":4},"end":{"line":79,"column":5}},"11":{"start":{"line":55,"column":6},"end":{"line":55,"column":23}},"12":{"start":{"line":56,"column":6},"end":{"line":56,"column":21}},"13":{"start":{"line":58,"column":23},"end":{"line":58,"column":62}},"14":{"start":{"line":60,"column":6},"end":{"line":62,"column":7}},"15":{"start":{"line":61,"column":8},"end":{"line":61,"column":58}},"16":{"start":{"line":64,"column":19},"end":{"line":64,"column":40}},"17":{"start":{"line":65,"column":6},"end":{"line":65,"column":42}},"18":{"start":{"line":68,"column":26},"end":{"line":70,"column":7}},"19":{"start":{"line":69,"column":8},"end":{"line":69,"column":73}},"20":{"start":{"line":72,"column":6},"end":{"line":72,"column":28}},"21":{"start":{"line":74,"column":6},"end":{"line":74,"column":52}},"22":{"start":{"line":75,"column":6},"end":{"line":75,"column":85}},"23":{"start":{"line":77,"column":6},"end":{"line":77,"column":24}},"24":{"start":{"line":78,"column":6},"end":{"line":78,"column":27}},"25":{"start":{"line":83,"column":2},"end":{"line":85,"column":19}},"26":{"start":{"line":84,"column":4},"end":{"line":84,"column":17}},"27":{"start":{"line":88,"column":20},"end":{"line":91,"column":18}},"28":{"start":{"line":89,"column":4},"end":{"line":89,"column":24}},"29":{"start":{"line":90,"column":4},"end":{"line":90,"column":17}},"30":{"start":{"line":94,"column":21},"end":{"line":100,"column":3}},"31":{"start":{"line":95,"column":17},"end":{"line":95,"column":37}},"32":{"start":{"line":96,"column":4},"end":{"line":99,"column":7}},"33":{"start":{"line":103,"column":22},"end":{"line":108,"column":3}},"34":{"start":{"line":104,"column":4},"end":{"line":106,"column":5}},"35":{"start":{"line":105,"column":6},"end":{"line":105,"column":22}},"36":{"start":{"line":107,"column":4},"end":{"line":107,"column":23}},"37":{"start":{"line":111,"column":20},"end":{"line":113,"column":3}},"38":{"start":{"line":112,"column":4},"end":{"line":112,"column":72}},"39":{"start":{"line":116,"column":26},"end":{"line":118,"column":3}},"40":{"start":{"line":117,"column":4},"end":{"line":117,"column":37}},"41":{"start":{"line":121,"column":25},"end":{"line":148,"column":3}},"42":{"start":{"line":122,"column":4},"end":{"line":147,"column":6}},"43":{"start":{"line":150,"column":2},"end":{"line":249,"column":4}},"44":{"start":{"line":178,"column":27},"end":{"line":178,"column":51}},"45":{"start":{"line":188,"column":27},"end":{"line":188,"column":50}},"46":{"start":{"line":202,"column":8},"end":{"line":246,"column":9}},"47":{"start":{"line":203,"column":10},"end":{"line":208,"column":12}},"48":{"start":{"line":209,"column":15},"end":{"line":246,"column":9}},"49":{"start":{"line":210,"column":10},"end":{"line":220,"column":12}},"50":{"start":{"line":222,"column":10},"end":{"line":245,"column":12}},"51":{"start":{"line":225,"column":38},"end":{"line":225,"column":45}},"52":{"start":{"line":252,"column":15},"end":{"line":389,"column":2}}},"fnMap":{"0":{"name":"(anonymous_0)","decl":{"start":{"line":43,"column":29},"end":{"line":43,"column":30}},"loc":{"start":{"line":43,"column":35},"end":{"line":250,"column":1}},"line":43},"1":{"name":"(anonymous_1)","decl":{"start":{"line":53,"column":33},"end":{"line":53,"column":34}},"loc":{"start":{"line":53,"column":45},"end":{"line":80,"column":3}},"line":53},"2":{"name":"(anonymous_2)","decl":{"start":{"line":68,"column":41},"end":{"line":68,"column":42}},"loc":{"start":{"line":69,"column":8},"end":{"line":69,"column":73}},"line":69},"3":{"name":"(anonymous_3)","decl":{"start":{"line":83,"column":12},"end":{"line":83,"column":13}},"loc":{"start":{"line":83,"column":18},"end":{"line":85,"column":3}},"line":83},"4":{"name":"(anonymous_4)","decl":{"start":{"line":88,"column":32},"end":{"line":88,"column":33}},"loc":{"start":{"line":88,"column":38},"end":{"line":91,"column":3}},"line":88},"5":{"name":"(anonymous_5)","decl":{"start":{"line":94,"column":21},"end":{"line":94,"column":22}},"loc":{"start":{"line":94,"column":53},"end":{"line":100,"column":3}},"line":94},"6":{"name":"(anonymous_6)","decl":{"start":{"line":103,"column":22},"end":{"line":103,"column":23}},"loc":{"start":{"line":103,"column":59},"end":{"line":108,"column":3}},"line":103},"7":{"name":"(anonymous_7)","decl":{"start":{"line":111,"column":20},"end":{"line":111,"column":21}},"loc":{"start":{"line":111,"column":57},"end":{"line":113,"column":3}},"line":111},"8":{"name":"(anonymous_8)","decl":{"start":{"line":116,"column":26},"end":{"line":116,"column":27}},"loc":{"start":{"line":116,"column":60},"end":{"line":118,"column":3}},"line":116},"9":{"name":"(anonymous_9)","decl":{"start":{"line":121,"column":25},"end":{"line":121,"column":26}},"loc":{"start":{"line":121,"column":55},"end":{"line":148,"column":3}},"line":121},"10":{"name":"(anonymous_10)","decl":{"start":{"line":178,"column":21},"end":{"line":178,"column":22}},"loc":{"start":{"line":178,"column":27},"end":{"line":178,"column":51}},"line":178},"11":{"name":"(anonymous_11)","decl":{"start":{"line":188,"column":21},"end":{"line":188,"column":22}},"loc":{"start":{"line":188,"column":27},"end":{"line":188,"column":50}},"line":188},"12":{"name":"(anonymous_12)","decl":{"start":{"line":201,"column":8},"end":{"line":201,"column":9}},"loc":{"start":{"line":201,"column":14},"end":{"line":247,"column":7}},"line":201},"13":{"name":"(anonymous_13)","decl":{"start":{"line":225,"column":28},"end":{"line":225,"column":29}},"loc":{"start":{"line":225,"column":38},"end":{"line":225,"column":45}},"line":225}},"branchMap":{"0":{"loc":{"start":{"line":60,"column":6},"end":{"line":62,"column":7}},"type":"if","locations":[{"start":{"line":60,"column":6},"end":{"line":62,"column":7}},{"start":{},"end":{}}],"line":60},"1":{"loc":{"start":{"line":104,"column":4},"end":{"line":106,"column":5}},"type":"if","locations":[{"start":{"line":104,"column":4},"end":{"line":106,"column":5}},{"start":{},"end":{}}],"line":104},"2":{"loc":{"start":{"line":142,"column":20},"end":{"line":142,"column":70}},"type":"binary-expr","locations":[{"start":{"line":142,"column":20},"end":{"line":142,"column":33}},{"start":{"line":142,"column":37},"end":{"line":142,"column":70}}],"line":142},"3":{"loc":{"start":{"line":177,"column":32},"end":{"line":177,"column":76}},"type":"binary-expr","locations":[{"start":{"line":177,"column":32},"end":{"line":177,"column":56}},{"start":{"line":177,"column":60},"end":{"line":177,"column":76}}],"line":177},"4":{"loc":{"start":{"line":180,"column":42},"end":{"line":180,"column":90}},"type":"binary-expr","locations":[{"start":{"line":180,"column":42},"end":{"line":180,"column":66}},{"start":{"line":180,"column":70},"end":{"line":180,"column":90}}],"line":180},"5":{"loc":{"start":{"line":183,"column":13},"end":{"line":183,"column":83}},"type":"binary-expr","locations":[{"start":{"line":183,"column":13},"end":{"line":183,"column":37}},{"start":{"line":183,"column":41},"end":{"line":183,"column":83}}],"line":183},"6":{"loc":{"start":{"line":187,"column":32},"end":{"line":187,"column":75}},"type":"binary-expr","locations":[{"start":{"line":187,"column":32},"end":{"line":187,"column":55}},{"start":{"line":187,"column":59},"end":{"line":187,"column":75}}],"line":187},"7":{"loc":{"start":{"line":190,"column":42},"end":{"line":190,"column":89}},"type":"binary-expr","locations":[{"start":{"line":190,"column":42},"end":{"line":190,"column":65}},{"start":{"line":190,"column":69},"end":{"line":190,"column":89}}],"line":190},"8":{"loc":{"start":{"line":193,"column":13},"end":{"line":193,"column":82}},"type":"binary-expr","locations":[{"start":{"line":193,"column":13},"end":{"line":193,"column":36}},{"start":{"line":193,"column":40},"end":{"line":193,"column":82}}],"line":193},"9":{"loc":{"start":{"line":202,"column":8},"end":{"line":246,"column":9}},"type":"if","locations":[{"start":{"line":202,"column":8},"end":{"line":246,"column":9}},{"start":{"line":209,"column":15},"end":{"line":246,"column":9}}],"line":202},"10":{"loc":{"start":{"line":202,"column":12},"end":{"line":202,"column":41}},"type":"binary-expr","locations":[{"start":{"line":202,"column":12},"end":{"line":202,"column":19}},{"start":{"line":202,"column":23},"end":{"line":202,"column":41}}],"line":202},"11":{"loc":{"start":{"line":209,"column":15},"end":{"line":246,"column":9}},"type":"if","locations":[{"start":{"line":209,"column":15},"end":{"line":246,"column":9}},{"start":{"line":221,"column":15},"end":{"line":246,"column":9}}],"line":209},"12":{"loc":{"start":{"line":209,"column":19},"end":{"line":209,"column":46}},"type":"binary-expr","locations":[{"start":{"line":209,"column":19},"end":{"line":209,"column":24}},{"start":{"line":209,"column":28},"end":{"line":209,"column":46}}],"line":209}},"s":{"0":1,"1":1,"2":1,"3":24,"4":24,"5":24,"6":24,"7":24,"8":24,"9":24,"10":13,"11":13,"12":13,"13":13,"14":11,"15":2,"16":9,"17":9,"18":9,"19":11,"20":9,"21":3,"22":3,"23":12,"24":12,"25":24,"26":11,"27":24,"28":1,"29":1,"30":24,"31":19,"32":19,"33":24,"34":38,"35":22,"36":16,"37":24,"38":19,"39":24,"40":19,"41":24,"42":19,"43":24,"44":1,"45":1,"46":24,"47":11,"48":13,"49":3,"50":10,"51":26,"52":1},"f":{"0":24,"1":13,"2":11,"3":11,"4":1,"5":19,"6":38,"7":19,"8":19,"9":19,"10":1,"11":1,"12":24,"13":26},"b":{"0":[2,9],"1":[22,16],"2":[19,11],"3":[24,23],"4":[24,23],"5":[24,23],"6":[24,1],"7":[24,1],"8":[24,1],"9":[11,13],"10":[24,11],"11":[3,10],"12":[13,3]},"_coverageSchema":"1a1c01bbd47fc00a2c39e90264f33305004495a9","hash":"af1fd8d40dd045b7efd967f7b7d5055e1b5650ae"}
,"C:\\Kuliah\\Term_6\\PPL\\mobile-app\\app\\forgotPassword\\index.tsx": {"path":"C:\\Kuliah\\Term_6\\PPL\\mobile-app\\app\\forgotPassword\\index.tsx","statementMap":{"0":{"start":{"line":6,"column":29},"end":{"line":31,"column":1}},"1":{"start":{"line":7,"column":28},"end":{"line":7,"column":40}},"2":{"start":{"line":9,"column":23},"end":{"line":12,"column":3}},"3":{"start":{"line":10,"column":23},"end":{"line":10,"column":51}},"4":{"start":{"line":11,"column":4},"end":{"line":11,"column":34}},"5":{"start":{"line":14,"column":20},"end":{"line":20,"column":3}},"6":{"start":{"line":15,"column":4},"end":{"line":18,"column":5}},"7":{"start":{"line":16,"column":6},"end":{"line":16,"column":43}},"8":{"start":{"line":17,"column":6},"end":{"line":17,"column":13}},"9":{"start":{"line":19,"column":4},"end":{"line":19,"column":56}},"10":{"start":{"line":22,"column":2},"end":{"line":30,"column":4}}},"fnMap":{"0":{"name":"(anonymous_0)","decl":{"start":{"line":6,"column":29},"end":{"line":6,"column":30}},"loc":{"start":{"line":6,"column":35},"end":{"line":31,"column":1}},"line":6},"1":{"name":"(anonymous_1)","decl":{"start":{"line":9,"column":23},"end":{"line":9,"column":24}},"loc":{"start":{"line":9,"column":51},"end":{"line":12,"column":3}},"line":9},"2":{"name":"(anonymous_2)","decl":{"start":{"line":14,"column":20},"end":{"line":14,"column":21}},"loc":{"start":{"line":14,"column":26},"end":{"line":20,"column":3}},"line":14}},"branchMap":{"0":{"loc":{"start":{"line":15,"column":4},"end":{"line":18,"column":5}},"type":"if","locations":[{"start":{"line":15,"column":4},"end":{"line":18,"column":5}},{"start":{},"end":{}}],"line":15}},"s":{"0":1,"1":5,"2":5,"3":2,"4":2,"5":5,"6":2,"7":1,"8":1,"9":1,"10":5},"f":{"0":5,"1":2,"2":2},"b":{"0":[1,1]},"_coverageSchema":"1a1c01bbd47fc00a2c39e90264f33305004495a9","hash":"9262ba6311d8681638b7433ec7bbaaa04b32c96d"}
,"C:\\Kuliah\\Term_6\\PPL\\mobile-app\\app\\forgotPassword\\newPasswordScreen.tsx": {"path":"C:\\Kuliah\\Term_6\\PPL\\mobile-app\\app\\forgotPassword\\newPasswordScreen.tsx","statementMap":{"0":{"start":{"line":7,"column":36},"end":{"line":48,"column":1}},"1":{"start":{"line":8,"column":40},"end":{"line":8,"column":52}},"2":{"start":{"line":9,"column":48},"end":{"line":9,"column":60}},"3":{"start":{"line":11,"column":23},"end":{"line":18,"column":3}},"4":{"start":{"line":12,"column":4},"end":{"line":17,"column":5}},"5":{"start":{"line":13,"column":6},"end":{"line":13,"column":52}},"6":{"start":{"line":14,"column":6},"end":{"line":14,"column":22}},"7":{"start":{"line":16,"column":6},"end":{"line":16,"column":45}},"8":{"start":{"line":20,"column":2},"end":{"line":47,"column":4}},"9":{"start":{"line":50,"column":15},"end":{"line":75,"column":2}}},"fnMap":{"0":{"name":"(anonymous_0)","decl":{"start":{"line":7,"column":36},"end":{"line":7,"column":37}},"loc":{"start":{"line":7,"column":42},"end":{"line":48,"column":1}},"line":7},"1":{"name":"(anonymous_1)","decl":{"start":{"line":11,"column":23},"end":{"line":11,"column":24}},"loc":{"start":{"line":11,"column":29},"end":{"line":18,"column":3}},"line":11}},"branchMap":{"0":{"loc":{"start":{"line":12,"column":4},"end":{"line":17,"column":5}},"type":"if","locations":[{"start":{"line":12,"column":4},"end":{"line":17,"column":5}},{"start":{"line":15,"column":11},"end":{"line":17,"column":5}}],"line":12}},"s":{"0":1,"1":7,"2":7,"3":7,"4":2,"5":1,"6":1,"7":1,"8":7,"9":1},"f":{"0":7,"1":2},"b":{"0":[1,1]},"_coverageSchema":"1a1c01bbd47fc00a2c39e90264f33305004495a9","hash":"b88dff3fa99f23b1545fd2c67e23e5735ca44ed1"}
,"C:\\Kuliah\\Term_6\\PPL\\mobile-app\\app\\forgotPassword\\otpVerificationScreen.tsx": {"path":"C:\\Kuliah\\Term_6\\PPL\\mobile-app\\app\\forgotPassword\\otpVerificationScreen.tsx","statementMap":{"0":{"start":{"line":5,"column":30},"end":{"line":19,"column":1}},"1":{"start":{"line":6,"column":23},"end":{"line":9,"column":3}},"2":{"start":{"line":7,"column":4},"end":{"line":7,"column":54}},"3":{"start":{"line":8,"column":4},"end":{"line":8,"column":52}},"4":{"start":{"line":11,"column":2},"end":{"line":18,"column":4}},"5":{"start":{"line":15,"column":24},"end":{"line":15,"column":54}},"6":{"start":{"line":21,"column":15},"end":{"line":31,"column":2}}},"fnMap":{"0":{"name":"(anonymous_0)","decl":{"start":{"line":5,"column":30},"end":{"line":5,"column":31}},"loc":{"start":{"line":5,"column":36},"end":{"line":19,"column":1}},"line":5},"1":{"name":"(anonymous_1)","decl":{"start":{"line":6,"column":23},"end":{"line":6,"column":24}},"loc":{"start":{"line":6,"column":40},"end":{"line":9,"column":3}},"line":6},"2":{"name":"(anonymous_2)","decl":{"start":{"line":15,"column":18},"end":{"line":15,"column":19}},"loc":{"start":{"line":15,"column":24},"end":{"line":15,"column":54}},"line":15}},"branchMap":{},"s":{"0":1,"1":7,"2":3,"3":3,"4":7,"5":1,"6":1},"f":{"0":7,"1":3,"2":1},"b":{},"_coverageSchema":"1a1c01bbd47fc00a2c39e90264f33305004495a9","hash":"433acd166b01b8ada0687ed2bd0991e5cad0b298"}
,"C:\\Kuliah\\Term_6\\PPL\\mobile-app\\app\\post\\index.tsx": {"path":"C:\\Kuliah\\Term_6\\PPL\\mobile-app\\app\\post\\index.tsx","statementMap":{"0":{"start":{"line":19,"column":32},"end":{"line":30,"column":1}},"1":{"start":{"line":20,"column":21},"end":{"line":20,"column":35}},"2":{"start":{"line":21,"column":21},"end":{"line":21,"column":35}},"3":{"start":{"line":22,"column":18},"end":{"line":22,"column":37}},"4":{"start":{"line":25,"column":4},"end":{"line":27,"column":5}},"5":{"start":{"line":26,"column":8},"end":{"line":26,"column":39}},"6":{"start":{"line":29,"column":4},"end":{"line":29,"column":18}},"7":{"start":{"line":32,"column":17},"end":{"line":307,"column":1}},"8":{"start":{"line":33,"column":36},"end":{"line":33,"column":98}},"9":{"start":{"line":34,"column":30},"end":{"line":34,"column":50}},"10":{"start":{"line":35,"column":42},"end":{"line":35,"column":62}},"11":{"start":{"line":36,"column":42},"end":{"line":36,"column":71}},"12":{"start":{"line":37,"column":36},"end":{"line":37,"column":65}},"13":{"start":{"line":38,"column":42},"end":{"line":38,"column":66}},"14":{"start":{"line":40,"column":4},"end":{"line":54,"column":11}},"15":{"start":{"line":41,"column":8},"end":{"line":53,"column":13}},"16":{"start":{"line":42,"column":29},"end":{"line":42,"column":79}},"17":{"start":{"line":43,"column":12},"end":{"line":46,"column":13}},"18":{"start":{"line":44,"column":16},"end":{"line":44,"column":72}},"19":{"start":{"line":45,"column":16},"end":{"line":45,"column":23}},"20":{"start":{"line":48,"column":22},"end":{"line":48,"column":64}},"21":{"start":{"line":49,"column":12},"end":{"line":52,"column":15}},"22":{"start":{"line":56,"column":24},"end":{"line":58,"column":5}},"23":{"start":{"line":57,"column":8},"end":{"line":57,"column":31}},"24":{"start":{"line":60,"column":28},"end":{"line":74,"column":5}},"25":{"start":{"line":61,"column":8},"end":{"line":73,"column":11}},"26":{"start":{"line":62,"column":12},"end":{"line":72,"column":13}},"27":{"start":{"line":63,"column":16},"end":{"line":63,"column":59}},"28":{"start":{"line":64,"column":19},"end":{"line":72,"column":13}},"29":{"start":{"line":65,"column":16},"end":{"line":65,"column":74}},"30":{"start":{"line":67,"column":28},"end":{"line":67,"column":53}},"31":{"start":{"line":68,"column":16},"end":{"line":71,"column":17}},"32":{"start":{"line":69,"column":20},"end":{"line":69,"column":37}},"33":{"start":{"line":70,"column":20},"end":{"line":70,"column":60}},"34":{"start":{"line":77,"column":28},"end":{"line":100,"column":5}},"35":{"start":{"line":78,"column":8},"end":{"line":99,"column":9}},"36":{"start":{"line":79,"column":29},"end":{"line":87,"column":14}},"37":{"start":{"line":89,"column":12},"end":{"line":91,"column":13}},"38":{"start":{"line":90,"column":16},"end":{"line":90,"column":106}},"39":{"start":{"line":93,"column":25},"end":{"line":93,"column":46}},"40":{"start":{"line":94,"column":12},"end":{"line":94,"column":61}},"41":{"start":{"line":95,"column":12},"end":{"line":95,"column":28}},"42":{"start":{"line":97,"column":12},"end":{"line":97,"column":65}},"43":{"start":{"line":98,"column":12},"end":{"line":98,"column":24}},"44":{"start":{"line":103,"column":28},"end":{"line":146,"column":5}},"45":{"start":{"line":105,"column":8},"end":{"line":105,"column":29}},"46":{"start":{"line":107,"column":8},"end":{"line":145,"column":9}},"47":{"start":{"line":109,"column":28},"end":{"line":109,"column":54}},"48":{"start":{"line":110,"column":29},"end":{"line":110,"column":65}},"49":{"start":{"line":113,"column":33},"end":{"line":113,"column":64}},"50":{"start":{"line":114,"column":12},"end":{"line":116,"column":13}},"51":{"start":{"line":115,"column":16},"end":{"line":115,"column":63}},"52":{"start":{"line":119,"column":29},"end":{"line":119,"column":50}},"53":{"start":{"line":120,"column":25},"end":{"line":120,"column":46}},"54":{"start":{"line":122,"column":35},"end":{"line":128,"column":14}},"55":{"start":{"line":130,"column":12},"end":{"line":132,"column":13}},"56":{"start":{"line":131,"column":16},"end":{"line":131,"column":104}},"57":{"start":{"line":135,"column":26},"end":{"line":135,"column":52}},"58":{"start":{"line":136,"column":12},"end":{"line":136,"column":53}},"59":{"start":{"line":138,"column":12},"end":{"line":138,"column":25}},"60":{"start":{"line":140,"column":12},"end":{"line":140,"column":59}},"61":{"start":{"line":141,"column":12},"end":{"line":141,"column":85}},"62":{"start":{"line":142,"column":12},"end":{"line":142,"column":24}},"63":{"start":{"line":144,"column":12},"end":{"line":144,"column":34}},"64":{"start":{"line":148,"column":25},"end":{"line":175,"column":5}},"65":{"start":{"line":149,"column":8},"end":{"line":152,"column":9}},"66":{"start":{"line":150,"column":12},"end":{"line":150,"column":86}},"67":{"start":{"line":151,"column":12},"end":{"line":151,"column":19}},"68":{"start":{"line":154,"column":8},"end":{"line":157,"column":9}},"69":{"start":{"line":155,"column":12},"end":{"line":155,"column":71}},"70":{"start":{"line":156,"column":12},"end":{"line":156,"column":19}},"71":{"start":{"line":160,"column":31},"end":{"line":160,"column":35}},"72":{"start":{"line":161,"column":8},"end":{"line":171,"column":9}},"73":{"start":{"line":162,"column":12},"end":{"line":162,"column":63}},"74":{"start":{"line":163,"column":12},"end":{"line":170,"column":13}},"75":{"start":{"line":165,"column":16},"end":{"line":168,"column":19}},"76":{"start":{"line":167,"column":55},"end":{"line":167,"column":71}},"77":{"start":{"line":169,"column":16},"end":{"line":169,"column":23}},"78":{"start":{"line":174,"column":8},"end":{"line":174,"column":37}},"79":{"start":{"line":177,"column":23},"end":{"line":217,"column":5}},"80":{"start":{"line":179,"column":25},"end":{"line":188,"column":9}},"81":{"start":{"line":190,"column":8},"end":{"line":190,"column":55}},"82":{"start":{"line":193,"column":8},"end":{"line":216,"column":15}},"83":{"start":{"line":201,"column":16},"end":{"line":201,"column":58}},"84":{"start":{"line":202,"column":16},"end":{"line":204,"column":17}},"85":{"start":{"line":203,"column":20},"end":{"line":203,"column":80}},"86":{"start":{"line":205,"column":16},"end":{"line":205,"column":39}},"87":{"start":{"line":208,"column":16},"end":{"line":208,"column":64}},"88":{"start":{"line":209,"column":16},"end":{"line":211,"column":19}},"89":{"start":{"line":214,"column":16},"end":{"line":214,"column":61}},"90":{"start":{"line":215,"column":16},"end":{"line":215,"column":81}},"91":{"start":{"line":219,"column":4},"end":{"line":306,"column":6}},"92":{"start":{"line":295,"column":51},"end":{"line":295,"column":68}},"93":{"start":{"line":309,"column":15},"end":{"line":379,"column":2}}},"fnMap":{"0":{"name":"(anonymous_0)","decl":{"start":{"line":19,"column":32},"end":{"line":19,"column":33}},"loc":{"start":{"line":19,"column":57},"end":{"line":30,"column":1}},"line":19},"1":{"name":"(anonymous_1)","decl":{"start":{"line":32,"column":17},"end":{"line":32,"column":18}},"loc":{"start":{"line":32,"column":23},"end":{"line":307,"column":1}},"line":32},"2":{"name":"(anonymous_2)","decl":{"start":{"line":40,"column":14},"end":{"line":40,"column":15}},"loc":{"start":{"line":40,"column":20},"end":{"line":54,"column":5}},"line":40},"3":{"name":"(anonymous_3)","decl":{"start":{"line":41,"column":9},"end":{"line":41,"column":10}},"loc":{"start":{"line":41,"column":21},"end":{"line":53,"column":9}},"line":41},"4":{"name":"(anonymous_4)","decl":{"start":{"line":56,"column":24},"end":{"line":56,"column":25}},"loc":{"start":{"line":56,"column":30},"end":{"line":58,"column":5}},"line":56},"5":{"name":"(anonymous_5)","decl":{"start":{"line":60,"column":28},"end":{"line":60,"column":29}},"loc":{"start":{"line":60,"column":34},"end":{"line":74,"column":5}},"line":60},"6":{"name":"(anonymous_6)","decl":{"start":{"line":61,"column":63},"end":{"line":61,"column":64}},"loc":{"start":{"line":61,"column":77},"end":{"line":73,"column":9}},"line":61},"7":{"name":"(anonymous_7)","decl":{"start":{"line":77,"column":28},"end":{"line":77,"column":29}},"loc":{"start":{"line":77,"column":80},"end":{"line":100,"column":5}},"line":77},"8":{"name":"(anonymous_8)","decl":{"start":{"line":103,"column":28},"end":{"line":103,"column":29}},"loc":{"start":{"line":103,"column":80},"end":{"line":146,"column":5}},"line":103},"9":{"name":"(anonymous_9)","decl":{"start":{"line":148,"column":25},"end":{"line":148,"column":26}},"loc":{"start":{"line":148,"column":37},"end":{"line":175,"column":5}},"line":148},"10":{"name":"(anonymous_10)","decl":{"start":{"line":167,"column":49},"end":{"line":167,"column":50}},"loc":{"start":{"line":167,"column":55},"end":{"line":167,"column":71}},"line":167},"11":{"name":"(anonymous_11)","decl":{"start":{"line":177,"column":23},"end":{"line":177,"column":24}},"loc":{"start":{"line":177,"column":52},"end":{"line":217,"column":5}},"line":177},"12":{"name":"(anonymous_12)","decl":{"start":{"line":200,"column":18},"end":{"line":200,"column":19}},"loc":{"start":{"line":200,"column":30},"end":{"line":206,"column":13}},"line":200},"13":{"name":"(anonymous_13)","decl":{"start":{"line":207,"column":18},"end":{"line":207,"column":19}},"loc":{"start":{"line":207,"column":26},"end":{"line":212,"column":13}},"line":207},"14":{"name":"(anonymous_14)","decl":{"start":{"line":213,"column":19},"end":{"line":213,"column":20}},"loc":{"start":{"line":213,"column":30},"end":{"line":216,"column":13}},"line":213},"15":{"name":"(anonymous_15)","decl":{"start":{"line":295,"column":45},"end":{"line":295,"column":46}},"loc":{"start":{"line":295,"column":51},"end":{"line":295,"column":68}},"line":295}},"branchMap":{"0":{"loc":{"start":{"line":25,"column":4},"end":{"line":27,"column":5}},"type":"if","locations":[{"start":{"line":25,"column":4},"end":{"line":27,"column":5}},{"start":{},"end":{}}],"line":25},"1":{"loc":{"start":{"line":43,"column":12},"end":{"line":46,"column":13}},"type":"if","locations":[{"start":{"line":43,"column":12},"end":{"line":46,"column":13}},{"start":{},"end":{}}],"line":43},"2":{"loc":{"start":{"line":62,"column":12},"end":{"line":72,"column":13}},"type":"if","locations":[{"start":{"line":62,"column":12},"end":{"line":72,"column":13}},{"start":{"line":64,"column":19},"end":{"line":72,"column":13}}],"line":62},"3":{"loc":{"start":{"line":64,"column":19},"end":{"line":72,"column":13}},"type":"if","locations":[{"start":{"line":64,"column":19},"end":{"line":72,"column":13}},{"start":{"line":66,"column":19},"end":{"line":72,"column":13}}],"line":64},"4":{"loc":{"start":{"line":68,"column":16},"end":{"line":71,"column":17}},"type":"if","locations":[{"start":{"line":68,"column":16},"end":{"line":71,"column":17}},{"start":{},"end":{}}],"line":68},"5":{"loc":{"start":{"line":89,"column":12},"end":{"line":91,"column":13}},"type":"if","locations":[{"start":{"line":89,"column":12},"end":{"line":91,"column":13}},{"start":{},"end":{}}],"line":89},"6":{"loc":{"start":{"line":110,"column":29},"end":{"line":110,"column":65}},"type":"cond-expr","locations":[{"start":{"line":110,"column":49},"end":{"line":110,"column":55}},{"start":{"line":110,"column":58},"end":{"line":110,"column":65}}],"line":110},"7":{"loc":{"start":{"line":114,"column":12},"end":{"line":116,"column":13}},"type":"if","locations":[{"start":{"line":114,"column":12},"end":{"line":116,"column":13}},{"start":{},"end":{}}],"line":114},"8":{"loc":{"start":{"line":130,"column":12},"end":{"line":132,"column":13}},"type":"if","locations":[{"start":{"line":130,"column":12},"end":{"line":132,"column":13}},{"start":{},"end":{}}],"line":130},"9":{"loc":{"start":{"line":149,"column":8},"end":{"line":152,"column":9}},"type":"if","locations":[{"start":{"line":149,"column":8},"end":{"line":152,"column":9}},{"start":{},"end":{}}],"line":149},"10":{"loc":{"start":{"line":154,"column":8},"end":{"line":157,"column":9}},"type":"if","locations":[{"start":{"line":154,"column":8},"end":{"line":157,"column":9}},{"start":{},"end":{}}],"line":154},"11":{"loc":{"start":{"line":161,"column":8},"end":{"line":171,"column":9}},"type":"if","locations":[{"start":{"line":161,"column":8},"end":{"line":171,"column":9}},{"start":{},"end":{}}],"line":161},"12":{"loc":{"start":{"line":163,"column":12},"end":{"line":170,"column":13}},"type":"if","locations":[{"start":{"line":163,"column":12},"end":{"line":170,"column":13}},{"start":{},"end":{}}],"line":163},"13":{"loc":{"start":{"line":163,"column":16},"end":{"line":163,"column":45}},"type":"binary-expr","locations":[{"start":{"line":163,"column":16},"end":{"line":163,"column":33}},{"start":{"line":163,"column":37},"end":{"line":163,"column":45}}],"line":163},"14":{"loc":{"start":{"line":182,"column":22},"end":{"line":182,"column":45}},"type":"binary-expr","locations":[{"start":{"line":182,"column":22},"end":{"line":182,"column":40}},{"start":{"line":182,"column":44},"end":{"line":182,"column":45}}],"line":182},"15":{"loc":{"start":{"line":183,"column":23},"end":{"line":183,"column":47}},"type":"binary-expr","locations":[{"start":{"line":183,"column":23},"end":{"line":183,"column":42}},{"start":{"line":183,"column":46},"end":{"line":183,"column":47}}],"line":183},"16":{"loc":{"start":{"line":202,"column":16},"end":{"line":204,"column":17}},"type":"if","locations":[{"start":{"line":202,"column":16},"end":{"line":204,"column":17}},{"start":{},"end":{}}],"line":202},"17":{"loc":{"start":{"line":230,"column":25},"end":{"line":230,"column":62}},"type":"cond-expr","locations":[{"start":{"line":230,"column":39},"end":{"line":230,"column":53}},{"start":{"line":230,"column":56},"end":{"line":230,"column":62}}],"line":230},"18":{"loc":{"start":{"line":238,"column":85},"end":{"line":238,"column":120}},"type":"binary-expr","locations":[{"start":{"line":238,"column":85},"end":{"line":238,"column":103}},{"start":{"line":238,"column":107},"end":{"line":238,"column":120}}],"line":238},"19":{"loc":{"start":{"line":239,"column":87},"end":{"line":239,"column":123}},"type":"binary-expr","locations":[{"start":{"line":239,"column":87},"end":{"line":239,"column":106}},{"start":{"line":239,"column":110},"end":{"line":239,"column":123}}],"line":239},"20":{"loc":{"start":{"line":282,"column":29},"end":{"line":282,"column":74}},"type":"cond-expr","locations":[{"start":{"line":282,"column":43},"end":{"line":282,"column":57}},{"start":{"line":282,"column":60},"end":{"line":282,"column":74}}],"line":282},"21":{"loc":{"start":{"line":285,"column":21},"end":{"line":302,"column":21}},"type":"binary-expr","locations":[{"start":{"line":285,"column":21},"end":{"line":285,"column":29}},{"start":{"line":286,"column":24},"end":{"line":301,"column":31}}],"line":285},"22":{"loc":{"start":{"line":292,"column":29},"end":{"line":300,"column":29}},"type":"binary-expr","locations":[{"start":{"line":292,"column":29},"end":{"line":292,"column":41}},{"start":{"line":293,"column":32},"end":{"line":299,"column":51}}],"line":292}},"s":{"0":1,"1":27,"2":27,"3":27,"4":27,"5":21,"6":6,"7":1,"8":123,"9":122,"10":122,"11":122,"12":122,"13":122,"14":122,"15":27,"16":27,"17":27,"18":1,"19":1,"20":26,"21":26,"22":122,"23":6,"24":122,"25":20,"26":20,"27":2,"28":18,"29":1,"30":17,"31":17,"32":16,"33":16,"34":122,"35":14,"36":14,"37":13,"38":2,"39":11,"40":10,"41":10,"42":4,"43":4,"44":122,"45":14,"46":14,"47":14,"48":14,"49":14,"50":14,"51":5,"52":9,"53":8,"54":2,"55":2,"56":1,"57":1,"58":1,"59":1,"60":13,"61":13,"62":13,"63":14,"64":122,"65":20,"66":1,"67":1,"68":19,"69":1,"70":1,"71":18,"72":18,"73":14,"74":14,"75":13,"76":13,"77":13,"78":5,"79":122,"80":18,"81":18,"82":18,"83":17,"84":17,"85":1,"86":16,"87":16,"88":16,"89":2,"90":2,"91":122,"92":1,"93":1},"f":{"0":27,"1":123,"2":27,"3":27,"4":6,"5":20,"6":20,"7":14,"8":14,"9":20,"10":13,"11":18,"12":17,"13":16,"14":2,"15":1},"b":{"0":[21,6],"1":[1,26],"2":[2,18],"3":[1,17],"4":[16,1],"5":[2,11],"6":[13,1],"7":[5,9],"8":[1,1],"9":[1,19],"10":[1,18],"11":[14,4],"12":[13,1],"13":[14,13],"14":[18,15],"15":[18,15],"16":[1,16],"17":[14,108],"18":[122,86],"19":[122,86],"20":[14,108],"21":[122,73],"22":[73,59]},"_coverageSchema":"1a1c01bbd47fc00a2c39e90264f33305004495a9","hash":"1d778e310d4b28fc782914ecdc2f1df5adfdfd9c"}
,"C:\\Kuliah\\Term_6\\PPL\\mobile-app\\app\\signUp\\index.tsx": {"path":"C:\\Kuliah\\Term_6\\PPL\\mobile-app\\app\\signUp\\index.tsx","statementMap":{"0":{"start":{"line":6,"column":22},"end":{"line":8,"column":3}},"1":{"start":{"line":7,"column":4},"end":{"line":7,"column":21}},"2":{"start":{"line":10,"column":23},"end":{"line":38,"column":3}},"3":{"start":{"line":16,"column":4},"end":{"line":37,"column":5}},"4":{"start":{"line":18,"column":33},"end":{"line":18,"column":64}},"5":{"start":{"line":19,"column":6},"end":{"line":21,"column":7}},"6":{"start":{"line":20,"column":8},"end":{"line":20,"column":56}},"7":{"start":{"line":22,"column":33},"end":{"line":22,"column":58}},"8":{"start":{"line":24,"column":21},"end":{"line":29,"column":7}},"9":{"start":{"line":31,"column":6},"end":{"line":31,"column":26}},"10":{"start":{"line":33,"column":6},"end":{"line":33,"column":77}},"11":{"start":{"line":36,"column":6},"end":{"line":36,"column":46}},"12":{"start":{"line":40,"column":27},"end":{"line":51,"column":3}},"13":{"start":{"line":41,"column":4},"end":{"line":50,"column":5}},"14":{"start":{"line":42,"column":21},"end":{"line":42,"column":41}},"15":{"start":{"line":43,"column":6},"end":{"line":43,"column":26}},"16":{"start":{"line":44,"column":6},"end":{"line":44,"column":44}},"17":{"start":{"line":46,"column":6},"end":{"line":46,"column":26}},"18":{"start":{"line":48,"column":6},"end":{"line":48,"column":50}},"19":{"start":{"line":53,"column":26},"end":{"line":64,"column":3}},"20":{"start":{"line":54,"column":4},"end":{"line":63,"column":5}},"21":{"start":{"line":55,"column":21},"end":{"line":55,"column":42}},"22":{"start":{"line":56,"column":6},"end":{"line":56,"column":26}},"23":{"start":{"line":57,"column":6},"end":{"line":57,"column":43}},"24":{"start":{"line":59,"column":6},"end":{"line":59,"column":26}},"25":{"start":{"line":61,"column":6},"end":{"line":61,"column":49}},"26":{"start":{"line":66,"column":2},"end":{"line":74,"column":4}}},"fnMap":{"0":{"name":"SignUpScreen","decl":{"start":{"line":5,"column":24},"end":{"line":5,"column":36}},"loc":{"start":{"line":5,"column":39},"end":{"line":75,"column":1}},"line":5},"1":{"name":"(anonymous_1)","decl":{"start":{"line":6,"column":22},"end":{"line":6,"column":23}},"loc":{"start":{"line":6,"column":28},"end":{"line":8,"column":3}},"line":6},"2":{"name":"(anonymous_2)","decl":{"start":{"line":10,"column":23},"end":{"line":10,"column":24}},"loc":{"start":{"line":15,"column":8},"end":{"line":38,"column":3}},"line":15},"3":{"name":"(anonymous_3)","decl":{"start":{"line":40,"column":27},"end":{"line":40,"column":28}},"loc":{"start":{"line":40,"column":39},"end":{"line":51,"column":3}},"line":40},"4":{"name":"(anonymous_4)","decl":{"start":{"line":53,"column":26},"end":{"line":53,"column":27}},"loc":{"start":{"line":53,"column":38},"end":{"line":64,"column":3}},"line":53}},"branchMap":{"0":{"loc":{"start":{"line":19,"column":6},"end":{"line":21,"column":7}},"type":"if","locations":[{"start":{"line":19,"column":6},"end":{"line":21,"column":7}},{"start":{},"end":{}}],"line":19},"1":{"loc":{"start":{"line":19,"column":10},"end":{"line":19,"column":33}},"type":"binary-expr","locations":[{"start":{"line":19,"column":10},"end":{"line":19,"column":14}},{"start":{"line":19,"column":18},"end":{"line":19,"column":24}},{"start":{"line":19,"column":28},"end":{"line":19,"column":33}}],"line":19}},"s":{"0":9,"1":1,"2":9,"3":3,"4":3,"5":3,"6":1,"7":2,"8":2,"9":1,"10":1,"11":2,"12":9,"13":2,"14":2,"15":1,"16":1,"17":1,"18":1,"19":9,"20":2,"21":2,"22":1,"23":1,"24":1,"25":1,"26":9},"f":{"0":9,"1":1,"2":3,"3":2,"4":2},"b":{"0":[1,2],"1":[3,3,2]},"_coverageSchema":"1a1c01bbd47fc00a2c39e90264f33305004495a9","hash":"63d50628bcb4c09e75cfa483a1503312ff80b621"}
,"C:\\Kuliah\\Term_6\\PPL\\mobile-app\\app\\signUp\\otp.tsx": {"path":"C:\\Kuliah\\Term_6\\PPL\\mobile-app\\app\\signUp\\otp.tsx","statementMap":{"0":{"start":{"line":7,"column":24},"end":{"line":49,"column":1}},"1":{"start":{"line":8,"column":23},"end":{"line":8,"column":40}},"2":{"start":{"line":9,"column":16},"end":{"line":9,"column":41}},"3":{"start":{"line":11,"column":23},"end":{"line":38,"column":3}},"4":{"start":{"line":12,"column":4},"end":{"line":37,"column":5}},"5":{"start":{"line":13,"column":6},"end":{"line":15,"column":7}},"6":{"start":{"line":14,"column":8},"end":{"line":14,"column":44}},"7":{"start":{"line":17,"column":21},"end":{"line":20,"column":7}},"8":{"start":{"line":22,"column":6},"end":{"line":25,"column":63}},"9":{"start":{"line":23,"column":8},"end":{"line":23,"column":40}},"10":{"start":{"line":25,"column":8},"end":{"line":25,"column":63}},"11":{"start":{"line":26,"column":6},"end":{"line":26,"column":33}},"12":{"start":{"line":28,"column":6},"end":{"line":28,"column":26}},"13":{"start":{"line":30,"column":6},"end":{"line":36,"column":7}},"14":{"start":{"line":31,"column":8},"end":{"line":31,"column":62}},"15":{"start":{"line":32,"column":8},"end":{"line":32,"column":48}},"16":{"start":{"line":34,"column":8},"end":{"line":34,"column":76}},"17":{"start":{"line":35,"column":8},"end":{"line":35,"column":48}},"18":{"start":{"line":40,"column":2},"end":{"line":48,"column":4}},"19":{"start":{"line":45,"column":24},"end":{"line":45,"column":54}},"20":{"start":{"line":51,"column":15},"end":{"line":61,"column":2}}},"fnMap":{"0":{"name":"(anonymous_0)","decl":{"start":{"line":7,"column":24},"end":{"line":7,"column":25}},"loc":{"start":{"line":7,"column":30},"end":{"line":49,"column":1}},"line":7},"1":{"name":"(anonymous_1)","decl":{"start":{"line":11,"column":23},"end":{"line":11,"column":24}},"loc":{"start":{"line":11,"column":46},"end":{"line":38,"column":3}},"line":11},"2":{"name":"(anonymous_2)","decl":{"start":{"line":45,"column":18},"end":{"line":45,"column":19}},"loc":{"start":{"line":45,"column":24},"end":{"line":45,"column":54}},"line":45}},"branchMap":{"0":{"loc":{"start":{"line":13,"column":6},"end":{"line":15,"column":7}},"type":"if","locations":[{"start":{"line":13,"column":6},"end":{"line":15,"column":7}},{"start":{},"end":{}}],"line":13},"1":{"loc":{"start":{"line":22,"column":6},"end":{"line":25,"column":63}},"type":"if","locations":[{"start":{"line":22,"column":6},"end":{"line":25,"column":63}},{"start":{"line":25,"column":8},"end":{"line":25,"column":63}}],"line":22},"2":{"loc":{"start":{"line":30,"column":6},"end":{"line":36,"column":7}},"type":"if","locations":[{"start":{"line":30,"column":6},"end":{"line":36,"column":7}},{"start":{"line":33,"column":13},"end":{"line":36,"column":7}}],"line":30}},"s":{"0":1,"1":10,"2":10,"3":10,"4":6,"5":6,"6":1,"7":5,"8":3,"9":1,"10":2,"11":2,"12":2,"13":4,"14":3,"15":3,"16":1,"17":1,"18":10,"19":1,"20":1},"f":{"0":10,"1":6,"2":1},"b":{"0":[1,5],"1":[1,2],"2":[3,1]},"_coverageSchema":"1a1c01bbd47fc00a2c39e90264f33305004495a9","hash":"0431e059a6f32066657b7a3a3c72401e3951c4cc"}
,"C:\\Kuliah\\Term_6\\PPL\\mobile-app\\assets\\icons.ts": {"path":"C:\\Kuliah\\Term_6\\PPL\\mobile-app\\assets\\icons.ts","statementMap":{"0":{"start":{"line":1,"column":26},"end":{"line":8,"column":1}},"1":{"start":{"line":10,"column":25},"end":{"line":14,"column":1}},"2":{"start":{"line":16,"column":24},"end":{"line":20,"column":1}},"3":{"start":{"line":22,"column":30},"end":{"line":27,"column":1}},"4":{"start":{"line":29,"column":24},"end":{"line":33,"column":1}},"5":{"start":{"line":35,"column":30},"end":{"line":39,"column":1}},"6":{"start":{"line":41,"column":28},"end":{"line":47,"column":1}},"7":{"start":{"line":49,"column":34},"end":{"line":55,"column":1}},"8":{"start":{"line":57,"column":24},"end":{"line":61,"column":1}},"9":{"start":{"line":63,"column":30},"end":{"line":67,"column":1}},"10":{"start":{"line":69,"column":24},"end":{"line":73,"column":1}},"11":{"start":{"line":75,"column":30},"end":{"line":79,"column":1}}},"fnMap":{},"branchMap":{},"s":{"0":3,"1":3,"2":3,"3":3,"4":3,"5":3,"6":3,"7":3,"8":3,"9":3,"10":3,"11":3},"f":{},"b":{},"_coverageSchema":"1a1c01bbd47fc00a2c39e90264f33305004495a9","hash":"0b9cbab9afc7db0d15217f4dc948b66362d09169"}
,"C:\\Kuliah\\Term_6\\PPL\\mobile-app\\assets\\pins.ts": {"path":"C:\\Kuliah\\Term_6\\PPL\\mobile-app\\assets\\pins.ts","statementMap":{"0":{"start":{"line":1,"column":27},"end":{"line":7,"column":1}},"1":{"start":{"line":9,"column":28},"end":{"line":15,"column":1}},"2":{"start":{"line":17,"column":24},"end":{"line":22,"column":1}},"3":{"start":{"line":24,"column":29},"end":{"line":29,"column":1}},"4":{"start":{"line":31,"column":24},"end":{"line":36,"column":1}},"5":{"start":{"line":38,"column":26},"end":{"line":43,"column":1}},"6":{"start":{"line":45,"column":23},"end":{"line":50,"column":1}},"7":{"start":{"line":52,"column":32},"end":{"line":57,"column":1}},"8":{"start":{"line":59,"column":29},"end":{"line":64,"column":1}},"9":{"start":{"line":66,"column":29},"end":{"line":71,"column":1}}},"fnMap":{},"branchMap":{},"s":{"0":1,"1":1,"2":1,"3":1,"4":1,"5":1,"6":1,"7":1,"8":1,"9":1},"f":{},"b":{},"_coverageSchema":"1a1c01bbd47fc00a2c39e90264f33305004495a9","hash":"27be298437e9f7dd2dc062b4afafd5f7a31f9f0c"}
,"C:\\Kuliah\\Term_6\\PPL\\mobile-app\\components\\buttons\\Button.tsx": {"path":"C:\\Kuliah\\Term_6\\PPL\\mobile-app\\components\\buttons\\Button.tsx","statementMap":{"0":{"start":{"line":11,"column":38},"end":{"line":17,"column":1}},"1":{"start":{"line":12,"column":2},"end":{"line":16,"column":4}},"2":{"start":{"line":19,"column":15},"end":{"line":35,"column":2}}},"fnMap":{"0":{"name":"(anonymous_0)","decl":{"start":{"line":11,"column":38},"end":{"line":11,"column":39}},"loc":{"start":{"line":11,"column":91},"end":{"line":17,"column":1}},"line":11}},"branchMap":{"0":{"loc":{"start":{"line":11,"column":67},"end":{"line":11,"column":84}},"type":"default-arg","locations":[{"start":{"line":11,"column":76},"end":{"line":11,"column":84}}],"line":11}},"s":{"0":9,"1":228,"2":9},"f":{"0":228},"b":{"0":[2]},"_coverageSchema":"1a1c01bbd47fc00a2c39e90264f33305004495a9","hash":"2e8d08cb8fb646888098b6306a55e8b8cc0073de"}
,"C:\\Kuliah\\Term_6\\PPL\\mobile-app\\components\\buttons\\MapButton.tsx": {"path":"C:\\Kuliah\\Term_6\\PPL\\mobile-app\\components\\buttons\\MapButton.tsx","statementMap":{"0":{"start":{"line":12,"column":44},"end":{"line":18,"column":1}},"1":{"start":{"line":13,"column":2},"end":{"line":17,"column":4}},"2":{"start":{"line":20,"column":15},"end":{"line":43,"column":2}}},"fnMap":{"0":{"name":"(anonymous_0)","decl":{"start":{"line":12,"column":44},"end":{"line":12,"column":45}},"loc":{"start":{"line":12,"column":100},"end":{"line":18,"column":1}},"line":12}},"branchMap":{"0":{"loc":{"start":{"line":12,"column":47},"end":{"line":12,"column":61}},"type":"default-arg","locations":[{"start":{"line":12,"column":56},"end":{"line":12,"column":61}}],"line":12},"1":{"loc":{"start":{"line":12,"column":72},"end":{"line":12,"column":93}},"type":"default-arg","locations":[{"start":{"line":12,"column":81},"end":{"line":12,"column":93}}],"line":12},"2":{"loc":{"start":{"line":15,"column":19},"end":{"line":15,"column":61}},"type":"cond-expr","locations":[{"start":{"line":15,"column":28},"end":{"line":15,"column":46}},{"start":{"line":15,"column":49},"end":{"line":15,"column":61}}],"line":15}},"s":{"0":1,"1":4,"2":1},"f":{"0":4},"b":{"0":[2],"1":[4],"2":[1,3]},"_coverageSchema":"1a1c01bbd47fc00a2c39e90264f33305004495a9","hash":"1b11a47aa1e69667cad7c9d334211c93dd3e36fa"}
,"C:\\Kuliah\\Term_6\\PPL\\mobile-app\\components\\buttons\\NavButton.tsx": {"path":"C:\\Kuliah\\Term_6\\PPL\\mobile-app\\components\\buttons\\NavButton.tsx","statementMap":{"0":{"start":{"line":13,"column":14},"end":{"line":18,"column":1}},"1":{"start":{"line":20,"column":44},"end":{"line":39,"column":1}},"2":{"start":{"line":21,"column":20},"end":{"line":21,"column":75}},"3":{"start":{"line":23,"column":2},"end":{"line":38,"column":4}},"4":{"start":{"line":41,"column":15},"end":{"line":60,"column":2}}},"fnMap":{"0":{"name":"(anonymous_0)","decl":{"start":{"line":20,"column":44},"end":{"line":20,"column":45}},"loc":{"start":{"line":20,"column":123},"end":{"line":39,"column":1}},"line":20}},"branchMap":{"0":{"loc":{"start":{"line":20,"column":47},"end":{"line":20,"column":60}},"type":"default-arg","locations":[{"start":{"line":20,"column":54},"end":{"line":20,"column":60}}],"line":20},"1":{"loc":{"start":{"line":20,"column":62},"end":{"line":20,"column":76}},"type":"default-arg","locations":[{"start":{"line":20,"column":71},"end":{"line":20,"column":76}}],"line":20},"2":{"loc":{"start":{"line":20,"column":87},"end":{"line":20,"column":116}},"type":"default-arg","locations":[{"start":{"line":20,"column":96},"end":{"line":20,"column":116}}],"line":20},"3":{"loc":{"start":{"line":21,"column":20},"end":{"line":21,"column":75}},"type":"cond-expr","locations":[{"start":{"line":21,"column":39},"end":{"line":21,"column":65}},{"start":{"line":21,"column":69},"end":{"line":21,"column":75}}],"line":21},"4":{"loc":{"start":{"line":26,"column":13},"end":{"line":26,"column":73}},"type":"cond-expr","locations":[{"start":{"line":26,"column":22},"end":{"line":26,"column":45}},{"start":{"line":26,"column":48},"end":{"line":26,"column":73}}],"line":26},"5":{"loc":{"start":{"line":29,"column":16},"end":{"line":29,"column":43}},"type":"cond-expr","locations":[{"start":{"line":29,"column":25},"end":{"line":29,"column":31}},{"start":{"line":29,"column":34},"end":{"line":29,"column":43}}],"line":29},"6":{"loc":{"start":{"line":30,"column":14},"end":{"line":30,"column":41}},"type":"cond-expr","locations":[{"start":{"line":30,"column":23},"end":{"line":30,"column":32}},{"start":{"line":30,"column":35},"end":{"line":30,"column":41}}],"line":30},"7":{"loc":{"start":{"line":32,"column":7},"end":{"line":35,"column":13}},"type":"binary-expr","locations":[{"start":{"line":32,"column":7},"end":{"line":32,"column":13}},{"start":{"line":33,"column":6},"end":{"line":35,"column":13}}],"line":32},"8":{"loc":{"start":{"line":33,"column":36},"end":{"line":33,"column":63}},"type":"binary-expr","locations":[{"start":{"line":33,"column":36},"end":{"line":33,"column":42}},{"start":{"line":33,"column":46},"end":{"line":33,"column":63}}],"line":33}},"s":{"0":1,"1":1,"2":9,"3":9,"4":1},"f":{"0":9},"b":{"0":[1],"1":[5],"2":[9],"3":[8,1],"4":[3,6],"5":[3,6],"6":[3,6],"7":[9,3],"8":[3,3]},"_coverageSchema":"1a1c01bbd47fc00a2c39e90264f33305004495a9","hash":"56314d3e3cbbac872305d9374be422e7a5897f34"}
,"C:\\Kuliah\\Term_6\\PPL\\mobile-app\\components\\buttons\\SocialButton.tsx": {"path":"C:\\Kuliah\\Term_6\\PPL\\mobile-app\\components\\buttons\\SocialButton.tsx","statementMap":{"0":{"start":{"line":11,"column":57},"end":{"line":17,"column":1}},"1":{"start":{"line":12,"column":2},"end":{"line":16,"column":4}},"2":{"start":{"line":19,"column":15},"end":{"line":29,"column":2}}},"fnMap":{"0":{"name":"(anonymous_0)","decl":{"start":{"line":11,"column":57},"end":{"line":11,"column":58}},"loc":{"start":{"line":11,"column":109},"end":{"line":17,"column":1}},"line":11}},"branchMap":{"0":{"loc":{"start":{"line":11,"column":78},"end":{"line":11,"column":102}},"type":"default-arg","locations":[{"start":{"line":11,"column":87},"end":{"line":11,"column":102}}],"line":11}},"s":{"0":3,"1":193,"2":3},"f":{"0":193},"b":{"0":[1]},"_coverageSchema":"1a1c01bbd47fc00a2c39e90264f33305004495a9","hash":"87aa83dc671315eaa01fb86927183efc86bdd89f"}
,"C:\\Kuliah\\Term_6\\PPL\\mobile-app\\components\\displays\\NavContainer.tsx": {"path":"C:\\Kuliah\\Term_6\\PPL\\mobile-app\\components\\displays\\NavContainer.tsx","statementMap":{"0":{"start":{"line":16,"column":18},"end":{"line":16,"column":78}},"1":{"start":{"line":18,"column":50},"end":{"line":47,"column":1}},"2":{"start":{"line":28,"column":21},"end":{"line":28,"column":78}},"3":{"start":{"line":30,"column":2},"end":{"line":46,"column":4}},"4":{"start":{"line":49,"column":15},"end":{"line":91,"column":2}}},"fnMap":{"0":{"name":"(anonymous_0)","decl":{"start":{"line":18,"column":50},"end":{"line":18,"column":51}},"loc":{"start":{"line":26,"column":6},"end":{"line":47,"column":1}},"line":26}},"branchMap":{"0":{"loc":{"start":{"line":19,"column":2},"end":{"line":19,"column":20}},"type":"default-arg","locations":[{"start":{"line":19,"column":14},"end":{"line":19,"column":20}}],"line":19},"1":{"loc":{"start":{"line":25,"column":2},"end":{"line":25,"column":26}},"type":"default-arg","locations":[{"start":{"line":25,"column":11},"end":{"line":25,"column":26}}],"line":25},"2":{"loc":{"start":{"line":28,"column":21},"end":{"line":28,"column":78}},"type":"cond-expr","locations":[{"start":{"line":28,"column":60},"end":{"line":28,"column":69}},{"start":{"line":28,"column":72},"end":{"line":28,"column":78}}],"line":28}},"s":{"0":1,"1":1,"2":10,"3":10,"4":1},"f":{"0":10},"b":{"0":[8],"1":[10],"2":[9,1]},"_coverageSchema":"1a1c01bbd47fc00a2c39e90264f33305004495a9","hash":"d81b8a98007b0189aaed7e21eef7ab2b3fe17aa0"}
,"C:\\Kuliah\\Term_6\\PPL\\mobile-app\\components\\displays\\Pin.tsx": {"path":"C:\\Kuliah\\Term_6\\PPL\\mobile-app\\components\\displays\\Pin.tsx","statementMap":{"0":{"start":{"line":24,"column":32},"end":{"line":81,"column":1}},"1":{"start":{"line":32,"column":4},"end":{"line":74,"column":5}},"2":{"start":{"line":34,"column":12},"end":{"line":34,"column":33}},"3":{"start":{"line":35,"column":12},"end":{"line":35,"column":18}},"4":{"start":{"line":37,"column":12},"end":{"line":37,"column":34}},"5":{"start":{"line":38,"column":12},"end":{"line":38,"column":18}},"6":{"start":{"line":40,"column":12},"end":{"line":40,"column":30}},"7":{"start":{"line":41,"column":12},"end":{"line":41,"column":18}},"8":{"start":{"line":43,"column":12},"end":{"line":43,"column":35}},"9":{"start":{"line":44,"column":12},"end":{"line":44,"column":18}},"10":{"start":{"line":46,"column":12},"end":{"line":46,"column":30}},"11":{"start":{"line":47,"column":12},"end":{"line":47,"column":18}},"12":{"start":{"line":49,"column":12},"end":{"line":49,"column":32}},"13":{"start":{"line":50,"column":12},"end":{"line":50,"column":18}},"14":{"start":{"line":52,"column":12},"end":{"line":52,"column":29}},"15":{"start":{"line":53,"column":12},"end":{"line":53,"column":18}},"16":{"start":{"line":55,"column":12},"end":{"line":55,"column":38}},"17":{"start":{"line":56,"column":12},"end":{"line":56,"column":18}},"18":{"start":{"line":58,"column":12},"end":{"line":58,"column":35}},"19":{"start":{"line":59,"column":12},"end":{"line":59,"column":18}},"20":{"start":{"line":61,"column":12},"end":{"line":61,"column":35}},"21":{"start":{"line":62,"column":12},"end":{"line":62,"column":18}},"22":{"start":{"line":64,"column":12},"end":{"line":64,"column":33}},"23":{"start":{"line":65,"column":12},"end":{"line":65,"column":18}},"24":{"start":{"line":67,"column":12},"end":{"line":67,"column":33}},"25":{"start":{"line":68,"column":12},"end":{"line":68,"column":18}},"26":{"start":{"line":70,"column":12},"end":{"line":70,"column":38}},"27":{"start":{"line":71,"column":12},"end":{"line":71,"column":18}},"28":{"start":{"line":73,"column":12},"end":{"line":73,"column":35}},"29":{"start":{"line":76,"column":4},"end":{"line":80,"column":6}}},"fnMap":{"0":{"name":"(anonymous_0)","decl":{"start":{"line":24,"column":32},"end":{"line":24,"column":33}},"loc":{"start":{"line":29,"column":6},"end":{"line":81,"column":1}},"line":29}},"branchMap":{"0":{"loc":{"start":{"line":25,"column":4},"end":{"line":25,"column":24}},"type":"default-arg","locations":[{"start":{"line":25,"column":11},"end":{"line":25,"column":24}}],"line":25},"1":{"loc":{"start":{"line":27,"column":4},"end":{"line":27,"column":14}},"type":"default-arg","locations":[{"start":{"line":27,"column":12},"end":{"line":27,"column":14}}],"line":27},"2":{"loc":{"start":{"line":28,"column":4},"end":{"line":28,"column":15}},"type":"default-arg","locations":[{"start":{"line":28,"column":13},"end":{"line":28,"column":15}}],"line":28},"3":{"loc":{"start":{"line":32,"column":4},"end":{"line":74,"column":5}},"type":"switch","locations":[{"start":{"line":33,"column":8},"end":{"line":35,"column":18}},{"start":{"line":36,"column":8},"end":{"line":38,"column":18}},{"start":{"line":39,"column":8},"end":{"line":41,"column":18}},{"start":{"line":42,"column":8},"end":{"line":44,"column":18}},{"start":{"line":45,"column":8},"end":{"line":47,"column":18}},{"start":{"line":48,"column":8},"end":{"line":50,"column":18}},{"start":{"line":51,"column":8},"end":{"line":53,"column":18}},{"start":{"line":54,"column":8},"end":{"line":56,"column":18}},{"start":{"line":57,"column":8},"end":{"line":59,"column":18}},{"start":{"line":60,"column":8},"end":{"line":62,"column":18}},{"start":{"line":63,"column":8},"end":{"line":65,"column":18}},{"start":{"line":66,"column":8},"end":{"line":68,"column":18}},{"start":{"line":69,"column":8},"end":{"line":71,"column":18}},{"start":{"line":72,"column":8},"end":{"line":73,"column":35}}],"line":32}},"s":{"0":1,"1":17,"2":1,"3":1,"4":1,"5":1,"6":1,"7":1,"8":1,"9":1,"10":1,"11":1,"12":1,"13":1,"14":1,"15":1,"16":1,"17":1,"18":1,"19":1,"20":1,"21":1,"22":1,"23":1,"24":1,"25":1,"26":1,"27":1,"28":4,"29":17},"f":{"0":17},"b":{"0":[3],"1":[16],"2":[16],"3":[1,1,1,1,1,1,1,1,1,1,1,1,1,4]},"_coverageSchema":"1a1c01bbd47fc00a2c39e90264f33305004495a9","hash":"d41360b22676ea688a3260c443a42909a5ead0d7"}
,"C:\\Kuliah\\Term_6\\PPL\\mobile-app\\components\\displays\\UserLocationMarker.tsx": {"path":"C:\\Kuliah\\Term_6\\PPL\\mobile-app\\components\\displays\\UserLocationMarker.tsx","statementMap":{"0":{"start":{"line":11,"column":62},"end":{"line":17,"column":1}},"1":{"start":{"line":12,"column":2},"end":{"line":16,"column":4}},"2":{"start":{"line":19,"column":15},"end":{"line":28,"column":2}}},"fnMap":{"0":{"name":"(anonymous_0)","decl":{"start":{"line":11,"column":62},"end":{"line":11,"column":63}},"loc":{"start":{"line":11,"column":124},"end":{"line":17,"column":1}},"line":11}},"branchMap":{"0":{"loc":{"start":{"line":11,"column":86},"end":{"line":11,"column":117}},"type":"default-arg","locations":[{"start":{"line":11,"column":95},"end":{"line":11,"column":117}}],"line":11}},"s":{"0":1,"1":2,"2":1},"f":{"0":2},"b":{"0":[2]},"_coverageSchema":"1a1c01bbd47fc00a2c39e90264f33305004495a9","hash":"2d4c28d81cc15cc2579812f4495cc0e6b0fcc2ee"}
,"C:\\Kuliah\\Term_6\\PPL\\mobile-app\\components\\forms\\ForgotPasswordForm.tsx": {"path":"C:\\Kuliah\\Term_6\\PPL\\mobile-app\\components\\forms\\ForgotPasswordForm.tsx","statementMap":{"0":{"start":{"line":12,"column":62},"end":{"line":33,"column":1}},"1":{"start":{"line":13,"column":2},"end":{"line":32,"column":4}},"2":{"start":{"line":35,"column":15},"end":{"line":71,"column":2}}},"fnMap":{"0":{"name":"(anonymous_0)","decl":{"start":{"line":12,"column":62},"end":{"line":12,"column":63}},"loc":{"start":{"line":12,"column":122},"end":{"line":33,"column":1}},"line":12}},"branchMap":{"0":{"loc":{"start":{"line":12,"column":73},"end":{"line":12,"column":104}},"type":"default-arg","locations":[{"start":{"line":12,"column":82},"end":{"line":12,"column":104}}],"line":12}},"s":{"0":2,"1":8,"2":2},"f":{"0":8},"b":{"0":[3]},"_coverageSchema":"1a1c01bbd47fc00a2c39e90264f33305004495a9","hash":"ca5ce15a6b9150127f25c7b8b7892d19605616ea"}
,"C:\\Kuliah\\Term_6\\PPL\\mobile-app\\components\\forms\\LoginForm.tsx": {"path":"C:\\Kuliah\\Term_6\\PPL\\mobile-app\\components\\forms\\LoginForm.tsx","statementMap":{"0":{"start":{"line":19,"column":44},"end":{"line":72,"column":1}},"1":{"start":{"line":29,"column":2},"end":{"line":71,"column":4}},"2":{"start":{"line":74,"column":15},"end":{"line":126,"column":2}}},"fnMap":{"0":{"name":"(anonymous_0)","decl":{"start":{"line":19,"column":44},"end":{"line":19,"column":45}},"loc":{"start":{"line":28,"column":6},"end":{"line":72,"column":1}},"line":28}},"branchMap":{"0":{"loc":{"start":{"line":25,"column":2},"end":{"line":25,"column":23}},"type":"default-arg","locations":[{"start":{"line":25,"column":11},"end":{"line":25,"column":23}}],"line":25}},"s":{"0":1,"1":7,"2":1},"f":{"0":7},"b":{"0":[7]},"_coverageSchema":"1a1c01bbd47fc00a2c39e90264f33305004495a9","hash":"bab841ae9e43ad11236799ddc32205ba6ae4b862"}
,"C:\\Kuliah\\Term_6\\PPL\\mobile-app\\components\\forms\\OTPVerificationForm.tsx": {"path":"C:\\Kuliah\\Term_6\\PPL\\mobile-app\\components\\forms\\OTPVerificationForm.tsx","statementMap":{"0":{"start":{"line":15,"column":56},"end":{"line":40,"column":1}},"1":{"start":{"line":16,"column":59},"end":{"line":16,"column":76}},"2":{"start":{"line":18,"column":2},"end":{"line":39,"column":4}},"3":{"start":{"line":33,"column":28},"end":{"line":33,"column":40}},"4":{"start":{"line":34,"column":12},"end":{"line":34,"column":30}},"5":{"start":{"line":42,"column":15},"end":{"line":77,"column":2}}},"fnMap":{"0":{"name":"(anonymous_0)","decl":{"start":{"line":15,"column":56},"end":{"line":15,"column":57}},"loc":{"start":{"line":15,"column":134},"end":{"line":40,"column":1}},"line":15},"1":{"name":"(anonymous_1)","decl":{"start":{"line":32,"column":19},"end":{"line":32,"column":20}},"loc":{"start":{"line":32,"column":25},"end":{"line":35,"column":11}},"line":32}},"branchMap":{"0":{"loc":{"start":{"line":15,"column":79},"end":{"line":15,"column":111}},"type":"default-arg","locations":[{"start":{"line":15,"column":88},"end":{"line":15,"column":111}}],"line":15},"1":{"loc":{"start":{"line":15,"column":114},"end":{"line":15,"column":127}},"type":"default-arg","locations":[{"start":{"line":15,"column":126},"end":{"line":15,"column":127}}],"line":15}},"s":{"0":3,"1":115,"2":115,"3":11,"4":11,"5":3},"f":{"0":115,"1":11},"b":{"0":[48],"1":[19]},"_coverageSchema":"1a1c01bbd47fc00a2c39e90264f33305004495a9","hash":"9cb1b155767bc5be777b8358577d5fd1fedb9e85"}
,"C:\\Kuliah\\Term_6\\PPL\\mobile-app\\components\\forms\\SignUpForm.tsx": {"path":"C:\\Kuliah\\Term_6\\PPL\\mobile-app\\components\\forms\\SignUpForm.tsx","statementMap":{"0":{"start":{"line":29,"column":46},"end":{"line":190,"column":1}},"1":{"start":{"line":30,"column":34},"end":{"line":30,"column":46}},"2":{"start":{"line":31,"column":28},"end":{"line":31,"column":40}},"3":{"start":{"line":32,"column":40},"end":{"line":32,"column":52}},"4":{"start":{"line":33,"column":34},"end":{"line":33,"column":46}},"5":{"start":{"line":34,"column":48},"end":{"line":34,"column":60}},"6":{"start":{"line":35,"column":30},"end":{"line":35,"column":69}},"7":{"start":{"line":37,"column":23},"end":{"line":50,"column":3}},"8":{"start":{"line":38,"column":29},"end":{"line":38,"column":45}},"9":{"start":{"line":39,"column":4},"end":{"line":49,"column":5}},"10":{"start":{"line":41,"column":6},"end":{"line":46,"column":9}},"11":{"start":{"line":48,"column":6},"end":{"line":48,"column":34}},"12":{"start":{"line":52,"column":25},"end":{"line":87,"column":3}},"13":{"start":{"line":53,"column":46},"end":{"line":53,"column":48}},"14":{"start":{"line":55,"column":4},"end":{"line":57,"column":5}},"15":{"start":{"line":56,"column":6},"end":{"line":56,"column":47}},"16":{"start":{"line":59,"column":4},"end":{"line":63,"column":5}},"17":{"start":{"line":60,"column":6},"end":{"line":60,"column":41}},"18":{"start":{"line":61,"column":11},"end":{"line":63,"column":5}},"19":{"start":{"line":62,"column":6},"end":{"line":62,"column":45}},"20":{"start":{"line":65,"column":4},"end":{"line":70,"column":5}},"21":{"start":{"line":66,"column":6},"end":{"line":66,"column":47}},"22":{"start":{"line":67,"column":11},"end":{"line":70,"column":5}},"23":{"start":{"line":68,"column":6},"end":{"line":69,"column":121}},"24":{"start":{"line":72,"column":4},"end":{"line":76,"column":5}},"25":{"start":{"line":73,"column":6},"end":{"line":73,"column":62}},"26":{"start":{"line":74,"column":11},"end":{"line":76,"column":5}},"27":{"start":{"line":75,"column":6},"end":{"line":75,"column":56}},"28":{"start":{"line":78,"column":4},"end":{"line":84,"column":5}},"29":{"start":{"line":79,"column":6},"end":{"line":79,"column":55}},"30":{"start":{"line":80,"column":11},"end":{"line":84,"column":5}},"31":{"start":{"line":81,"column":6},"end":{"line":81,"column":72}},"32":{"start":{"line":82,"column":11},"end":{"line":84,"column":5}},"33":{"start":{"line":83,"column":6},"end":{"line":83,"column":63}},"34":{"start":{"line":86,"column":4},"end":{"line":86,"column":18}},"35":{"start":{"line":89,"column":23},"end":{"line":91,"column":3}},"36":{"start":{"line":90,"column":4},"end":{"line":90,"column":38}},"37":{"start":{"line":93,"column":27},"end":{"line":96,"column":3}},"38":{"start":{"line":94,"column":26},"end":{"line":94,"column":97}},"39":{"start":{"line":95,"column":4},"end":{"line":95,"column":42}},"40":{"start":{"line":98,"column":22},"end":{"line":112,"column":3}},"41":{"start":{"line":99,"column":31},"end":{"line":99,"column":53}},"42":{"start":{"line":102,"column":16},"end":{"line":102,"column":51}},"43":{"start":{"line":104,"column":18},"end":{"line":104,"column":28}},"44":{"start":{"line":105,"column":16},"end":{"line":105,"column":55}},"45":{"start":{"line":106,"column":28},"end":{"line":106,"column":61}},"46":{"start":{"line":108,"column":4},"end":{"line":110,"column":5}},"47":{"start":{"line":109,"column":6},"end":{"line":109,"column":27}},"48":{"start":{"line":111,"column":4},"end":{"line":111,"column":21}},"49":{"start":{"line":114,"column":28},"end":{"line":117,"column":3}},"50":{"start":{"line":115,"column":22},"end":{"line":115,"column":45}},"51":{"start":{"line":116,"column":4},"end":{"line":116,"column":34}},"52":{"start":{"line":119,"column":2},"end":{"line":189,"column":4}},"53":{"start":{"line":130,"column":40},"end":{"line":130,"column":57}},"54":{"start":{"line":139,"column":40},"end":{"line":139,"column":54}},"55":{"start":{"line":148,"column":40},"end":{"line":148,"column":60}},"56":{"start":{"line":158,"column":40},"end":{"line":158,"column":57}},"57":{"start":{"line":168,"column":40},"end":{"line":168,"column":64}},"58":{"start":{"line":192,"column":15},"end":{"line":253,"column":2}}},"fnMap":{"0":{"name":"(anonymous_0)","decl":{"start":{"line":29,"column":46},"end":{"line":29,"column":47}},"loc":{"start":{"line":29,"column":108},"end":{"line":190,"column":1}},"line":29},"1":{"name":"(anonymous_1)","decl":{"start":{"line":37,"column":23},"end":{"line":37,"column":24}},"loc":{"start":{"line":37,"column":29},"end":{"line":50,"column":3}},"line":37},"2":{"name":"(anonymous_2)","decl":{"start":{"line":52,"column":25},"end":{"line":52,"column":26}},"loc":{"start":{"line":52,"column":31},"end":{"line":87,"column":3}},"line":52},"3":{"name":"(anonymous_3)","decl":{"start":{"line":89,"column":23},"end":{"line":89,"column":24}},"loc":{"start":{"line":89,"column":51},"end":{"line":91,"column":3}},"line":89},"4":{"name":"(anonymous_4)","decl":{"start":{"line":93,"column":27},"end":{"line":93,"column":28}},"loc":{"start":{"line":93,"column":58},"end":{"line":96,"column":3}},"line":93},"5":{"name":"(anonymous_5)","decl":{"start":{"line":98,"column":22},"end":{"line":98,"column":23}},"loc":{"start":{"line":98,"column":56},"end":{"line":112,"column":3}},"line":98},"6":{"name":"(anonymous_6)","decl":{"start":{"line":114,"column":28},"end":{"line":114,"column":29}},"loc":{"start":{"line":114,"column":55},"end":{"line":117,"column":3}},"line":114},"7":{"name":"(anonymous_7)","decl":{"start":{"line":130,"column":30},"end":{"line":130,"column":31}},"loc":{"start":{"line":130,"column":40},"end":{"line":130,"column":57}},"line":130},"8":{"name":"(anonymous_8)","decl":{"start":{"line":139,"column":30},"end":{"line":139,"column":31}},"loc":{"start":{"line":139,"column":40},"end":{"line":139,"column":54}},"line":139},"9":{"name":"(anonymous_9)","decl":{"start":{"line":148,"column":30},"end":{"line":148,"column":31}},"loc":{"start":{"line":148,"column":40},"end":{"line":148,"column":60}},"line":148},"10":{"name":"(anonymous_10)","decl":{"start":{"line":158,"column":30},"end":{"line":158,"column":31}},"loc":{"start":{"line":158,"column":40},"end":{"line":158,"column":57}},"line":158},"11":{"name":"(anonymous_11)","decl":{"start":{"line":168,"column":30},"end":{"line":168,"column":31}},"loc":{"start":{"line":168,"column":40},"end":{"line":168,"column":64}},"line":168}},"branchMap":{"0":{"loc":{"start":{"line":39,"column":4},"end":{"line":49,"column":5}},"type":"if","locations":[{"start":{"line":39,"column":4},"end":{"line":49,"column":5}},{"start":{"line":47,"column":11},"end":{"line":49,"column":5}}],"line":39},"1":{"loc":{"start":{"line":55,"column":4},"end":{"line":57,"column":5}},"type":"if","locations":[{"start":{"line":55,"column":4},"end":{"line":57,"column":5}},{"start":{},"end":{}}],"line":55},"2":{"loc":{"start":{"line":59,"column":4},"end":{"line":63,"column":5}},"type":"if","locations":[{"start":{"line":59,"column":4},"end":{"line":63,"column":5}},{"start":{"line":61,"column":11},"end":{"line":63,"column":5}}],"line":59},"3":{"loc":{"start":{"line":61,"column":11},"end":{"line":63,"column":5}},"type":"if","locations":[{"start":{"line":61,"column":11},"end":{"line":63,"column":5}},{"start":{},"end":{}}],"line":61},"4":{"loc":{"start":{"line":65,"column":4},"end":{"line":70,"column":5}},"type":"if","locations":[{"start":{"line":65,"column":4},"end":{"line":70,"column":5}},{"start":{"line":67,"column":11},"end":{"line":70,"column":5}}],"line":65},"5":{"loc":{"start":{"line":67,"column":11},"end":{"line":70,"column":5}},"type":"if","locations":[{"start":{"line":67,"column":11},"end":{"line":70,"column":5}},{"start":{},"end":{}}],"line":67},"6":{"loc":{"start":{"line":72,"column":4},"end":{"line":76,"column":5}},"type":"if","locations":[{"start":{"line":72,"column":4},"end":{"line":76,"column":5}},{"start":{"line":74,"column":11},"end":{"line":76,"column":5}}],"line":72},"7":{"loc":{"start":{"line":74,"column":11},"end":{"line":76,"column":5}},"type":"if","locations":[{"start":{"line":74,"column":11},"end":{"line":76,"column":5}},{"start":{},"end":{}}],"line":74},"8":{"loc":{"start":{"line":78,"column":4},"end":{"line":84,"column":5}},"type":"if","locations":[{"start":{"line":78,"column":4},"end":{"line":84,"column":5}},{"start":{"line":80,"column":11},"end":{"line":84,"column":5}}],"line":78},"9":{"loc":{"start":{"line":80,"column":11},"end":{"line":84,"column":5}},"type":"if","locations":[{"start":{"line":80,"column":11},"end":{"line":84,"column":5}},{"start":{"line":82,"column":11},"end":{"line":84,"column":5}}],"line":80},"10":{"loc":{"start":{"line":82,"column":11},"end":{"line":84,"column":5}},"type":"if","locations":[{"start":{"line":82,"column":11},"end":{"line":84,"column":5}},{"start":{},"end":{}}],"line":82},"11":{"loc":{"start":{"line":108,"column":4},"end":{"line":110,"column":5}},"type":"if","locations":[{"start":{"line":108,"column":4},"end":{"line":110,"column":5}},{"start":{},"end":{}}],"line":108},"12":{"loc":{"start":{"line":108,"column":8},"end":{"line":108,"column":89}},"type":"binary-expr","locations":[{"start":{"line":108,"column":8},"end":{"line":108,"column":27}},{"start":{"line":108,"column":32},"end":{"line":108,"column":53}},{"start":{"line":108,"column":57},"end":{"line":108,"column":88}}],"line":108},"13":{"loc":{"start":{"line":132,"column":15},"end":{"line":132,"column":87}},"type":"binary-expr","locations":[{"start":{"line":132,"column":15},"end":{"line":132,"column":32}},{"start":{"line":132,"column":36},"end":{"line":132,"column":87}}],"line":132},"14":{"loc":{"start":{"line":141,"column":15},"end":{"line":141,"column":81}},"type":"binary-expr","locations":[{"start":{"line":141,"column":15},"end":{"line":141,"column":29}},{"start":{"line":141,"column":33},"end":{"line":141,"column":81}}],"line":141},"15":{"loc":{"start":{"line":150,"column":15},"end":{"line":150,"column":93}},"type":"binary-expr","locations":[{"start":{"line":150,"column":15},"end":{"line":150,"column":35}},{"start":{"line":150,"column":39},"end":{"line":150,"column":93}}],"line":150},"16":{"loc":{"start":{"line":160,"column":15},"end":{"line":160,"column":87}},"type":"binary-expr","locations":[{"start":{"line":160,"column":15},"end":{"line":160,"column":32}},{"start":{"line":160,"column":36},"end":{"line":160,"column":87}}],"line":160},"17":{"loc":{"start":{"line":170,"column":15},"end":{"line":170,"column":101}},"type":"binary-expr","locations":[{"start":{"line":170,"column":15},"end":{"line":170,"column":39}},{"start":{"line":170,"column":43},"end":{"line":170,"column":101}}],"line":170}},"s":{"0":1,"1":87,"2":87,"3":87,"4":87,"5":87,"6":87,"7":87,"8":24,"9":24,"10":6,"11":18,"12":87,"13":24,"14":24,"15":12,"16":24,"17":12,"18":12,"19":1,"20":24,"21":8,"22":16,"23":4,"24":24,"25":12,"26":12,"27":1,"28":24,"29":9,"30":15,"31":5,"32":10,"33":4,"34":24,"35":87,"36":12,"37":87,"38":16,"39":16,"40":87,"41":10,"42":10,"43":10,"44":10,"45":10,"46":10,"47":4,"48":6,"49":87,"50":15,"51":15,"52":87,"53":8,"54":8,"55":15,"56":12,"57":8,"58":1},"f":{"0":87,"1":24,"2":24,"3":12,"4":16,"5":10,"6":15,"7":8,"8":8,"9":15,"10":12,"11":8},"b":{"0":[6,18],"1":[12,12],"2":[12,12],"3":[1,11],"4":[8,16],"5":[4,12],"6":[12,12],"7":[1,11],"8":[9,15],"9":[5,10],"10":[4,6],"11":[4,6],"12":[10,8,7],"13":[87,18],"14":[87,19],"15":[87,25],"16":[87,18],"17":[87,19]},"_coverageSchema":"1a1c01bbd47fc00a2c39e90264f33305004495a9","hash":"790e177388d5ef8f91a1d06e88333f48e8993fe9"}
,"C:\\Kuliah\\Term_6\\PPL\\mobile-app\\components\\hooks\\useOTP.ts": {"path":"C:\\Kuliah\\Term_6\\PPL\\mobile-app\\components\\hooks\\useOTP.ts","statementMap":{"0":{"start":{"line":4,"column":22},"end":{"line":28,"column":1}},"1":{"start":{"line":5,"column":24},"end":{"line":5,"column":66}},"2":{"start":{"line":6,"column":20},"end":{"line":6,"column":52}},"3":{"start":{"line":8,"column":23},"end":{"line":19,"column":3}},"4":{"start":{"line":9,"column":4},"end":{"line":9,"column":32}},"5":{"start":{"line":9,"column":25},"end":{"line":9,"column":32}},"6":{"start":{"line":11,"column":19},"end":{"line":11,"column":27}},"7":{"start":{"line":12,"column":4},"end":{"line":12,"column":25}},"8":{"start":{"line":13,"column":4},"end":{"line":13,"column":19}},"9":{"start":{"line":16,"column":4},"end":{"line":18,"column":5}},"10":{"start":{"line":17,"column":6},"end":{"line":17,"column":44}},"11":{"start":{"line":21,"column":25},"end":{"line":25,"column":3}},"12":{"start":{"line":22,"column":4},"end":{"line":24,"column":5}},"13":{"start":{"line":23,"column":6},"end":{"line":23,"column":44}},"14":{"start":{"line":27,"column":2},"end":{"line":27,"column":66}}},"fnMap":{"0":{"name":"(anonymous_0)","decl":{"start":{"line":4,"column":22},"end":{"line":4,"column":23}},"loc":{"start":{"line":4,"column":42},"end":{"line":28,"column":1}},"line":4},"1":{"name":"(anonymous_1)","decl":{"start":{"line":8,"column":23},"end":{"line":8,"column":24}},"loc":{"start":{"line":8,"column":56},"end":{"line":19,"column":3}},"line":8},"2":{"name":"(anonymous_2)","decl":{"start":{"line":21,"column":25},"end":{"line":21,"column":26}},"loc":{"start":{"line":21,"column":52},"end":{"line":25,"column":3}},"line":21}},"branchMap":{"0":{"loc":{"start":{"line":9,"column":4},"end":{"line":9,"column":32}},"type":"if","locations":[{"start":{"line":9,"column":4},"end":{"line":9,"column":32}},{"start":{},"end":{}}],"line":9},"1":{"loc":{"start":{"line":16,"column":4},"end":{"line":18,"column":5}},"type":"if","locations":[{"start":{"line":16,"column":4},"end":{"line":18,"column":5}},{"start":{},"end":{}}],"line":16},"2":{"loc":{"start":{"line":16,"column":8},"end":{"line":16,"column":41}},"type":"binary-expr","locations":[{"start":{"line":16,"column":8},"end":{"line":16,"column":19}},{"start":{"line":16,"column":23},"end":{"line":16,"column":41}}],"line":16},"3":{"loc":{"start":{"line":22,"column":4},"end":{"line":24,"column":5}},"type":"if","locations":[{"start":{"line":22,"column":4},"end":{"line":24,"column":5}},{"start":{},"end":{}}],"line":22},"4":{"loc":{"start":{"line":22,"column":8},"end":{"line":22,"column":75}},"type":"binary-expr","locations":[{"start":{"line":22,"column":8},"end":{"line":22,"column":41}},{"start":{"line":22,"column":45},"end":{"line":22,"column":54}},{"start":{"line":22,"column":58},"end":{"line":22,"column":75}}],"line":22}},"s":{"0":3,"1":115,"2":115,"3":115,"4":82,"5":3,"6":79,"7":79,"8":79,"9":79,"10":63,"11":115,"12":10,"13":3,"14":115},"f":{"0":115,"1":82,"2":10},"b":{"0":[3,79],"1":[63,16],"2":[79,73],"3":[3,7],"4":[10,6,4]},"_coverageSchema":"1a1c01bbd47fc00a2c39e90264f33305004495a9","hash":"60a288a605e8170d66c7e96495ce278e9615ebe6"}
,"C:\\Kuliah\\Term_6\\PPL\\mobile-app\\components\\inputs\\InputField.tsx": {"path":"C:\\Kuliah\\Term_6\\PPL\\mobile-app\\components\\inputs\\InputField.tsx","statementMap":{"0":{"start":{"line":14,"column":46},"end":{"line":37,"column":1}},"1":{"start":{"line":23,"column":2},"end":{"line":36,"column":4}},"2":{"start":{"line":39,"column":15},"end":{"line":56,"column":2}}},"fnMap":{"0":{"name":"(anonymous_0)","decl":{"start":{"line":14,"column":46},"end":{"line":14,"column":47}},"loc":{"start":{"line":22,"column":6},"end":{"line":37,"column":1}},"line":22}},"branchMap":{"0":{"loc":{"start":{"line":17,"column":2},"end":{"line":17,"column":25}},"type":"default-arg","locations":[{"start":{"line":17,"column":20},"end":{"line":17,"column":25}}],"line":17},"1":{"loc":{"start":{"line":19,"column":2},"end":{"line":19,"column":24}},"type":"default-arg","locations":[{"start":{"line":19,"column":11},"end":{"line":19,"column":24}}],"line":19},"2":{"loc":{"start":{"line":20,"column":2},"end":{"line":20,"column":24}},"type":"default-arg","locations":[{"start":{"line":20,"column":15},"end":{"line":20,"column":24}}],"line":20},"3":{"loc":{"start":{"line":21,"column":2},"end":{"line":21,"column":19}},"type":"default-arg","locations":[{"start":{"line":21,"column":14},"end":{"line":21,"column":19}}],"line":21},"4":{"loc":{"start":{"line":25,"column":7},"end":{"line":25,"column":82}},"type":"binary-expr","locations":[{"start":{"line":25,"column":7},"end":{"line":25,"column":12}},{"start":{"line":25,"column":16},"end":{"line":25,"column":82}}],"line":25},"5":{"loc":{"start":{"line":33,"column":23},"end":{"line":33,"column":40}},"type":"cond-expr","locations":[{"start":{"line":33,"column":35},"end":{"line":33,"column":36}},{"start":{"line":33,"column":39},"end":{"line":33,"column":40}}],"line":33}},"s":{"0":6,"1":475,"2":6},"f":{"0":475},"b":{"0":[279],"1":[475],"2":[475],"3":[473],"4":[475,465],"5":[1,474]},"_coverageSchema":"1a1c01bbd47fc00a2c39e90264f33305004495a9","hash":"29832710120c7339abff8695042479bf3cd1697c"}
,"C:\\Kuliah\\Term_6\\PPL\\mobile-app\\components\\inputs\\OTPInput.tsx": {"path":"C:\\Kuliah\\Term_6\\PPL\\mobile-app\\components\\inputs\\OTPInput.tsx","statementMap":{"0":{"start":{"line":12,"column":42},"end":{"line":31,"column":1}},"1":{"start":{"line":13,"column":2},"end":{"line":30,"column":4}},"2":{"start":{"line":17,"column":10},"end":{"line":27,"column":12}},"3":{"start":{"line":20,"column":26},"end":{"line":20,"column":56}},"4":{"start":{"line":24,"column":36},"end":{"line":24,"column":62}},"5":{"start":{"line":25,"column":31},"end":{"line":25,"column":56}},"6":{"start":{"line":33,"column":15},"end":{"line":48,"column":2}}},"fnMap":{"0":{"name":"(anonymous_0)","decl":{"start":{"line":12,"column":42},"end":{"line":12,"column":43}},"loc":{"start":{"line":12,"column":118},"end":{"line":31,"column":1}},"line":12},"1":{"name":"(anonymous_1)","decl":{"start":{"line":15,"column":15},"end":{"line":15,"column":16}},"loc":{"start":{"line":17,"column":10},"end":{"line":27,"column":12}},"line":17},"2":{"name":"(anonymous_2)","decl":{"start":{"line":20,"column":17},"end":{"line":20,"column":18}},"loc":{"start":{"line":20,"column":26},"end":{"line":20,"column":56}},"line":20},"3":{"name":"(anonymous_3)","decl":{"start":{"line":24,"column":26},"end":{"line":24,"column":27}},"loc":{"start":{"line":24,"column":36},"end":{"line":24,"column":62}},"line":24},"4":{"name":"(anonymous_4)","decl":{"start":{"line":25,"column":24},"end":{"line":25,"column":25}},"loc":{"start":{"line":25,"column":31},"end":{"line":25,"column":56}},"line":25}},"branchMap":{"0":{"loc":{"start":{"line":12,"column":91},"end":{"line":12,"column":111}},"type":"default-arg","locations":[{"start":{"line":12,"column":100},"end":{"line":12,"column":111}}],"line":12}},"s":{"0":4,"1":118,"2":572,"3":1144,"4":83,"5":11,"6":4},"f":{"0":118,"1":572,"2":1144,"3":83,"4":11},"b":{"0":[118]},"_coverageSchema":"1a1c01bbd47fc00a2c39e90264f33305004495a9","hash":"ffa4cc1c3301f4c671d8e4246c1f5762142daa13"}
,"C:\\Kuliah\\Term_6\\PPL\\mobile-app\\components\\inputs\\SearchBar.tsx": {"path":"C:\\Kuliah\\Term_6\\PPL\\mobile-app\\components\\inputs\\SearchBar.tsx","statementMap":{"0":{"start":{"line":11,"column":44},"end":{"line":43,"column":1}},"1":{"start":{"line":12,"column":31},"end":{"line":12,"column":48}},"2":{"start":{"line":16,"column":38},"end":{"line":16,"column":50}},"3":{"start":{"line":18,"column":23},"end":{"line":20,"column":3}},"4":{"start":{"line":19,"column":4},"end":{"line":19,"column":25}},"5":{"start":{"line":22,"column":2},"end":{"line":42,"column":4}},"6":{"start":{"line":45,"column":15},"end":{"line":93,"column":2}}},"fnMap":{"0":{"name":"(anonymous_0)","decl":{"start":{"line":11,"column":44},"end":{"line":11,"column":45}},"loc":{"start":{"line":15,"column":6},"end":{"line":43,"column":1}},"line":15},"1":{"name":"(anonymous_1)","decl":{"start":{"line":12,"column":13},"end":{"line":12,"column":14}},"loc":{"start":{"line":12,"column":31},"end":{"line":12,"column":48}},"line":12},"2":{"name":"(anonymous_2)","decl":{"start":{"line":18,"column":23},"end":{"line":18,"column":24}},"loc":{"start":{"line":18,"column":29},"end":{"line":20,"column":3}},"line":18}},"branchMap":{"0":{"loc":{"start":{"line":12,"column":2},"end":{"line":12,"column":48}},"type":"default-arg","locations":[{"start":{"line":12,"column":13},"end":{"line":12,"column":48}}],"line":12},"1":{"loc":{"start":{"line":13,"column":2},"end":{"line":13,"column":24}},"type":"default-arg","locations":[{"start":{"line":13,"column":16},"end":{"line":13,"column":24}}],"line":13},"2":{"loc":{"start":{"line":14,"column":2},"end":{"line":14,"column":23}},"type":"default-arg","locations":[{"start":{"line":14,"column":11},"end":{"line":14,"column":23}}],"line":14}},"s":{"0":1,"1":1,"2":8,"3":8,"4":2,"5":8,"6":1},"f":{"0":8,"1":1,"2":2},"b":{"0":[6],"1":[7],"2":[8]},"_coverageSchema":"1a1c01bbd47fc00a2c39e90264f33305004495a9","hash":"c3910414d903385c55ed3f41c3a1bcb9b7458171"}
}
