{"C:\\Users\\Asus\\OneDrive\\Desktop\\Sasha\\Kuliah\\Sem 6\\PPL (EVIL) (Github)\\mobile-app\\app\\_layout.tsx": {"path":"C:\\Users\\Asus\\OneDrive\\Desktop\\Sasha\\Kuliah\\Sem 6\\PPL (EVIL) (Github)\\mobile-app\\app\\_layout.tsx","statementMap":{"0":{"start":{"line":7,"column":19},"end":{"line":7,"column":32}},"1":{"start":{"line":8,"column":36},"end":{"line":8,"column":51}},"2":{"start":{"line":10,"column":27},"end":{"line":10,"column":164}},"3":{"start":{"line":13,"column":2},"end":{"line":21,"column":19}},"4":{"start":{"line":14,"column":4},"end":{"line":20,"column":5}},"5":{"start":{"line":15,"column":6},"end":{"line":15,"column":26}},"6":{"start":{"line":16,"column":11},"end":{"line":20,"column":5}},"7":{"start":{"line":17,"column":6},"end":{"line":17,"column":27}},"8":{"start":{"line":18,"column":11},"end":{"line":20,"column":5}},"9":{"start":{"line":19,"column":6},"end":{"line":19,"column":29}},"10":{"start":{"line":23,"column":25},"end":{"line":32,"column":3}},"11":{"start":{"line":24,"column":4},"end":{"line":31,"column":5}},"12":{"start":{"line":26,"column":6},"end":{"line":26,"column":33}},"13":{"start":{"line":29,"column":6},"end":{"line":29,"column":26}},"14":{"start":{"line":30,"column":6},"end":{"line":30,"column":29}},"15":{"start":{"line":34,"column":26},"end":{"line":37,"column":3}},"16":{"start":{"line":35,"column":4},"end":{"line":35,"column":25}},"17":{"start":{"line":36,"column":4},"end":{"line":36,"column":34}},"18":{"start":{"line":39,"column":28},"end":{"line":42,"column":3}},"19":{"start":{"line":40,"column":4},"end":{"line":40,"column":27}},"20":{"start":{"line":41,"column":4},"end":{"line":41,"column":30}},"21":{"start":{"line":44,"column":2},"end":{"line":67,"column":4}},"22":{"start":{"line":59,"column":12},"end":{"line":59,"column":35}},"23":{"start":{"line":62,"column":12},"end":{"line":62,"column":36}}},"fnMap":{"0":{"name":"Layout","decl":{"start":{"line":6,"column":24},"end":{"line":6,"column":30}},"loc":{"start":{"line":6,"column":33},"end":{"line":68,"column":1}},"line":6},"1":{"name":"(anonymous_1)","decl":{"start":{"line":13,"column":12},"end":{"line":13,"column":13}},"loc":{"start":{"line":13,"column":18},"end":{"line":21,"column":5}},"line":13},"2":{"name":"(anonymous_2)","decl":{"start":{"line":23,"column":25},"end":{"line":23,"column":26}},"loc":{"start":{"line":23,"column":31},"end":{"line":32,"column":3}},"line":23},"3":{"name":"(anonymous_3)","decl":{"start":{"line":34,"column":26},"end":{"line":34,"column":27}},"loc":{"start":{"line":34,"column":32},"end":{"line":37,"column":3}},"line":34},"4":{"name":"(anonymous_4)","decl":{"start":{"line":39,"column":28},"end":{"line":39,"column":29}},"loc":{"start":{"line":39,"column":34},"end":{"line":42,"column":3}},"line":39},"5":{"name":"(anonymous_5)","decl":{"start":{"line":58,"column":32},"end":{"line":58,"column":33}},"loc":{"start":{"line":58,"column":38},"end":{"line":60,"column":11}},"line":58},"6":{"name":"(anonymous_6)","decl":{"start":{"line":61,"column":26},"end":{"line":61,"column":27}},"loc":{"start":{"line":61,"column":32},"end":{"line":63,"column":11}},"line":61}},"branchMap":{"0":{"loc":{"start":{"line":14,"column":4},"end":{"line":20,"column":5}},"type":"if","locations":[{"start":{"line":14,"column":4},"end":{"line":20,"column":5}},{"start":{"line":16,"column":11},"end":{"line":20,"column":5}}],"line":14},"1":{"loc":{"start":{"line":16,"column":11},"end":{"line":20,"column":5}},"type":"if","locations":[{"start":{"line":16,"column":11},"end":{"line":20,"column":5}},{"start":{"line":18,"column":11},"end":{"line":20,"column":5}}],"line":16},"2":{"loc":{"start":{"line":18,"column":11},"end":{"line":20,"column":5}},"type":"if","locations":[{"start":{"line":18,"column":11},"end":{"line":20,"column":5}},{"start":{},"end":{}}],"line":18},"3":{"loc":{"start":{"line":24,"column":4},"end":{"line":31,"column":5}},"type":"if","locations":[{"start":{"line":24,"column":4},"end":{"line":31,"column":5}},{"start":{"line":27,"column":11},"end":{"line":31,"column":5}}],"line":24},"4":{"loc":{"start":{"line":52,"column":7},"end":{"line":65,"column":7}},"type":"binary-expr","locations":[{"start":{"line":52,"column":7},"end":{"line":52,"column":43}},{"start":{"line":53,"column":8},"end":{"line":64,"column":10}}],"line":52}},"s":{"0":30,"1":30,"2":30,"3":30,"4":20,"5":2,"6":18,"7":3,"8":15,"9":1,"10":30,"11":3,"12":2,"13":1,"14":1,"15":30,"16":1,"17":1,"18":30,"19":2,"20":2,"21":30,"22":1,"23":1},"f":{"0":30,"1":20,"2":3,"3":1,"4":2,"5":1,"6":1},"b":{"0":[2,18],"1":[3,15],"2":[1,14],"3":[2,1],"4":[30,24]},"_coverageSchema":"1a1c01bbd47fc00a2c39e90264f33305004495a9","hash":"f42faca8803d97ffafa1f6967a8d655fdf4bb278"}
,"C:\\Users\\Asus\\OneDrive\\Desktop\\Sasha\\Kuliah\\Sem 6\\PPL (EVIL) (Github)\\mobile-app\\app\\index.tsx": {"path":"C:\\Users\\Asus\\OneDrive\\Desktop\\Sasha\\Kuliah\\Sem 6\\PPL (EVIL) (Github)\\mobile-app\\app\\index.tsx","statementMap":{"0":{"start":{"line":7,"column":20},"end":{"line":74,"column":1}},"1":{"start":{"line":8,"column":28},"end":{"line":8,"column":40}},"2":{"start":{"line":9,"column":34},"end":{"line":9,"column":46}},"3":{"start":{"line":11,"column":22},"end":{"line":34,"column":3}},"4":{"start":{"line":12,"column":4},"end":{"line":15,"column":5}},"5":{"start":{"line":13,"column":6},"end":{"line":13,"column":74}},"6":{"start":{"line":14,"column":6},"end":{"line":14,"column":13}},"7":{"start":{"line":17,"column":4},"end":{"line":20,"column":5}},"8":{"start":{"line":18,"column":6},"end":{"line":18,"column":70}},"9":{"start":{"line":19,"column":6},"end":{"line":19,"column":13}},"10":{"start":{"line":22,"column":4},"end":{"line":22,"column":23}},"11":{"start":{"line":23,"column":4},"end":{"line":23,"column":26}},"12":{"start":{"line":25,"column":4},"end":{"line":33,"column":5}},"13":{"start":{"line":26,"column":21},"end":{"line":26,"column":58}},"14":{"start":{"line":27,"column":6},"end":{"line":27,"column":53}},"15":{"start":{"line":29,"column":6},"end":{"line":29,"column":29}},"16":{"start":{"line":32,"column":6},"end":{"line":32,"column":50}},"17":{"start":{"line":36,"column":27},"end":{"line":46,"column":3}},"18":{"start":{"line":37,"column":4},"end":{"line":45,"column":5}},"19":{"start":{"line":38,"column":21},"end":{"line":38,"column":41}},"20":{"start":{"line":39,"column":6},"end":{"line":39,"column":53}},"21":{"start":{"line":41,"column":6},"end":{"line":41,"column":26}},"22":{"start":{"line":44,"column":6},"end":{"line":44,"column":63}},"23":{"start":{"line":48,"column":26},"end":{"line":58,"column":3}},"24":{"start":{"line":49,"column":4},"end":{"line":57,"column":5}},"25":{"start":{"line":50,"column":21},"end":{"line":50,"column":42}},"26":{"start":{"line":51,"column":6},"end":{"line":51,"column":52}},"27":{"start":{"line":53,"column":6},"end":{"line":53,"column":26}},"28":{"start":{"line":56,"column":6},"end":{"line":56,"column":62}},"29":{"start":{"line":60,"column":2},"end":{"line":73,"column":4}},"30":{"start":{"line":64,"column":32},"end":{"line":64,"column":62}},"31":{"start":{"line":65,"column":24},"end":{"line":65,"column":46}}},"fnMap":{"0":{"name":"(anonymous_0)","decl":{"start":{"line":7,"column":20},"end":{"line":7,"column":21}},"loc":{"start":{"line":7,"column":26},"end":{"line":74,"column":1}},"line":7},"1":{"name":"(anonymous_1)","decl":{"start":{"line":11,"column":22},"end":{"line":11,"column":23}},"loc":{"start":{"line":11,"column":34},"end":{"line":34,"column":3}},"line":11},"2":{"name":"(anonymous_2)","decl":{"start":{"line":36,"column":27},"end":{"line":36,"column":28}},"loc":{"start":{"line":36,"column":39},"end":{"line":46,"column":3}},"line":36},"3":{"name":"(anonymous_3)","decl":{"start":{"line":48,"column":26},"end":{"line":48,"column":27}},"loc":{"start":{"line":48,"column":38},"end":{"line":58,"column":3}},"line":48},"4":{"name":"(anonymous_4)","decl":{"start":{"line":64,"column":26},"end":{"line":64,"column":27}},"loc":{"start":{"line":64,"column":32},"end":{"line":64,"column":62}},"line":64},"5":{"name":"(anonymous_5)","decl":{"start":{"line":65,"column":18},"end":{"line":65,"column":19}},"loc":{"start":{"line":65,"column":24},"end":{"line":65,"column":46}},"line":65}},"branchMap":{"0":{"loc":{"start":{"line":12,"column":4},"end":{"line":15,"column":5}},"type":"if","locations":[{"start":{"line":12,"column":4},"end":{"line":15,"column":5}},{"start":{},"end":{}}],"line":12},"1":{"loc":{"start":{"line":17,"column":4},"end":{"line":20,"column":5}},"type":"if","locations":[{"start":{"line":17,"column":4},"end":{"line":20,"column":5}},{"start":{},"end":{}}],"line":17},"2":{"loc":{"start":{"line":17,"column":8},"end":{"line":17,"column":43}},"type":"binary-expr","locations":[{"start":{"line":17,"column":8},"end":{"line":17,"column":17}},{"start":{"line":17,"column":21},"end":{"line":17,"column":43}}],"line":17}},"s":{"0":1,"1":25,"2":25,"3":25,"4":6,"5":1,"6":1,"7":5,"8":2,"9":2,"10":3,"11":3,"12":3,"13":3,"14":2,"15":2,"16":3,"17":25,"18":2,"19":2,"20":1,"21":1,"22":1,"23":25,"24":2,"25":2,"26":1,"27":1,"28":1,"29":25,"30":1,"31":1},"f":{"0":25,"1":6,"2":2,"3":2,"4":1,"5":1},"b":{"0":[1,5],"1":[2,3],"2":[5,4]},"_coverageSchema":"1a1c01bbd47fc00a2c39e90264f33305004495a9","hash":"7d82dce282a9126bafe87f58d740f4951ba7aa88"}
,"C:\\Users\\Asus\\OneDrive\\Desktop\\Sasha\\Kuliah\\Sem 6\\PPL (EVIL) (Github)\\mobile-app\\app\\createPost\\index.tsx": {"path":"C:\\Users\\Asus\\OneDrive\\Desktop\\Sasha\\Kuliah\\Sem 6\\PPL (EVIL) (Github)\\mobile-app\\app\\createPost\\index.tsx","statementMap":{"0":{"start":{"line":13,"column":32},"end":{"line":25,"column":1}},"1":{"start":{"line":14,"column":21},"end":{"line":14,"column":35}},"2":{"start":{"line":15,"column":21},"end":{"line":15,"column":35}},"3":{"start":{"line":16,"column":18},"end":{"line":16,"column":38}},"4":{"start":{"line":19,"column":4},"end":{"line":22,"column":5}},"5":{"start":{"line":20,"column":8},"end":{"line":20,"column":64}},"6":{"start":{"line":21,"column":8},"end":{"line":21,"column":39}},"7":{"start":{"line":24,"column":4},"end":{"line":24,"column":18}},"8":{"start":{"line":27,"column":17},"end":{"line":300,"column":1}},"9":{"start":{"line":28,"column":36},"end":{"line":28,"column":98}},"10":{"start":{"line":29,"column":30},"end":{"line":29,"column":50}},"11":{"start":{"line":30,"column":42},"end":{"line":30,"column":62}},"12":{"start":{"line":31,"column":42},"end":{"line":31,"column":71}},"13":{"start":{"line":32,"column":36},"end":{"line":32,"column":65}},"14":{"start":{"line":33,"column":42},"end":{"line":33,"column":66}},"15":{"start":{"line":35,"column":4},"end":{"line":49,"column":11}},"16":{"start":{"line":36,"column":8},"end":{"line":48,"column":13}},"17":{"start":{"line":37,"column":29},"end":{"line":37,"column":79}},"18":{"start":{"line":38,"column":12},"end":{"line":41,"column":13}},"19":{"start":{"line":39,"column":16},"end":{"line":39,"column":72}},"20":{"start":{"line":40,"column":16},"end":{"line":40,"column":23}},"21":{"start":{"line":43,"column":22},"end":{"line":43,"column":64}},"22":{"start":{"line":44,"column":12},"end":{"line":47,"column":15}},"23":{"start":{"line":51,"column":24},"end":{"line":53,"column":5}},"24":{"start":{"line":52,"column":8},"end":{"line":52,"column":31}},"25":{"start":{"line":55,"column":28},"end":{"line":69,"column":5}},"26":{"start":{"line":56,"column":8},"end":{"line":68,"column":11}},"27":{"start":{"line":57,"column":12},"end":{"line":67,"column":13}},"28":{"start":{"line":58,"column":16},"end":{"line":58,"column":59}},"29":{"start":{"line":59,"column":19},"end":{"line":67,"column":13}},"30":{"start":{"line":60,"column":16},"end":{"line":60,"column":74}},"31":{"start":{"line":62,"column":28},"end":{"line":62,"column":53}},"32":{"start":{"line":63,"column":16},"end":{"line":66,"column":17}},"33":{"start":{"line":64,"column":20},"end":{"line":64,"column":37}},"34":{"start":{"line":65,"column":20},"end":{"line":65,"column":60}},"35":{"start":{"line":72,"column":28},"end":{"line":95,"column":5}},"36":{"start":{"line":73,"column":8},"end":{"line":94,"column":9}},"37":{"start":{"line":74,"column":29},"end":{"line":82,"column":14}},"38":{"start":{"line":84,"column":12},"end":{"line":86,"column":13}},"39":{"start":{"line":85,"column":16},"end":{"line":85,"column":106}},"40":{"start":{"line":88,"column":25},"end":{"line":88,"column":46}},"41":{"start":{"line":89,"column":12},"end":{"line":89,"column":61}},"42":{"start":{"line":90,"column":12},"end":{"line":90,"column":28}},"43":{"start":{"line":92,"column":12},"end":{"line":92,"column":65}},"44":{"start":{"line":93,"column":12},"end":{"line":93,"column":24}},"45":{"start":{"line":98,"column":28},"end":{"line":141,"column":5}},"46":{"start":{"line":100,"column":8},"end":{"line":100,"column":29}},"47":{"start":{"line":102,"column":8},"end":{"line":140,"column":9}},"48":{"start":{"line":104,"column":28},"end":{"line":104,"column":54}},"49":{"start":{"line":105,"column":29},"end":{"line":105,"column":65}},"50":{"start":{"line":108,"column":33},"end":{"line":108,"column":64}},"51":{"start":{"line":109,"column":12},"end":{"line":111,"column":13}},"52":{"start":{"line":110,"column":16},"end":{"line":110,"column":63}},"53":{"start":{"line":114,"column":29},"end":{"line":114,"column":50}},"54":{"start":{"line":115,"column":25},"end":{"line":115,"column":46}},"55":{"start":{"line":117,"column":35},"end":{"line":123,"column":14}},"56":{"start":{"line":125,"column":12},"end":{"line":127,"column":13}},"57":{"start":{"line":126,"column":16},"end":{"line":126,"column":104}},"58":{"start":{"line":130,"column":26},"end":{"line":130,"column":52}},"59":{"start":{"line":131,"column":12},"end":{"line":131,"column":53}},"60":{"start":{"line":133,"column":12},"end":{"line":133,"column":25}},"61":{"start":{"line":135,"column":12},"end":{"line":135,"column":59}},"62":{"start":{"line":136,"column":12},"end":{"line":136,"column":85}},"63":{"start":{"line":137,"column":12},"end":{"line":137,"column":24}},"64":{"start":{"line":139,"column":12},"end":{"line":139,"column":34}},"65":{"start":{"line":143,"column":25},"end":{"line":170,"column":5}},"66":{"start":{"line":144,"column":8},"end":{"line":147,"column":9}},"67":{"start":{"line":145,"column":12},"end":{"line":145,"column":86}},"68":{"start":{"line":146,"column":12},"end":{"line":146,"column":19}},"69":{"start":{"line":149,"column":8},"end":{"line":152,"column":9}},"70":{"start":{"line":150,"column":12},"end":{"line":150,"column":71}},"71":{"start":{"line":151,"column":12},"end":{"line":151,"column":19}},"72":{"start":{"line":155,"column":31},"end":{"line":155,"column":35}},"73":{"start":{"line":156,"column":8},"end":{"line":166,"column":9}},"74":{"start":{"line":157,"column":12},"end":{"line":157,"column":63}},"75":{"start":{"line":158,"column":12},"end":{"line":165,"column":13}},"76":{"start":{"line":160,"column":16},"end":{"line":163,"column":19}},"77":{"start":{"line":162,"column":55},"end":{"line":162,"column":71}},"78":{"start":{"line":164,"column":16},"end":{"line":164,"column":23}},"79":{"start":{"line":169,"column":8},"end":{"line":169,"column":37}},"80":{"start":{"line":172,"column":23},"end":{"line":210,"column":5}},"81":{"start":{"line":174,"column":25},"end":{"line":181,"column":9}},"82":{"start":{"line":183,"column":8},"end":{"line":183,"column":55}},"83":{"start":{"line":186,"column":8},"end":{"line":209,"column":15}},"84":{"start":{"line":194,"column":16},"end":{"line":194,"column":58}},"85":{"start":{"line":195,"column":16},"end":{"line":197,"column":17}},"86":{"start":{"line":196,"column":20},"end":{"line":196,"column":80}},"87":{"start":{"line":198,"column":16},"end":{"line":198,"column":39}},"88":{"start":{"line":201,"column":16},"end":{"line":201,"column":64}},"89":{"start":{"line":202,"column":16},"end":{"line":204,"column":19}},"90":{"start":{"line":207,"column":16},"end":{"line":207,"column":61}},"91":{"start":{"line":208,"column":16},"end":{"line":208,"column":81}},"92":{"start":{"line":212,"column":4},"end":{"line":299,"column":6}},"93":{"start":{"line":288,"column":51},"end":{"line":288,"column":68}},"94":{"start":{"line":302,"column":15},"end":{"line":372,"column":2}}},"fnMap":{"0":{"name":"(anonymous_0)","decl":{"start":{"line":13,"column":32},"end":{"line":13,"column":33}},"loc":{"start":{"line":13,"column":57},"end":{"line":25,"column":1}},"line":13},"1":{"name":"(anonymous_1)","decl":{"start":{"line":27,"column":17},"end":{"line":27,"column":18}},"loc":{"start":{"line":27,"column":23},"end":{"line":300,"column":1}},"line":27},"2":{"name":"(anonymous_2)","decl":{"start":{"line":35,"column":14},"end":{"line":35,"column":15}},"loc":{"start":{"line":35,"column":20},"end":{"line":49,"column":5}},"line":35},"3":{"name":"(anonymous_3)","decl":{"start":{"line":36,"column":9},"end":{"line":36,"column":10}},"loc":{"start":{"line":36,"column":21},"end":{"line":48,"column":9}},"line":36},"4":{"name":"(anonymous_4)","decl":{"start":{"line":51,"column":24},"end":{"line":51,"column":25}},"loc":{"start":{"line":51,"column":30},"end":{"line":53,"column":5}},"line":51},"5":{"name":"(anonymous_5)","decl":{"start":{"line":55,"column":28},"end":{"line":55,"column":29}},"loc":{"start":{"line":55,"column":34},"end":{"line":69,"column":5}},"line":55},"6":{"name":"(anonymous_6)","decl":{"start":{"line":56,"column":63},"end":{"line":56,"column":64}},"loc":{"start":{"line":56,"column":77},"end":{"line":68,"column":9}},"line":56},"7":{"name":"(anonymous_7)","decl":{"start":{"line":72,"column":28},"end":{"line":72,"column":29}},"loc":{"start":{"line":72,"column":80},"end":{"line":95,"column":5}},"line":72},"8":{"name":"(anonymous_8)","decl":{"start":{"line":98,"column":28},"end":{"line":98,"column":29}},"loc":{"start":{"line":98,"column":80},"end":{"line":141,"column":5}},"line":98},"9":{"name":"(anonymous_9)","decl":{"start":{"line":143,"column":25},"end":{"line":143,"column":26}},"loc":{"start":{"line":143,"column":37},"end":{"line":170,"column":5}},"line":143},"10":{"name":"(anonymous_10)","decl":{"start":{"line":162,"column":49},"end":{"line":162,"column":50}},"loc":{"start":{"line":162,"column":55},"end":{"line":162,"column":71}},"line":162},"11":{"name":"(anonymous_11)","decl":{"start":{"line":172,"column":23},"end":{"line":172,"column":24}},"loc":{"start":{"line":172,"column":52},"end":{"line":210,"column":5}},"line":172},"12":{"name":"(anonymous_12)","decl":{"start":{"line":193,"column":18},"end":{"line":193,"column":19}},"loc":{"start":{"line":193,"column":30},"end":{"line":199,"column":13}},"line":193},"13":{"name":"(anonymous_13)","decl":{"start":{"line":200,"column":18},"end":{"line":200,"column":19}},"loc":{"start":{"line":200,"column":26},"end":{"line":205,"column":13}},"line":200},"14":{"name":"(anonymous_14)","decl":{"start":{"line":206,"column":19},"end":{"line":206,"column":20}},"loc":{"start":{"line":206,"column":30},"end":{"line":209,"column":13}},"line":206},"15":{"name":"(anonymous_15)","decl":{"start":{"line":288,"column":45},"end":{"line":288,"column":46}},"loc":{"start":{"line":288,"column":51},"end":{"line":288,"column":68}},"line":288}},"branchMap":{"0":{"loc":{"start":{"line":19,"column":4},"end":{"line":22,"column":5}},"type":"if","locations":[{"start":{"line":19,"column":4},"end":{"line":22,"column":5}},{"start":{},"end":{}}],"line":19},"1":{"loc":{"start":{"line":38,"column":12},"end":{"line":41,"column":13}},"type":"if","locations":[{"start":{"line":38,"column":12},"end":{"line":41,"column":13}},{"start":{},"end":{}}],"line":38},"2":{"loc":{"start":{"line":57,"column":12},"end":{"line":67,"column":13}},"type":"if","locations":[{"start":{"line":57,"column":12},"end":{"line":67,"column":13}},{"start":{"line":59,"column":19},"end":{"line":67,"column":13}}],"line":57},"3":{"loc":{"start":{"line":59,"column":19},"end":{"line":67,"column":13}},"type":"if","locations":[{"start":{"line":59,"column":19},"end":{"line":67,"column":13}},{"start":{"line":61,"column":19},"end":{"line":67,"column":13}}],"line":59},"4":{"loc":{"start":{"line":63,"column":16},"end":{"line":66,"column":17}},"type":"if","locations":[{"start":{"line":63,"column":16},"end":{"line":66,"column":17}},{"start":{},"end":{}}],"line":63},"5":{"loc":{"start":{"line":84,"column":12},"end":{"line":86,"column":13}},"type":"if","locations":[{"start":{"line":84,"column":12},"end":{"line":86,"column":13}},{"start":{},"end":{}}],"line":84},"6":{"loc":{"start":{"line":105,"column":29},"end":{"line":105,"column":65}},"type":"cond-expr","locations":[{"start":{"line":105,"column":49},"end":{"line":105,"column":55}},{"start":{"line":105,"column":58},"end":{"line":105,"column":65}}],"line":105},"7":{"loc":{"start":{"line":109,"column":12},"end":{"line":111,"column":13}},"type":"if","locations":[{"start":{"line":109,"column":12},"end":{"line":111,"column":13}},{"start":{},"end":{}}],"line":109},"8":{"loc":{"start":{"line":125,"column":12},"end":{"line":127,"column":13}},"type":"if","locations":[{"start":{"line":125,"column":12},"end":{"line":127,"column":13}},{"start":{},"end":{}}],"line":125},"9":{"loc":{"start":{"line":144,"column":8},"end":{"line":147,"column":9}},"type":"if","locations":[{"start":{"line":144,"column":8},"end":{"line":147,"column":9}},{"start":{},"end":{}}],"line":144},"10":{"loc":{"start":{"line":149,"column":8},"end":{"line":152,"column":9}},"type":"if","locations":[{"start":{"line":149,"column":8},"end":{"line":152,"column":9}},{"start":{},"end":{}}],"line":149},"11":{"loc":{"start":{"line":156,"column":8},"end":{"line":166,"column":9}},"type":"if","locations":[{"start":{"line":156,"column":8},"end":{"line":166,"column":9}},{"start":{},"end":{}}],"line":156},"12":{"loc":{"start":{"line":158,"column":12},"end":{"line":165,"column":13}},"type":"if","locations":[{"start":{"line":158,"column":12},"end":{"line":165,"column":13}},{"start":{},"end":{}}],"line":158},"13":{"loc":{"start":{"line":158,"column":16},"end":{"line":158,"column":45}},"type":"binary-expr","locations":[{"start":{"line":158,"column":16},"end":{"line":158,"column":33}},{"start":{"line":158,"column":37},"end":{"line":158,"column":45}}],"line":158},"14":{"loc":{"start":{"line":177,"column":22},"end":{"line":177,"column":45}},"type":"binary-expr","locations":[{"start":{"line":177,"column":22},"end":{"line":177,"column":40}},{"start":{"line":177,"column":44},"end":{"line":177,"column":45}}],"line":177},"15":{"loc":{"start":{"line":178,"column":23},"end":{"line":178,"column":47}},"type":"binary-expr","locations":[{"start":{"line":178,"column":23},"end":{"line":178,"column":42}},{"start":{"line":178,"column":46},"end":{"line":178,"column":47}}],"line":178},"16":{"loc":{"start":{"line":195,"column":16},"end":{"line":197,"column":17}},"type":"if","locations":[{"start":{"line":195,"column":16},"end":{"line":197,"column":17}},{"start":{},"end":{}}],"line":195},"17":{"loc":{"start":{"line":223,"column":25},"end":{"line":223,"column":62}},"type":"cond-expr","locations":[{"start":{"line":223,"column":39},"end":{"line":223,"column":53}},{"start":{"line":223,"column":56},"end":{"line":223,"column":62}}],"line":223},"18":{"loc":{"start":{"line":231,"column":85},"end":{"line":231,"column":120}},"type":"binary-expr","locations":[{"start":{"line":231,"column":85},"end":{"line":231,"column":103}},{"start":{"line":231,"column":107},"end":{"line":231,"column":120}}],"line":231},"19":{"loc":{"start":{"line":232,"column":87},"end":{"line":232,"column":123}},"type":"binary-expr","locations":[{"start":{"line":232,"column":87},"end":{"line":232,"column":106}},{"start":{"line":232,"column":110},"end":{"line":232,"column":123}}],"line":232},"20":{"loc":{"start":{"line":275,"column":29},"end":{"line":275,"column":74}},"type":"cond-expr","locations":[{"start":{"line":275,"column":43},"end":{"line":275,"column":57}},{"start":{"line":275,"column":60},"end":{"line":275,"column":74}}],"line":275},"21":{"loc":{"start":{"line":278,"column":21},"end":{"line":295,"column":21}},"type":"binary-expr","locations":[{"start":{"line":278,"column":21},"end":{"line":278,"column":29}},{"start":{"line":279,"column":24},"end":{"line":294,"column":31}}],"line":278},"22":{"loc":{"start":{"line":285,"column":29},"end":{"line":293,"column":29}},"type":"binary-expr","locations":[{"start":{"line":285,"column":29},"end":{"line":285,"column":41}},{"start":{"line":286,"column":32},"end":{"line":292,"column":51}}],"line":285}},"s":{"0":1,"1":34,"2":34,"3":34,"4":34,"5":25,"6":25,"7":9,"8":1,"9":123,"10":122,"11":122,"12":122,"13":122,"14":122,"15":122,"16":27,"17":27,"18":27,"19":1,"20":1,"21":26,"22":26,"23":122,"24":6,"25":122,"26":20,"27":20,"28":2,"29":18,"30":1,"31":17,"32":17,"33":16,"34":16,"35":122,"36":14,"37":14,"38":13,"39":2,"40":11,"41":10,"42":10,"43":4,"44":4,"45":122,"46":14,"47":14,"48":14,"49":14,"50":14,"51":14,"52":5,"53":9,"54":8,"55":2,"56":2,"57":1,"58":1,"59":1,"60":1,"61":13,"62":13,"63":13,"64":14,"65":122,"66":20,"67":1,"68":1,"69":19,"70":1,"71":1,"72":18,"73":18,"74":14,"75":14,"76":13,"77":13,"78":13,"79":5,"80":122,"81":18,"82":18,"83":18,"84":17,"85":17,"86":1,"87":16,"88":16,"89":16,"90":2,"91":2,"92":122,"93":1,"94":1},"f":{"0":34,"1":123,"2":27,"3":27,"4":6,"5":20,"6":20,"7":14,"8":14,"9":20,"10":13,"11":18,"12":17,"13":16,"14":2,"15":1},"b":{"0":[25,9],"1":[1,26],"2":[2,18],"3":[1,17],"4":[16,1],"5":[2,11],"6":[13,1],"7":[5,9],"8":[1,1],"9":[1,19],"10":[1,18],"11":[14,4],"12":[13,1],"13":[14,13],"14":[18,15],"15":[18,15],"16":[1,16],"17":[14,108],"18":[122,86],"19":[122,86],"20":[14,108],"21":[122,73],"22":[73,59]},"_coverageSchema":"1a1c01bbd47fc00a2c39e90264f33305004495a9","hash":"28ba12e1a60ec14d5e7804723a0b5e9b90336feb"}
,"C:\\Users\\Asus\\OneDrive\\Desktop\\Sasha\\Kuliah\\Sem 6\\PPL (EVIL) (Github)\\mobile-app\\app\\forgotPassword\\index.tsx": {"path":"C:\\Users\\Asus\\OneDrive\\Desktop\\Sasha\\Kuliah\\Sem 6\\PPL (EVIL) (Github)\\mobile-app\\app\\forgotPassword\\index.tsx","statementMap":{"0":{"start":{"line":7,"column":29},"end":{"line":31,"column":1}},"1":{"start":{"line":8,"column":28},"end":{"line":8,"column":40}},"2":{"start":{"line":10,"column":23},"end":{"line":12,"column":3}},"3":{"start":{"line":11,"column":4},"end":{"line":11,"column":38}},"4":{"start":{"line":14,"column":20},"end":{"line":20,"column":3}},"5":{"start":{"line":15,"column":4},"end":{"line":18,"column":5}},"6":{"start":{"line":16,"column":6},"end":{"line":16,"column":43}},"7":{"start":{"line":17,"column":6},"end":{"line":17,"column":13}},"8":{"start":{"line":19,"column":4},"end":{"line":19,"column":56}},"9":{"start":{"line":22,"column":2},"end":{"line":30,"column":4}}},"fnMap":{"0":{"name":"(anonymous_0)","decl":{"start":{"line":7,"column":29},"end":{"line":7,"column":30}},"loc":{"start":{"line":7,"column":35},"end":{"line":31,"column":1}},"line":7},"1":{"name":"(anonymous_1)","decl":{"start":{"line":10,"column":23},"end":{"line":10,"column":24}},"loc":{"start":{"line":10,"column":51},"end":{"line":12,"column":3}},"line":10},"2":{"name":"(anonymous_2)","decl":{"start":{"line":14,"column":20},"end":{"line":14,"column":21}},"loc":{"start":{"line":14,"column":26},"end":{"line":20,"column":3}},"line":14}},"branchMap":{"0":{"loc":{"start":{"line":15,"column":4},"end":{"line":18,"column":5}},"type":"if","locations":[{"start":{"line":15,"column":4},"end":{"line":18,"column":5}},{"start":{},"end":{}}],"line":15}},"s":{"0":1,"1":5,"2":5,"3":2,"4":5,"5":2,"6":1,"7":1,"8":1,"9":5},"f":{"0":5,"1":2,"2":2},"b":{"0":[1,1]},"_coverageSchema":"1a1c01bbd47fc00a2c39e90264f33305004495a9","hash":"485ed0fdd3965aee7bf10803260b54445dd92ed7"}
,"C:\\Users\\Asus\\OneDrive\\Desktop\\Sasha\\Kuliah\\Sem 6\\PPL (EVIL) (Github)\\mobile-app\\app\\forgotPassword\\newPasswordScreen.tsx": {"path":"C:\\Users\\Asus\\OneDrive\\Desktop\\Sasha\\Kuliah\\Sem 6\\PPL (EVIL) (Github)\\mobile-app\\app\\forgotPassword\\newPasswordScreen.tsx","statementMap":{"0":{"start":{"line":7,"column":36},"end":{"line":48,"column":1}},"1":{"start":{"line":8,"column":40},"end":{"line":8,"column":52}},"2":{"start":{"line":9,"column":48},"end":{"line":9,"column":60}},"3":{"start":{"line":11,"column":23},"end":{"line":18,"column":3}},"4":{"start":{"line":12,"column":4},"end":{"line":17,"column":5}},"5":{"start":{"line":13,"column":6},"end":{"line":13,"column":52}},"6":{"start":{"line":14,"column":6},"end":{"line":14,"column":22}},"7":{"start":{"line":16,"column":6},"end":{"line":16,"column":45}},"8":{"start":{"line":20,"column":2},"end":{"line":47,"column":4}},"9":{"start":{"line":50,"column":15},"end":{"line":75,"column":2}}},"fnMap":{"0":{"name":"(anonymous_0)","decl":{"start":{"line":7,"column":36},"end":{"line":7,"column":37}},"loc":{"start":{"line":7,"column":42},"end":{"line":48,"column":1}},"line":7},"1":{"name":"(anonymous_1)","decl":{"start":{"line":11,"column":23},"end":{"line":11,"column":24}},"loc":{"start":{"line":11,"column":29},"end":{"line":18,"column":3}},"line":11}},"branchMap":{"0":{"loc":{"start":{"line":12,"column":4},"end":{"line":17,"column":5}},"type":"if","locations":[{"start":{"line":12,"column":4},"end":{"line":17,"column":5}},{"start":{"line":15,"column":11},"end":{"line":17,"column":5}}],"line":12}},"s":{"0":1,"1":7,"2":7,"3":7,"4":2,"5":1,"6":1,"7":1,"8":7,"9":1},"f":{"0":7,"1":2},"b":{"0":[1,1]},"_coverageSchema":"1a1c01bbd47fc00a2c39e90264f33305004495a9","hash":"3ac0691eaf10ac59b267718a243ca27cffaffdfe"}
,"C:\\Users\\Asus\\OneDrive\\Desktop\\Sasha\\Kuliah\\Sem 6\\PPL (EVIL) (Github)\\mobile-app\\app\\forgotPassword\\otpVerificationScreen.tsx": {"path":"C:\\Users\\Asus\\OneDrive\\Desktop\\Sasha\\Kuliah\\Sem 6\\PPL (EVIL) (Github)\\mobile-app\\app\\forgotPassword\\otpVerificationScreen.tsx","statementMap":{"0":{"start":{"line":5,"column":30},"end":{"line":19,"column":1}},"1":{"start":{"line":6,"column":23},"end":{"line":9,"column":3}},"2":{"start":{"line":7,"column":4},"end":{"line":7,"column":54}},"3":{"start":{"line":8,"column":4},"end":{"line":8,"column":52}},"4":{"start":{"line":11,"column":2},"end":{"line":18,"column":4}},"5":{"start":{"line":15,"column":24},"end":{"line":15,"column":54}},"6":{"start":{"line":21,"column":15},"end":{"line":31,"column":2}}},"fnMap":{"0":{"name":"(anonymous_0)","decl":{"start":{"line":5,"column":30},"end":{"line":5,"column":31}},"loc":{"start":{"line":5,"column":36},"end":{"line":19,"column":1}},"line":5},"1":{"name":"(anonymous_1)","decl":{"start":{"line":6,"column":23},"end":{"line":6,"column":24}},"loc":{"start":{"line":6,"column":40},"end":{"line":9,"column":3}},"line":6},"2":{"name":"(anonymous_2)","decl":{"start":{"line":15,"column":18},"end":{"line":15,"column":19}},"loc":{"start":{"line":15,"column":24},"end":{"line":15,"column":54}},"line":15}},"branchMap":{},"s":{"0":1,"1":7,"2":3,"3":3,"4":7,"5":1,"6":1},"f":{"0":7,"1":3,"2":1},"b":{},"_coverageSchema":"1a1c01bbd47fc00a2c39e90264f33305004495a9","hash":"ea3aed865e3820dd6cc6e3822dc566048403a25c"}
,"C:\\Users\\Asus\\OneDrive\\Desktop\\Sasha\\Kuliah\\Sem 6\\PPL (EVIL) (Github)\\mobile-app\\app\\map\\index.tsx": {"path":"C:\\Users\\Asus\\OneDrive\\Desktop\\Sasha\\Kuliah\\Sem 6\\PPL (EVIL) (Github)\\mobile-app\\app\\map\\index.tsx","statementMap":{"0":{"start":{"line":8,"column":26},"end":{"line":8,"column":50}},"1":{"start":{"line":31,"column":25},"end":{"line":36,"column":1}},"2":{"start":{"line":39,"column":34},"end":{"line":39,"column":74}},"3":{"start":{"line":40,"column":34},"end":{"line":40,"column":63}},"4":{"start":{"line":41,"column":28},"end":{"line":41,"column":48}},"5":{"start":{"line":42,"column":32},"end":{"line":42,"column":55}},"6":{"start":{"line":43,"column":38},"end":{"line":43,"column":67}},"7":{"start":{"line":45,"column":42},"end":{"line":45,"column":69}},"8":{"start":{"line":46,"column":38},"end":{"line":46,"column":62}},"9":{"start":{"line":48,"column":46},"end":{"line":48,"column":65}},"10":{"start":{"line":51,"column":2},"end":{"line":72,"column":9}},"11":{"start":{"line":52,"column":4},"end":{"line":71,"column":9}},"12":{"start":{"line":53,"column":23},"end":{"line":53,"column":73}},"13":{"start":{"line":54,"column":6},"end":{"line":57,"column":7}},"14":{"start":{"line":55,"column":8},"end":{"line":55,"column":64}},"15":{"start":{"line":56,"column":8},"end":{"line":56,"column":15}},"16":{"start":{"line":59,"column":6},"end":{"line":70,"column":7}},"17":{"start":{"line":60,"column":27},"end":{"line":60,"column":69}},"18":{"start":{"line":61,"column":8},"end":{"line":66,"column":11}},"19":{"start":{"line":68,"column":8},"end":{"line":68,"column":56}},"20":{"start":{"line":69,"column":8},"end":{"line":69,"column":54}},"21":{"start":{"line":75,"column":2},"end":{"line":108,"column":23}},"22":{"start":{"line":76,"column":23},"end":{"line":105,"column":5}},"23":{"start":{"line":77,"column":6},"end":{"line":104,"column":7}},"24":{"start":{"line":78,"column":8},"end":{"line":78,"column":25}},"25":{"start":{"line":79,"column":25},"end":{"line":79,"column":83}},"26":{"start":{"line":81,"column":8},"end":{"line":83,"column":9}},"27":{"start":{"line":82,"column":10},"end":{"line":82,"column":60}},"28":{"start":{"line":85,"column":29},"end":{"line":85,"column":50}},"29":{"start":{"line":86,"column":8},"end":{"line":86,"column":61}},"30":{"start":{"line":88,"column":8},"end":{"line":97,"column":9}},"31":{"start":{"line":90,"column":28},"end":{"line":90,"column":53}},"32":{"start":{"line":91,"column":10},"end":{"line":91,"column":51}},"33":{"start":{"line":94,"column":10},"end":{"line":94,"column":30}},"34":{"start":{"line":96,"column":10},"end":{"line":96,"column":67}},"35":{"start":{"line":98,"column":8},"end":{"line":98,"column":28}},"36":{"start":{"line":100,"column":8},"end":{"line":100,"column":54}},"37":{"start":{"line":101,"column":8},"end":{"line":101,"column":71}},"38":{"start":{"line":103,"column":8},"end":{"line":103,"column":26}},"39":{"start":{"line":107,"column":4},"end":{"line":107,"column":17}},"40":{"start":{"line":111,"column":23},"end":{"line":116,"column":8}},"41":{"start":{"line":112,"column":4},"end":{"line":112,"column":17}},"42":{"start":{"line":113,"column":4},"end":{"line":113,"column":24}},"43":{"start":{"line":115,"column":4},"end":{"line":115,"column":40}},"44":{"start":{"line":115,"column":30},"end":{"line":115,"column":38}},"45":{"start":{"line":118,"column":25},"end":{"line":127,"column":3}},"46":{"start":{"line":119,"column":4},"end":{"line":122,"column":7}},"47":{"start":{"line":124,"column":4},"end":{"line":126,"column":5}},"48":{"start":{"line":125,"column":6},"end":{"line":125,"column":27}},"49":{"start":{"line":129,"column":22},"end":{"line":134,"column":3}},"50":{"start":{"line":130,"column":4},"end":{"line":133,"column":7}},"51":{"start":{"line":137,"column":21},"end":{"line":140,"column":3}},"52":{"start":{"line":138,"column":17},"end":{"line":138,"column":37}},"53":{"start":{"line":139,"column":4},"end":{"line":139,"column":71}},"54":{"start":{"line":143,"column":28},"end":{"line":152,"column":3}},"55":{"start":{"line":144,"column":4},"end":{"line":144,"column":52}},"56":{"start":{"line":147,"column":17},"end":{"line":147,"column":49}},"57":{"start":{"line":147,"column":33},"end":{"line":147,"column":48}},"58":{"start":{"line":148,"column":4},"end":{"line":151,"column":5}},"59":{"start":{"line":149,"column":6},"end":{"line":149,"column":28}},"60":{"start":{"line":150,"column":6},"end":{"line":150,"column":26}},"61":{"start":{"line":154,"column":2},"end":{"line":237,"column":4}},"62":{"start":{"line":166,"column":10},"end":{"line":188,"column":19}},"63":{"start":{"line":172,"column":27},"end":{"line":172,"column":53}},"64":{"start":{"line":198,"column":29},"end":{"line":198,"column":49}},"65":{"start":{"line":207,"column":27},"end":{"line":207,"column":47}},"66":{"start":{"line":240,"column":15},"end":{"line":377,"column":2}}},"fnMap":{"0":{"name":"ExploreScreen","decl":{"start":{"line":38,"column":24},"end":{"line":38,"column":37}},"loc":{"start":{"line":38,"column":40},"end":{"line":238,"column":1}},"line":38},"1":{"name":"(anonymous_1)","decl":{"start":{"line":51,"column":12},"end":{"line":51,"column":13}},"loc":{"start":{"line":51,"column":18},"end":{"line":72,"column":3}},"line":51},"2":{"name":"(anonymous_2)","decl":{"start":{"line":52,"column":5},"end":{"line":52,"column":6}},"loc":{"start":{"line":52,"column":17},"end":{"line":71,"column":5}},"line":52},"3":{"name":"(anonymous_3)","decl":{"start":{"line":75,"column":12},"end":{"line":75,"column":13}},"loc":{"start":{"line":75,"column":18},"end":{"line":108,"column":3}},"line":75},"4":{"name":"(anonymous_4)","decl":{"start":{"line":76,"column":23},"end":{"line":76,"column":24}},"loc":{"start":{"line":76,"column":35},"end":{"line":105,"column":5}},"line":76},"5":{"name":"(anonymous_5)","decl":{"start":{"line":111,"column":35},"end":{"line":111,"column":36}},"loc":{"start":{"line":111,"column":41},"end":{"line":116,"column":3}},"line":111},"6":{"name":"(anonymous_6)","decl":{"start":{"line":115,"column":22},"end":{"line":115,"column":23}},"loc":{"start":{"line":115,"column":30},"end":{"line":115,"column":38}},"line":115},"7":{"name":"(anonymous_7)","decl":{"start":{"line":118,"column":25},"end":{"line":118,"column":26}},"loc":{"start":{"line":118,"column":51},"end":{"line":127,"column":3}},"line":118},"8":{"name":"(anonymous_8)","decl":{"start":{"line":129,"column":22},"end":{"line":129,"column":23}},"loc":{"start":{"line":129,"column":49},"end":{"line":134,"column":3}},"line":129},"9":{"name":"(anonymous_9)","decl":{"start":{"line":137,"column":21},"end":{"line":137,"column":22}},"loc":{"start":{"line":137,"column":53},"end":{"line":140,"column":3}},"line":137},"10":{"name":"(anonymous_10)","decl":{"start":{"line":143,"column":28},"end":{"line":143,"column":29}},"loc":{"start":{"line":143,"column":48},"end":{"line":152,"column":3}},"line":143},"11":{"name":"(anonymous_11)","decl":{"start":{"line":147,"column":28},"end":{"line":147,"column":29}},"loc":{"start":{"line":147,"column":33},"end":{"line":147,"column":48}},"line":147},"12":{"name":"(anonymous_12)","decl":{"start":{"line":165,"column":19},"end":{"line":165,"column":20}},"loc":{"start":{"line":166,"column":10},"end":{"line":188,"column":19}},"line":166},"13":{"name":"(anonymous_13)","decl":{"start":{"line":172,"column":21},"end":{"line":172,"column":22}},"loc":{"start":{"line":172,"column":27},"end":{"line":172,"column":53}},"line":172},"14":{"name":"(anonymous_14)","decl":{"start":{"line":176,"column":23},"end":{"line":176,"column":24}},"loc":{"start":{"line":176,"column":29},"end":{"line":176,"column":31}},"line":176},"15":{"name":"(anonymous_15)","decl":{"start":{"line":198,"column":23},"end":{"line":198,"column":24}},"loc":{"start":{"line":198,"column":29},"end":{"line":198,"column":49}},"line":198},"16":{"name":"(anonymous_16)","decl":{"start":{"line":207,"column":21},"end":{"line":207,"column":22}},"loc":{"start":{"line":207,"column":27},"end":{"line":207,"column":47}},"line":207}},"branchMap":{"0":{"loc":{"start":{"line":54,"column":6},"end":{"line":57,"column":7}},"type":"if","locations":[{"start":{"line":54,"column":6},"end":{"line":57,"column":7}},{"start":{},"end":{}}],"line":54},"1":{"loc":{"start":{"line":81,"column":8},"end":{"line":83,"column":9}},"type":"if","locations":[{"start":{"line":81,"column":8},"end":{"line":83,"column":9}},{"start":{},"end":{}}],"line":81},"2":{"loc":{"start":{"line":88,"column":8},"end":{"line":97,"column":9}},"type":"if","locations":[{"start":{"line":88,"column":8},"end":{"line":97,"column":9}},{"start":{"line":95,"column":15},"end":{"line":97,"column":9}}],"line":88},"3":{"loc":{"start":{"line":88,"column":12},"end":{"line":88,"column":62}},"type":"binary-expr","locations":[{"start":{"line":88,"column":12},"end":{"line":88,"column":32}},{"start":{"line":88,"column":36},"end":{"line":88,"column":62}}],"line":88},"4":{"loc":{"start":{"line":124,"column":4},"end":{"line":126,"column":5}},"type":"if","locations":[{"start":{"line":124,"column":4},"end":{"line":126,"column":5}},{"start":{},"end":{}}],"line":124},"5":{"loc":{"start":{"line":148,"column":4},"end":{"line":151,"column":5}},"type":"if","locations":[{"start":{"line":148,"column":4},"end":{"line":151,"column":5}},{"start":{},"end":{}}],"line":148},"6":{"loc":{"start":{"line":193,"column":7},"end":{"line":210,"column":7}},"type":"binary-expr","locations":[{"start":{"line":193,"column":7},"end":{"line":193,"column":17}},{"start":{"line":193,"column":21},"end":{"line":193,"column":33}},{"start":{"line":194,"column":8},"end":{"line":209,"column":15}}],"line":193},"7":{"loc":{"start":{"line":212,"column":7},"end":{"line":217,"column":7}},"type":"binary-expr","locations":[{"start":{"line":212,"column":7},"end":{"line":212,"column":14}},{"start":{"line":213,"column":8},"end":{"line":216,"column":15}}],"line":212},"8":{"loc":{"start":{"line":219,"column":7},"end":{"line":229,"column":7}},"type":"binary-expr","locations":[{"start":{"line":219,"column":7},"end":{"line":219,"column":17}},{"start":{"line":220,"column":8},"end":{"line":228,"column":15}}],"line":219},"9":{"loc":{"start":{"line":231,"column":7},"end":{"line":235,"column":7}},"type":"binary-expr","locations":[{"start":{"line":231,"column":7},"end":{"line":231,"column":15}},{"start":{"line":232,"column":8},"end":{"line":234,"column":15}}],"line":231}},"s":{"0":1,"1":1,"2":52,"3":51,"4":51,"5":51,"6":51,"7":51,"8":51,"9":51,"10":51,"11":19,"12":19,"13":19,"14":1,"15":1,"16":18,"17":18,"18":17,"19":1,"20":1,"21":51,"22":21,"23":21,"24":21,"25":21,"26":18,"27":1,"28":17,"29":17,"30":17,"31":16,"32":16,"33":16,"34":1,"35":16,"36":5,"37":5,"38":21,"39":21,"40":51,"41":2,"42":2,"43":2,"44":2,"45":51,"46":2,"47":2,"48":1,"49":51,"50":1,"51":51,"52":46,"53":46,"54":51,"55":5,"56":5,"57":4,"58":5,"59":4,"60":4,"61":51,"62":46,"63":5,"64":1,"65":1,"66":1},"f":{"0":52,"1":19,"2":19,"3":21,"4":21,"5":2,"6":2,"7":2,"8":1,"9":46,"10":5,"11":4,"12":46,"13":5,"14":0,"15":1,"16":1},"b":{"0":[1,18],"1":[1,17],"2":[16,1],"3":[17,16],"4":[1,1],"5":[4,1],"6":[51,4,4],"7":[51,21],"8":[51,5],"9":[51,2]},"_coverageSchema":"1a1c01bbd47fc00a2c39e90264f33305004495a9","hash":"93fc7964e24c53d366914cd1a91a02b8da47f6f1"}
,"C:\\Users\\Asus\\OneDrive\\Desktop\\Sasha\\Kuliah\\Sem 6\\PPL (EVIL) (Github)\\mobile-app\\app\\post\\[id]\\index.tsx": {"path":"C:\\Users\\Asus\\OneDrive\\Desktop\\Sasha\\Kuliah\\Sem 6\\PPL (EVIL) (Github)\\mobile-app\\app\\post\\[id]\\index.tsx","statementMap":{"0":{"start":{"line":6,"column":17},"end":{"line":6,"column":39}},"1":{"start":{"line":8,"column":2},"end":{"line":18,"column":4}}},"fnMap":{"0":{"name":"PostScreen","decl":{"start":{"line":5,"column":24},"end":{"line":5,"column":34}},"loc":{"start":{"line":5,"column":37},"end":{"line":19,"column":1}},"line":5}},"branchMap":{},"s":{"0":4,"1":4},"f":{"0":4},"b":{},"_coverageSchema":"1a1c01bbd47fc00a2c39e90264f33305004495a9","hash":"484b3d5fe7436f0ad5c9371be7feb2d027ed9f34"}
,"C:\\Users\\Asus\\OneDrive\\Desktop\\Sasha\\Kuliah\\Sem 6\\PPL (EVIL) (Github)\\mobile-app\\app\\settings\\index.tsx": {"path":"C:\\Users\\Asus\\OneDrive\\Desktop\\Sasha\\Kuliah\\Sem 6\\PPL (EVIL) (Github)\\mobile-app\\app\\settings\\index.tsx","statementMap":{"0":{"start":{"line":6,"column":28},"end":{"line":9,"column":1}},"1":{"start":{"line":11,"column":25},"end":{"line":17,"column":1}},"2":{"start":{"line":19,"column":33},"end":{"line":51,"column":1}},"3":{"start":{"line":20,"column":2},"end":{"line":50,"column":4}},"4":{"start":{"line":53,"column":15},"end":{"line":94,"column":2}}},"fnMap":{"0":{"name":"(anonymous_0)","decl":{"start":{"line":7,"column":39},"end":{"line":7,"column":40}},"loc":{"start":{"line":7,"column":45},"end":{"line":7,"column":47}},"line":7},"1":{"name":"(anonymous_1)","decl":{"start":{"line":8,"column":38},"end":{"line":8,"column":39}},"loc":{"start":{"line":8,"column":44},"end":{"line":8,"column":46}},"line":8},"2":{"name":"(anonymous_2)","decl":{"start":{"line":12,"column":39},"end":{"line":12,"column":40}},"loc":{"start":{"line":12,"column":45},"end":{"line":12,"column":47}},"line":12},"3":{"name":"(anonymous_3)","decl":{"start":{"line":13,"column":45},"end":{"line":13,"column":46}},"loc":{"start":{"line":13,"column":51},"end":{"line":13,"column":53}},"line":13},"4":{"name":"(anonymous_4)","decl":{"start":{"line":14,"column":43},"end":{"line":14,"column":44}},"loc":{"start":{"line":14,"column":49},"end":{"line":14,"column":51}},"line":14},"5":{"name":"(anonymous_5)","decl":{"start":{"line":15,"column":44},"end":{"line":15,"column":45}},"loc":{"start":{"line":15,"column":50},"end":{"line":15,"column":52}},"line":15},"6":{"name":"(anonymous_6)","decl":{"start":{"line":16,"column":38},"end":{"line":16,"column":39}},"loc":{"start":{"line":16,"column":44},"end":{"line":16,"column":46}},"line":16},"7":{"name":"(anonymous_7)","decl":{"start":{"line":19,"column":33},"end":{"line":19,"column":34}},"loc":{"start":{"line":19,"column":39},"end":{"line":51,"column":1}},"line":19},"8":{"name":"(anonymous_8)","decl":{"start":{"line":46,"column":29},"end":{"line":46,"column":30}},"loc":{"start":{"line":46,"column":35},"end":{"line":46,"column":37}},"line":46}},"branchMap":{},"s":{"0":1,"1":1,"2":1,"3":2,"4":1},"f":{"0":0,"1":0,"2":0,"3":0,"4":0,"5":0,"6":0,"7":2,"8":1},"b":{},"_coverageSchema":"1a1c01bbd47fc00a2c39e90264f33305004495a9","hash":"2f2df9719e2e16e127434e444c0739927487d46f"}
,"C:\\Users\\Asus\\OneDrive\\Desktop\\Sasha\\Kuliah\\Sem 6\\PPL (EVIL) (Github)\\mobile-app\\app\\signUp\\index.tsx": {"path":"C:\\Users\\Asus\\OneDrive\\Desktop\\Sasha\\Kuliah\\Sem 6\\PPL (EVIL) (Github)\\mobile-app\\app\\signUp\\index.tsx","statementMap":{"0":{"start":{"line":6,"column":22},"end":{"line":8,"column":3}},"1":{"start":{"line":7,"column":4},"end":{"line":7,"column":21}},"2":{"start":{"line":10,"column":23},"end":{"line":38,"column":3}},"3":{"start":{"line":16,"column":4},"end":{"line":37,"column":5}},"4":{"start":{"line":18,"column":33},"end":{"line":18,"column":64}},"5":{"start":{"line":19,"column":6},"end":{"line":21,"column":7}},"6":{"start":{"line":20,"column":8},"end":{"line":20,"column":56}},"7":{"start":{"line":22,"column":33},"end":{"line":22,"column":58}},"8":{"start":{"line":24,"column":21},"end":{"line":29,"column":7}},"9":{"start":{"line":31,"column":6},"end":{"line":31,"column":26}},"10":{"start":{"line":33,"column":6},"end":{"line":33,"column":77}},"11":{"start":{"line":36,"column":6},"end":{"line":36,"column":46}},"12":{"start":{"line":40,"column":27},"end":{"line":51,"column":3}},"13":{"start":{"line":41,"column":4},"end":{"line":50,"column":5}},"14":{"start":{"line":42,"column":21},"end":{"line":42,"column":41}},"15":{"start":{"line":43,"column":6},"end":{"line":43,"column":26}},"16":{"start":{"line":44,"column":6},"end":{"line":44,"column":44}},"17":{"start":{"line":46,"column":6},"end":{"line":46,"column":26}},"18":{"start":{"line":48,"column":6},"end":{"line":48,"column":50}},"19":{"start":{"line":53,"column":26},"end":{"line":64,"column":3}},"20":{"start":{"line":54,"column":4},"end":{"line":63,"column":5}},"21":{"start":{"line":55,"column":21},"end":{"line":55,"column":42}},"22":{"start":{"line":56,"column":6},"end":{"line":56,"column":26}},"23":{"start":{"line":57,"column":6},"end":{"line":57,"column":43}},"24":{"start":{"line":59,"column":6},"end":{"line":59,"column":26}},"25":{"start":{"line":61,"column":6},"end":{"line":61,"column":49}},"26":{"start":{"line":66,"column":2},"end":{"line":74,"column":4}}},"fnMap":{"0":{"name":"SignUpScreen","decl":{"start":{"line":5,"column":24},"end":{"line":5,"column":36}},"loc":{"start":{"line":5,"column":39},"end":{"line":75,"column":1}},"line":5},"1":{"name":"(anonymous_1)","decl":{"start":{"line":6,"column":22},"end":{"line":6,"column":23}},"loc":{"start":{"line":6,"column":28},"end":{"line":8,"column":3}},"line":6},"2":{"name":"(anonymous_2)","decl":{"start":{"line":10,"column":23},"end":{"line":10,"column":24}},"loc":{"start":{"line":15,"column":8},"end":{"line":38,"column":3}},"line":15},"3":{"name":"(anonymous_3)","decl":{"start":{"line":40,"column":27},"end":{"line":40,"column":28}},"loc":{"start":{"line":40,"column":39},"end":{"line":51,"column":3}},"line":40},"4":{"name":"(anonymous_4)","decl":{"start":{"line":53,"column":26},"end":{"line":53,"column":27}},"loc":{"start":{"line":53,"column":38},"end":{"line":64,"column":3}},"line":53}},"branchMap":{"0":{"loc":{"start":{"line":19,"column":6},"end":{"line":21,"column":7}},"type":"if","locations":[{"start":{"line":19,"column":6},"end":{"line":21,"column":7}},{"start":{},"end":{}}],"line":19},"1":{"loc":{"start":{"line":19,"column":10},"end":{"line":19,"column":33}},"type":"binary-expr","locations":[{"start":{"line":19,"column":10},"end":{"line":19,"column":14}},{"start":{"line":19,"column":18},"end":{"line":19,"column":24}},{"start":{"line":19,"column":28},"end":{"line":19,"column":33}}],"line":19}},"s":{"0":9,"1":1,"2":9,"3":3,"4":3,"5":3,"6":1,"7":2,"8":2,"9":1,"10":1,"11":2,"12":9,"13":2,"14":2,"15":1,"16":1,"17":1,"18":1,"19":9,"20":2,"21":2,"22":1,"23":1,"24":1,"25":1,"26":9},"f":{"0":9,"1":1,"2":3,"3":2,"4":2},"b":{"0":[1,2],"1":[3,3,2]},"_coverageSchema":"1a1c01bbd47fc00a2c39e90264f33305004495a9","hash":"c2b9dd5f685973fa5c26ad4ba9d6783dc9e9cc93"}
,"C:\\Users\\Asus\\OneDrive\\Desktop\\Sasha\\Kuliah\\Sem 6\\PPL (EVIL) (Github)\\mobile-app\\app\\signUp\\otp.tsx": {"path":"C:\\Users\\Asus\\OneDrive\\Desktop\\Sasha\\Kuliah\\Sem 6\\PPL (EVIL) (Github)\\mobile-app\\app\\signUp\\otp.tsx","statementMap":{"0":{"start":{"line":7,"column":24},"end":{"line":49,"column":1}},"1":{"start":{"line":8,"column":23},"end":{"line":8,"column":40}},"2":{"start":{"line":9,"column":16},"end":{"line":9,"column":41}},"3":{"start":{"line":11,"column":23},"end":{"line":38,"column":3}},"4":{"start":{"line":12,"column":4},"end":{"line":37,"column":5}},"5":{"start":{"line":13,"column":6},"end":{"line":15,"column":7}},"6":{"start":{"line":14,"column":8},"end":{"line":14,"column":44}},"7":{"start":{"line":17,"column":21},"end":{"line":20,"column":7}},"8":{"start":{"line":22,"column":6},"end":{"line":25,"column":63}},"9":{"start":{"line":23,"column":8},"end":{"line":23,"column":40}},"10":{"start":{"line":25,"column":8},"end":{"line":25,"column":63}},"11":{"start":{"line":26,"column":6},"end":{"line":26,"column":33}},"12":{"start":{"line":28,"column":6},"end":{"line":28,"column":26}},"13":{"start":{"line":30,"column":6},"end":{"line":36,"column":7}},"14":{"start":{"line":31,"column":8},"end":{"line":31,"column":62}},"15":{"start":{"line":32,"column":8},"end":{"line":32,"column":48}},"16":{"start":{"line":34,"column":8},"end":{"line":34,"column":76}},"17":{"start":{"line":35,"column":8},"end":{"line":35,"column":48}},"18":{"start":{"line":40,"column":2},"end":{"line":48,"column":4}},"19":{"start":{"line":45,"column":24},"end":{"line":45,"column":54}},"20":{"start":{"line":51,"column":15},"end":{"line":61,"column":2}}},"fnMap":{"0":{"name":"(anonymous_0)","decl":{"start":{"line":7,"column":24},"end":{"line":7,"column":25}},"loc":{"start":{"line":7,"column":30},"end":{"line":49,"column":1}},"line":7},"1":{"name":"(anonymous_1)","decl":{"start":{"line":11,"column":23},"end":{"line":11,"column":24}},"loc":{"start":{"line":11,"column":46},"end":{"line":38,"column":3}},"line":11},"2":{"name":"(anonymous_2)","decl":{"start":{"line":45,"column":18},"end":{"line":45,"column":19}},"loc":{"start":{"line":45,"column":24},"end":{"line":45,"column":54}},"line":45}},"branchMap":{"0":{"loc":{"start":{"line":13,"column":6},"end":{"line":15,"column":7}},"type":"if","locations":[{"start":{"line":13,"column":6},"end":{"line":15,"column":7}},{"start":{},"end":{}}],"line":13},"1":{"loc":{"start":{"line":22,"column":6},"end":{"line":25,"column":63}},"type":"if","locations":[{"start":{"line":22,"column":6},"end":{"line":25,"column":63}},{"start":{"line":25,"column":8},"end":{"line":25,"column":63}}],"line":22},"2":{"loc":{"start":{"line":30,"column":6},"end":{"line":36,"column":7}},"type":"if","locations":[{"start":{"line":30,"column":6},"end":{"line":36,"column":7}},{"start":{"line":33,"column":13},"end":{"line":36,"column":7}}],"line":30}},"s":{"0":1,"1":10,"2":10,"3":10,"4":6,"5":6,"6":1,"7":5,"8":3,"9":1,"10":2,"11":2,"12":2,"13":4,"14":3,"15":3,"16":1,"17":1,"18":10,"19":1,"20":1},"f":{"0":10,"1":6,"2":1},"b":{"0":[1,5],"1":[1,2],"2":[3,1]},"_coverageSchema":"1a1c01bbd47fc00a2c39e90264f33305004495a9","hash":"3b0a69382952d19ddb0731093c59a0677be5f989"}
,"C:\\Users\\Asus\\OneDrive\\Desktop\\Sasha\\Kuliah\\Sem 6\\PPL (EVIL) (Github)\\mobile-app\\assets\\TagData.ts": {"path":"C:\\Users\\Asus\\OneDrive\\Desktop\\Sasha\\Kuliah\\Sem 6\\PPL (EVIL) (Github)\\mobile-app\\assets\\TagData.ts","statementMap":{"0":{"start":{"line":14,"column":20},"end":{"line":25,"column":1}}},"fnMap":{},"branchMap":{},"s":{"0":1},"f":{},"b":{},"_coverageSchema":"1a1c01bbd47fc00a2c39e90264f33305004495a9","hash":"304c1b0fa1e89524e0840cbd34141e4279790519"}
,"C:\\Users\\Asus\\OneDrive\\Desktop\\Sasha\\Kuliah\\Sem 6\\PPL (EVIL) (Github)\\mobile-app\\assets\\icons.ts": {"path":"C:\\Users\\Asus\\OneDrive\\Desktop\\Sasha\\Kuliah\\Sem 6\\PPL (EVIL) (Github)\\mobile-app\\assets\\icons.ts","statementMap":{"0":{"start":{"line":1,"column":26},"end":{"line":8,"column":1}},"1":{"start":{"line":10,"column":25},"end":{"line":14,"column":1}},"2":{"start":{"line":16,"column":24},"end":{"line":20,"column":1}},"3":{"start":{"line":22,"column":30},"end":{"line":27,"column":1}},"4":{"start":{"line":29,"column":24},"end":{"line":33,"column":1}},"5":{"start":{"line":35,"column":30},"end":{"line":39,"column":1}},"6":{"start":{"line":41,"column":26},"end":{"line":45,"column":1}},"7":{"start":{"line":47,"column":32},"end":{"line":51,"column":1}},"8":{"start":{"line":53,"column":28},"end":{"line":59,"column":1}},"9":{"start":{"line":61,"column":34},"end":{"line":67,"column":1}},"10":{"start":{"line":69,"column":24},"end":{"line":73,"column":1}},"11":{"start":{"line":75,"column":30},"end":{"line":79,"column":1}},"12":{"start":{"line":81,"column":24},"end":{"line":85,"column":1}},"13":{"start":{"line":87,"column":30},"end":{"line":91,"column":1}},"14":{"start":{"line":93,"column":21},"end":{"line":97,"column":1}},"15":{"start":{"line":99,"column":27},"end":{"line":103,"column":1}},"16":{"start":{"line":105,"column":26},"end":{"line":109,"column":1}},"17":{"start":{"line":111,"column":31},"end":{"line":115,"column":1}},"18":{"start":{"line":117,"column":24},"end":{"line":121,"column":1}},"19":{"start":{"line":123,"column":22},"end":{"line":127,"column":1}},"20":{"start":{"line":129,"column":31},"end":{"line":133,"column":1}},"21":{"start":{"line":135,"column":32},"end":{"line":139,"column":1}},"22":{"start":{"line":141,"column":31},"end":{"line":145,"column":1}}},"fnMap":{},"branchMap":{},"s":{"0":7,"1":7,"2":7,"3":7,"4":7,"5":7,"6":7,"7":7,"8":7,"9":7,"10":7,"11":7,"12":7,"13":7,"14":7,"15":7,"16":7,"17":7,"18":7,"19":7,"20":7,"21":7,"22":7},"f":{},"b":{},"_coverageSchema":"1a1c01bbd47fc00a2c39e90264f33305004495a9","hash":"99c4f15204cb2cece4c3b27c5bfaeebafa991981"}
,"C:\\Users\\Asus\\OneDrive\\Desktop\\Sasha\\Kuliah\\Sem 6\\PPL (EVIL) (Github)\\mobile-app\\assets\\pins.ts": {"path":"C:\\Users\\Asus\\OneDrive\\Desktop\\Sasha\\Kuliah\\Sem 6\\PPL (EVIL) (Github)\\mobile-app\\assets\\pins.ts","statementMap":{"0":{"start":{"line":1,"column":27},"end":{"line":7,"column":1}},"1":{"start":{"line":9,"column":28},"end":{"line":15,"column":1}},"2":{"start":{"line":17,"column":24},"end":{"line":22,"column":1}},"3":{"start":{"line":24,"column":29},"end":{"line":29,"column":1}},"4":{"start":{"line":31,"column":24},"end":{"line":36,"column":1}},"5":{"start":{"line":38,"column":26},"end":{"line":43,"column":1}},"6":{"start":{"line":45,"column":23},"end":{"line":50,"column":1}},"7":{"start":{"line":52,"column":32},"end":{"line":57,"column":1}},"8":{"start":{"line":59,"column":29},"end":{"line":64,"column":1}},"9":{"start":{"line":66,"column":29},"end":{"line":71,"column":1}}},"fnMap":{},"branchMap":{},"s":{"0":1,"1":1,"2":1,"3":1,"4":1,"5":1,"6":1,"7":1,"8":1,"9":1},"f":{},"b":{},"_coverageSchema":"1a1c01bbd47fc00a2c39e90264f33305004495a9","hash":"ec982439bf95d2e974ddb2d2263ed1c8a40246ae"}
,"C:\\Users\\Asus\\OneDrive\\Desktop\\Sasha\\Kuliah\\Sem 6\\PPL (EVIL) (Github)\\mobile-app\\assets\\tags.ts": {"path":"C:\\Users\\Asus\\OneDrive\\Desktop\\Sasha\\Kuliah\\Sem 6\\PPL (EVIL) (Github)\\mobile-app\\assets\\tags.ts","statementMap":{"0":{"start":{"line":1,"column":27},"end":{"line":5,"column":1}},"1":{"start":{"line":7,"column":28},"end":{"line":11,"column":1}},"2":{"start":{"line":13,"column":24},"end":{"line":17,"column":1}},"3":{"start":{"line":19,"column":29},"end":{"line":23,"column":1}},"4":{"start":{"line":26,"column":24},"end":{"line":30,"column":1}},"5":{"start":{"line":32,"column":26},"end":{"line":36,"column":1}},"6":{"start":{"line":38,"column":23},"end":{"line":42,"column":1}},"7":{"start":{"line":44,"column":32},"end":{"line":53,"column":1}},"8":{"start":{"line":55,"column":29},"end":{"line":59,"column":1}},"9":{"start":{"line":61,"column":29},"end":{"line":67,"column":1}}},"fnMap":{},"branchMap":{},"s":{"0":1,"1":1,"2":1,"3":1,"4":1,"5":1,"6":1,"7":1,"8":1,"9":1},"f":{},"b":{},"_coverageSchema":"1a1c01bbd47fc00a2c39e90264f33305004495a9","hash":"6723272e9014931a55306488c11117267d90afc3"}
,"C:\\Users\\Asus\\OneDrive\\Desktop\\Sasha\\Kuliah\\Sem 6\\PPL (EVIL) (Github)\\mobile-app\\assets\\tagsDark.ts": {"path":"C:\\Users\\Asus\\OneDrive\\Desktop\\Sasha\\Kuliah\\Sem 6\\PPL (EVIL) (Github)\\mobile-app\\assets\\tagsDark.ts","statementMap":{"0":{"start":{"line":1,"column":27},"end":{"line":4,"column":7}},"1":{"start":{"line":6,"column":28},"end":{"line":10,"column":1}},"2":{"start":{"line":12,"column":24},"end":{"line":16,"column":1}},"3":{"start":{"line":18,"column":29},"end":{"line":22,"column":1}},"4":{"start":{"line":25,"column":24},"end":{"line":29,"column":1}},"5":{"start":{"line":31,"column":26},"end":{"line":35,"column":1}},"6":{"start":{"line":37,"column":23},"end":{"line":41,"column":1}},"7":{"start":{"line":43,"column":32},"end":{"line":52,"column":1}},"8":{"start":{"line":54,"column":29},"end":{"line":58,"column":1}},"9":{"start":{"line":60,"column":29},"end":{"line":66,"column":1}}},"fnMap":{},"branchMap":{},"s":{"0":1,"1":1,"2":1,"3":1,"4":1,"5":1,"6":1,"7":1,"8":1,"9":1},"f":{},"b":{},"_coverageSchema":"1a1c01bbd47fc00a2c39e90264f33305004495a9","hash":"71deb7b575ade640b8fffde6e8ccdff15ce66f30"}
,"C:\\Users\\Asus\\OneDrive\\Desktop\\Sasha\\Kuliah\\Sem 6\\PPL (EVIL) (Github)\\mobile-app\\assets\\userInteractions.ts": {"path":"C:\\Users\\Asus\\OneDrive\\Desktop\\Sasha\\Kuliah\\Sem 6\\PPL (EVIL) (Github)\\mobile-app\\assets\\userInteractions.ts","statementMap":{"0":{"start":{"line":1,"column":24},"end":{"line":5,"column":1}},"1":{"start":{"line":7,"column":27},"end":{"line":11,"column":1}}},"fnMap":{},"branchMap":{},"s":{"0":1,"1":1},"f":{},"b":{},"_coverageSchema":"1a1c01bbd47fc00a2c39e90264f33305004495a9","hash":"2eab3f474221a0361d05e57664aed2e2190a5137"}
,"C:\\Users\\Asus\\OneDrive\\Desktop\\Sasha\\Kuliah\\Sem 6\\PPL (EVIL) (Github)\\mobile-app\\components\\buttons\\Button.tsx": {"path":"C:\\Users\\Asus\\OneDrive\\Desktop\\Sasha\\Kuliah\\Sem 6\\PPL (EVIL) (Github)\\mobile-app\\components\\buttons\\Button.tsx","statementMap":{"0":{"start":{"line":11,"column":38},"end":{"line":17,"column":1}},"1":{"start":{"line":12,"column":2},"end":{"line":16,"column":4}},"2":{"start":{"line":19,"column":15},"end":{"line":35,"column":2}}},"fnMap":{"0":{"name":"(anonymous_0)","decl":{"start":{"line":11,"column":38},"end":{"line":11,"column":39}},"loc":{"start":{"line":11,"column":91},"end":{"line":17,"column":1}},"line":11}},"branchMap":{"0":{"loc":{"start":{"line":11,"column":67},"end":{"line":11,"column":84}},"type":"default-arg","locations":[{"start":{"line":11,"column":76},"end":{"line":11,"column":84}}],"line":11}},"s":{"0":10,"1":237,"2":10},"f":{"0":237},"b":{"0":[11]},"_coverageSchema":"1a1c01bbd47fc00a2c39e90264f33305004495a9","hash":"00af05ddde0afd6116c5c7c24afb3400071cd8a5"}
,"C:\\Users\\Asus\\OneDrive\\Desktop\\Sasha\\Kuliah\\Sem 6\\PPL (EVIL) (Github)\\mobile-app\\components\\buttons\\MapButton.tsx": {"path":"C:\\Users\\Asus\\OneDrive\\Desktop\\Sasha\\Kuliah\\Sem 6\\PPL (EVIL) (Github)\\mobile-app\\components\\buttons\\MapButton.tsx","statementMap":{"0":{"start":{"line":12,"column":44},"end":{"line":18,"column":1}},"1":{"start":{"line":13,"column":2},"end":{"line":17,"column":4}},"2":{"start":{"line":20,"column":15},"end":{"line":33,"column":2}}},"fnMap":{"0":{"name":"(anonymous_0)","decl":{"start":{"line":12,"column":44},"end":{"line":12,"column":45}},"loc":{"start":{"line":12,"column":100},"end":{"line":18,"column":1}},"line":12}},"branchMap":{"0":{"loc":{"start":{"line":12,"column":47},"end":{"line":12,"column":61}},"type":"default-arg","locations":[{"start":{"line":12,"column":56},"end":{"line":12,"column":61}}],"line":12},"1":{"loc":{"start":{"line":12,"column":72},"end":{"line":12,"column":93}},"type":"default-arg","locations":[{"start":{"line":12,"column":81},"end":{"line":12,"column":93}}],"line":12},"2":{"loc":{"start":{"line":15,"column":19},"end":{"line":15,"column":61}},"type":"cond-expr","locations":[{"start":{"line":15,"column":28},"end":{"line":15,"column":46}},{"start":{"line":15,"column":49},"end":{"line":15,"column":61}}],"line":15}},"s":{"0":1,"1":4,"2":1},"f":{"0":4},"b":{"0":[2],"1":[4],"2":[1,3]},"_coverageSchema":"1a1c01bbd47fc00a2c39e90264f33305004495a9","hash":"ef18230c4c69d2d0f028aaac2a69b4d1740d18d9"}
,"C:\\Users\\Asus\\OneDrive\\Desktop\\Sasha\\Kuliah\\Sem 6\\PPL (EVIL) (Github)\\mobile-app\\components\\buttons\\NavButton.tsx": {"path":"C:\\Users\\Asus\\OneDrive\\Desktop\\Sasha\\Kuliah\\Sem 6\\PPL (EVIL) (Github)\\mobile-app\\components\\buttons\\NavButton.tsx","statementMap":{"0":{"start":{"line":13,"column":14},"end":{"line":18,"column":1}},"1":{"start":{"line":20,"column":44},"end":{"line":39,"column":1}},"2":{"start":{"line":21,"column":20},"end":{"line":21,"column":75}},"3":{"start":{"line":23,"column":2},"end":{"line":38,"column":4}},"4":{"start":{"line":41,"column":15},"end":{"line":60,"column":2}}},"fnMap":{"0":{"name":"(anonymous_0)","decl":{"start":{"line":20,"column":44},"end":{"line":20,"column":45}},"loc":{"start":{"line":20,"column":123},"end":{"line":39,"column":1}},"line":20}},"branchMap":{"0":{"loc":{"start":{"line":20,"column":47},"end":{"line":20,"column":60}},"type":"default-arg","locations":[{"start":{"line":20,"column":54},"end":{"line":20,"column":60}}],"line":20},"1":{"loc":{"start":{"line":20,"column":62},"end":{"line":20,"column":76}},"type":"default-arg","locations":[{"start":{"line":20,"column":71},"end":{"line":20,"column":76}}],"line":20},"2":{"loc":{"start":{"line":20,"column":87},"end":{"line":20,"column":116}},"type":"default-arg","locations":[{"start":{"line":20,"column":96},"end":{"line":20,"column":116}}],"line":20},"3":{"loc":{"start":{"line":21,"column":20},"end":{"line":21,"column":75}},"type":"cond-expr","locations":[{"start":{"line":21,"column":39},"end":{"line":21,"column":65}},{"start":{"line":21,"column":69},"end":{"line":21,"column":75}}],"line":21},"4":{"loc":{"start":{"line":26,"column":13},"end":{"line":26,"column":73}},"type":"cond-expr","locations":[{"start":{"line":26,"column":22},"end":{"line":26,"column":45}},{"start":{"line":26,"column":48},"end":{"line":26,"column":73}}],"line":26},"5":{"loc":{"start":{"line":30,"column":14},"end":{"line":30,"column":41}},"type":"cond-expr","locations":[{"start":{"line":30,"column":23},"end":{"line":30,"column":32}},{"start":{"line":30,"column":35},"end":{"line":30,"column":41}}],"line":30},"6":{"loc":{"start":{"line":32,"column":7},"end":{"line":35,"column":13}},"type":"binary-expr","locations":[{"start":{"line":32,"column":7},"end":{"line":32,"column":13}},{"start":{"line":33,"column":6},"end":{"line":35,"column":13}}],"line":32},"7":{"loc":{"start":{"line":33,"column":36},"end":{"line":33,"column":63}},"type":"binary-expr","locations":[{"start":{"line":33,"column":36},"end":{"line":33,"column":42}},{"start":{"line":33,"column":46},"end":{"line":33,"column":63}}],"line":33}},"s":{"0":1,"1":1,"2":9,"3":9,"4":1},"f":{"0":9},"b":{"0":[1],"1":[5],"2":[9],"3":[8,1],"4":[3,6],"5":[3,6],"6":[9,3],"7":[3,3]},"_coverageSchema":"1a1c01bbd47fc00a2c39e90264f33305004495a9","hash":"4e9abcbc7ad0d5dc7586044a915f685d0bf88def"}
,"C:\\Users\\Asus\\OneDrive\\Desktop\\Sasha\\Kuliah\\Sem 6\\PPL (EVIL) (Github)\\mobile-app\\components\\buttons\\SocialButton.tsx": {"path":"C:\\Users\\Asus\\OneDrive\\Desktop\\Sasha\\Kuliah\\Sem 6\\PPL (EVIL) (Github)\\mobile-app\\components\\buttons\\SocialButton.tsx","statementMap":{"0":{"start":{"line":11,"column":57},"end":{"line":17,"column":1}},"1":{"start":{"line":12,"column":2},"end":{"line":16,"column":4}},"2":{"start":{"line":19,"column":15},"end":{"line":29,"column":2}}},"fnMap":{"0":{"name":"(anonymous_0)","decl":{"start":{"line":11,"column":57},"end":{"line":11,"column":58}},"loc":{"start":{"line":11,"column":109},"end":{"line":17,"column":1}},"line":11}},"branchMap":{"0":{"loc":{"start":{"line":11,"column":78},"end":{"line":11,"column":102}},"type":"default-arg","locations":[{"start":{"line":11,"column":87},"end":{"line":11,"column":102}}],"line":11}},"s":{"0":3,"1":193,"2":3},"f":{"0":193},"b":{"0":[1]},"_coverageSchema":"1a1c01bbd47fc00a2c39e90264f33305004495a9","hash":"a9b781913baa6fdbf8d9a69116484cca389cba18"}
,"C:\\Users\\Asus\\OneDrive\\Desktop\\Sasha\\Kuliah\\Sem 6\\PPL (EVIL) (Github)\\mobile-app\\components\\buttons\\post\\MoreOptionsButton.tsx": {"path":"C:\\Users\\Asus\\OneDrive\\Desktop\\Sasha\\Kuliah\\Sem 6\\PPL (EVIL) (Github)\\mobile-app\\components\\buttons\\post\\MoreOptionsButton.tsx","statementMap":{"0":{"start":{"line":6,"column":20},"end":{"line":6,"column":50}},"1":{"start":{"line":15,"column":60},"end":{"line":57,"column":1}},"2":{"start":{"line":16,"column":2},"end":{"line":56,"column":4}},"3":{"start":{"line":21,"column":10},"end":{"line":21,"column":26}},"4":{"start":{"line":22,"column":10},"end":{"line":22,"column":23}},"5":{"start":{"line":35,"column":10},"end":{"line":35,"column":21}},"6":{"start":{"line":36,"column":10},"end":{"line":36,"column":23}},"7":{"start":{"line":47,"column":10},"end":{"line":47,"column":21}},"8":{"start":{"line":48,"column":10},"end":{"line":48,"column":23}},"9":{"start":{"line":59,"column":15},"end":{"line":115,"column":2}}},"fnMap":{"0":{"name":"(anonymous_0)","decl":{"start":{"line":15,"column":60},"end":{"line":15,"column":61}},"loc":{"start":{"line":15,"column":115},"end":{"line":57,"column":1}},"line":15},"1":{"name":"(anonymous_1)","decl":{"start":{"line":20,"column":17},"end":{"line":20,"column":18}},"loc":{"start":{"line":20,"column":23},"end":{"line":23,"column":9}},"line":20},"2":{"name":"(anonymous_2)","decl":{"start":{"line":34,"column":17},"end":{"line":34,"column":18}},"loc":{"start":{"line":34,"column":23},"end":{"line":37,"column":9}},"line":34},"3":{"name":"(anonymous_3)","decl":{"start":{"line":46,"column":17},"end":{"line":46,"column":18}},"loc":{"start":{"line":46,"column":23},"end":{"line":49,"column":9}},"line":46}},"branchMap":{},"s":{"0":1,"1":1,"2":1,"3":1,"4":1,"5":0,"6":0,"7":1,"8":1,"9":1},"f":{"0":1,"1":1,"2":0,"3":1},"b":{},"_coverageSchema":"1a1c01bbd47fc00a2c39e90264f33305004495a9","hash":"3c41ffa4c87eb306de7a803a6ede232e31dc34e7"}
,"C:\\Users\\Asus\\OneDrive\\Desktop\\Sasha\\Kuliah\\Sem 6\\PPL (EVIL) (Github)\\mobile-app\\components\\displays\\DataTabs.tsx": {"path":"C:\\Users\\Asus\\OneDrive\\Desktop\\Sasha\\Kuliah\\Sem 6\\PPL (EVIL) (Github)\\mobile-app\\components\\displays\\DataTabs.tsx","statementMap":{"0":{"start":{"line":39,"column":27},"end":{"line":43,"column":1}},"1":{"start":{"line":40,"column":2},"end":{"line":42,"column":9}},"2":{"start":{"line":62,"column":24},"end":{"line":62,"column":55}},"3":{"start":{"line":63,"column":36},"end":{"line":63,"column":67}},"4":{"start":{"line":64,"column":36},"end":{"line":78,"column":4}},"5":{"start":{"line":65,"column":47},"end":{"line":65,"column":49}},"6":{"start":{"line":66,"column":4},"end":{"line":76,"column":7}},"7":{"start":{"line":67,"column":6},"end":{"line":75,"column":8}},"8":{"start":{"line":77,"column":4},"end":{"line":77,"column":17}},"9":{"start":{"line":80,"column":22},"end":{"line":80,"column":47}},"10":{"start":{"line":81,"column":26},"end":{"line":81,"column":46}},"11":{"start":{"line":82,"column":26},"end":{"line":82,"column":61}},"12":{"start":{"line":82,"column":41},"end":{"line":82,"column":60}},"13":{"start":{"line":84,"column":19},"end":{"line":132,"column":3}},"14":{"start":{"line":86,"column":6},"end":{"line":94,"column":10}},"15":{"start":{"line":86,"column":30},"end":{"line":94,"column":7}},"16":{"start":{"line":96,"column":24},"end":{"line":96,"column":58}},"17":{"start":{"line":96,"column":41},"end":{"line":96,"column":57}},"18":{"start":{"line":97,"column":6},"end":{"line":97,"column":29}},"19":{"start":{"line":97,"column":22},"end":{"line":97,"column":29}},"20":{"start":{"line":99,"column":6},"end":{"line":129,"column":7}},"21":{"start":{"line":100,"column":23},"end":{"line":100,"column":63}},"22":{"start":{"line":101,"column":8},"end":{"line":118,"column":11}},"23":{"start":{"line":102,"column":28},"end":{"line":102,"column":40}},"24":{"start":{"line":104,"column":12},"end":{"line":106,"column":53}},"25":{"start":{"line":107,"column":10},"end":{"line":117,"column":12}},"26":{"start":{"line":120,"column":8},"end":{"line":128,"column":12}},"27":{"start":{"line":120,"column":32},"end":{"line":128,"column":9}},"28":{"start":{"line":135,"column":2},"end":{"line":139,"column":75}},"29":{"start":{"line":136,"column":4},"end":{"line":138,"column":5}},"30":{"start":{"line":137,"column":6},"end":{"line":137,"column":35}},"31":{"start":{"line":142,"column":2},"end":{"line":147,"column":79}},"32":{"start":{"line":143,"column":16},"end":{"line":143,"column":53}},"33":{"start":{"line":143,"column":33},"end":{"line":143,"column":52}},"34":{"start":{"line":144,"column":4},"end":{"line":146,"column":5}},"35":{"start":{"line":145,"column":6},"end":{"line":145,"column":35}},"36":{"start":{"line":147,"column":22},"end":{"line":147,"column":38}},"37":{"start":{"line":149,"column":20},"end":{"line":149,"column":54}},"38":{"start":{"line":149,"column":26},"end":{"line":149,"column":54}},"39":{"start":{"line":150,"column":26},"end":{"line":153,"column":3}},"40":{"start":{"line":151,"column":4},"end":{"line":151,"column":72}},"41":{"start":{"line":152,"column":4},"end":{"line":152,"column":22}},"42":{"start":{"line":155,"column":23},"end":{"line":169,"column":3}},"43":{"start":{"line":156,"column":4},"end":{"line":167,"column":5}},"44":{"start":{"line":161,"column":6},"end":{"line":166,"column":8}},"45":{"start":{"line":168,"column":4},"end":{"line":168,"column":16}},"46":{"start":{"line":172,"column":31},"end":{"line":174,"column":3}},"47":{"start":{"line":173,"column":4},"end":{"line":173,"column":53}},"48":{"start":{"line":177,"column":33},"end":{"line":179,"column":3}},"49":{"start":{"line":178,"column":4},"end":{"line":178,"column":57}},"50":{"start":{"line":181,"column":24},"end":{"line":220,"column":3}},"51":{"start":{"line":182,"column":4},"end":{"line":189,"column":5}},"52":{"start":{"line":183,"column":6},"end":{"line":188,"column":6}},"53":{"start":{"line":190,"column":4},"end":{"line":202,"column":5}},"54":{"start":{"line":191,"column":6},"end":{"line":201,"column":8}},"55":{"start":{"line":195,"column":27},"end":{"line":195,"column":55}},"56":{"start":{"line":203,"column":4},"end":{"line":219,"column":6}},"57":{"start":{"line":223,"column":2},"end":{"line":251,"column":4}},"58":{"start":{"line":227,"column":10},"end":{"line":245,"column":29}},"59":{"start":{"line":231,"column":27},"end":{"line":231,"column":49}},"60":{"start":{"line":254,"column":15},"end":{"line":290,"column":2}}},"fnMap":{"0":{"name":"(anonymous_0)","decl":{"start":{"line":39,"column":27},"end":{"line":39,"column":28}},"loc":{"start":{"line":40,"column":2},"end":{"line":42,"column":9}},"line":40},"1":{"name":"DataTabs","decl":{"start":{"line":54,"column":24},"end":{"line":54,"column":32}},"loc":{"start":{"line":61,"column":31},"end":{"line":252,"column":1}},"line":61},"2":{"name":"(anonymous_2)","decl":{"start":{"line":64,"column":74},"end":{"line":64,"column":75}},"loc":{"start":{"line":64,"column":80},"end":{"line":78,"column":3}},"line":64},"3":{"name":"(anonymous_3)","decl":{"start":{"line":66,"column":17},"end":{"line":66,"column":18}},"loc":{"start":{"line":66,"column":26},"end":{"line":76,"column":5}},"line":66},"4":{"name":"(anonymous_4)","decl":{"start":{"line":82,"column":36},"end":{"line":82,"column":37}},"loc":{"start":{"line":82,"column":41},"end":{"line":82,"column":60}},"line":82},"5":{"name":"(anonymous_5)","decl":{"start":{"line":85,"column":4},"end":{"line":85,"column":5}},"loc":{"start":{"line":85,"column":70},"end":{"line":130,"column":5}},"line":85},"6":{"name":"(anonymous_6)","decl":{"start":{"line":86,"column":19},"end":{"line":86,"column":20}},"loc":{"start":{"line":86,"column":30},"end":{"line":94,"column":7}},"line":86},"7":{"name":"(anonymous_7)","decl":{"start":{"line":96,"column":34},"end":{"line":96,"column":35}},"loc":{"start":{"line":96,"column":41},"end":{"line":96,"column":57}},"line":96},"8":{"name":"(anonymous_8)","decl":{"start":{"line":101,"column":21},"end":{"line":101,"column":22}},"loc":{"start":{"line":101,"column":31},"end":{"line":118,"column":9}},"line":101},"9":{"name":"(anonymous_9)","decl":{"start":{"line":120,"column":21},"end":{"line":120,"column":22}},"loc":{"start":{"line":120,"column":32},"end":{"line":128,"column":9}},"line":120},"10":{"name":"(anonymous_10)","decl":{"start":{"line":135,"column":12},"end":{"line":135,"column":13}},"loc":{"start":{"line":135,"column":18},"end":{"line":139,"column":3}},"line":135},"11":{"name":"(anonymous_11)","decl":{"start":{"line":142,"column":12},"end":{"line":142,"column":13}},"loc":{"start":{"line":142,"column":18},"end":{"line":147,"column":3}},"line":142},"12":{"name":"(anonymous_12)","decl":{"start":{"line":143,"column":26},"end":{"line":143,"column":27}},"loc":{"start":{"line":143,"column":33},"end":{"line":143,"column":52}},"line":143},"13":{"name":"(anonymous_13)","decl":{"start":{"line":147,"column":15},"end":{"line":147,"column":16}},"loc":{"start":{"line":147,"column":22},"end":{"line":147,"column":38}},"line":147},"14":{"name":"(anonymous_14)","decl":{"start":{"line":149,"column":20},"end":{"line":149,"column":21}},"loc":{"start":{"line":149,"column":26},"end":{"line":149,"column":54}},"line":149},"15":{"name":"(anonymous_15)","decl":{"start":{"line":150,"column":26},"end":{"line":150,"column":27}},"loc":{"start":{"line":150,"column":43},"end":{"line":153,"column":3}},"line":150},"16":{"name":"(anonymous_16)","decl":{"start":{"line":155,"column":23},"end":{"line":155,"column":24}},"loc":{"start":{"line":155,"column":29},"end":{"line":169,"column":3}},"line":155},"17":{"name":"(anonymous_17)","decl":{"start":{"line":172,"column":31},"end":{"line":172,"column":32}},"loc":{"start":{"line":172,"column":37},"end":{"line":174,"column":3}},"line":172},"18":{"name":"(anonymous_18)","decl":{"start":{"line":177,"column":33},"end":{"line":177,"column":34}},"loc":{"start":{"line":177,"column":39},"end":{"line":179,"column":3}},"line":177},"19":{"name":"(anonymous_19)","decl":{"start":{"line":181,"column":24},"end":{"line":181,"column":25}},"loc":{"start":{"line":181,"column":30},"end":{"line":220,"column":3}},"line":181},"20":{"name":"(anonymous_20)","decl":{"start":{"line":195,"column":21},"end":{"line":195,"column":22}},"loc":{"start":{"line":195,"column":27},"end":{"line":195,"column":55}},"line":195},"21":{"name":"(anonymous_21)","decl":{"start":{"line":226,"column":18},"end":{"line":226,"column":19}},"loc":{"start":{"line":227,"column":10},"end":{"line":245,"column":29}},"line":227},"22":{"name":"(anonymous_22)","decl":{"start":{"line":231,"column":21},"end":{"line":231,"column":22}},"loc":{"start":{"line":231,"column":27},"end":{"line":231,"column":49}},"line":231}},"branchMap":{"0":{"loc":{"start":{"line":60,"column":2},"end":{"line":60,"column":25}},"type":"default-arg","locations":[{"start":{"line":60,"column":20},"end":{"line":60,"column":25}}],"line":60},"1":{"loc":{"start":{"line":62,"column":24},"end":{"line":62,"column":55}},"type":"binary-expr","locations":[{"start":{"line":62,"column":24},"end":{"line":62,"column":40}},{"start":{"line":62,"column":44},"end":{"line":62,"column":55}}],"line":62},"2":{"loc":{"start":{"line":85,"column":41},"end":{"line":85,"column":65}},"type":"default-arg","locations":[{"start":{"line":85,"column":60},"end":{"line":85,"column":65}}],"line":85},"3":{"loc":{"start":{"line":90,"column":19},"end":{"line":90,"column":41}},"type":"binary-expr","locations":[{"start":{"line":90,"column":19},"end":{"line":90,"column":29}},{"start":{"line":90,"column":33},"end":{"line":90,"column":41}}],"line":90},"4":{"loc":{"start":{"line":97,"column":6},"end":{"line":97,"column":29}},"type":"if","locations":[{"start":{"line":97,"column":6},"end":{"line":97,"column":29}},{"start":{},"end":{}}],"line":97},"5":{"loc":{"start":{"line":104,"column":12},"end":{"line":106,"column":53}},"type":"cond-expr","locations":[{"start":{"line":105,"column":16},"end":{"line":105,"column":28}},{"start":{"line":106,"column":16},"end":{"line":106,"column":53}}],"line":104},"6":{"loc":{"start":{"line":104,"column":12},"end":{"line":104,"column":33}},"type":"binary-expr","locations":[{"start":{"line":104,"column":12},"end":{"line":104,"column":22}},{"start":{"line":104,"column":26},"end":{"line":104,"column":33}}],"line":104},"7":{"loc":{"start":{"line":126,"column":19},"end":{"line":126,"column":55}},"type":"binary-expr","locations":[{"start":{"line":126,"column":19},"end":{"line":126,"column":30}},{"start":{"line":126,"column":34},"end":{"line":126,"column":55}}],"line":126},"8":{"loc":{"start":{"line":136,"column":4},"end":{"line":138,"column":5}},"type":"if","locations":[{"start":{"line":136,"column":4},"end":{"line":138,"column":5}},{"start":{},"end":{}}],"line":136},"9":{"loc":{"start":{"line":136,"column":8},"end":{"line":136,"column":62}},"type":"binary-expr","locations":[{"start":{"line":136,"column":8},"end":{"line":136,"column":24}},{"start":{"line":136,"column":28},"end":{"line":136,"column":62}}],"line":136},"10":{"loc":{"start":{"line":144,"column":4},"end":{"line":146,"column":5}},"type":"if","locations":[{"start":{"line":144,"column":4},"end":{"line":146,"column":5}},{"start":{},"end":{}}],"line":144},"11":{"loc":{"start":{"line":156,"column":4},"end":{"line":167,"column":5}},"type":"if","locations":[{"start":{"line":156,"column":4},"end":{"line":167,"column":5}},{"start":{},"end":{}}],"line":156},"12":{"loc":{"start":{"line":157,"column":6},"end":{"line":159,"column":29}},"type":"binary-expr","locations":[{"start":{"line":157,"column":6},"end":{"line":157,"column":30}},{"start":{"line":158,"column":6},"end":{"line":158,"column":33}},{"start":{"line":159,"column":6},"end":{"line":159,"column":29}}],"line":157},"13":{"loc":{"start":{"line":173,"column":11},"end":{"line":173,"column":52}},"type":"binary-expr","locations":[{"start":{"line":173,"column":11},"end":{"line":173,"column":38}},{"start":{"line":173,"column":42},"end":{"line":173,"column":52}}],"line":173},"14":{"loc":{"start":{"line":178,"column":11},"end":{"line":178,"column":56}},"type":"binary-expr","locations":[{"start":{"line":178,"column":11},"end":{"line":178,"column":40}},{"start":{"line":178,"column":44},"end":{"line":178,"column":56}}],"line":178},"15":{"loc":{"start":{"line":182,"column":4},"end":{"line":189,"column":5}},"type":"if","locations":[{"start":{"line":182,"column":4},"end":{"line":189,"column":5}},{"start":{},"end":{}}],"line":182},"16":{"loc":{"start":{"line":182,"column":8},"end":{"line":182,"column":69}},"type":"binary-expr","locations":[{"start":{"line":182,"column":8},"end":{"line":182,"column":31}},{"start":{"line":182,"column":35},"end":{"line":182,"column":69}}],"line":182},"17":{"loc":{"start":{"line":190,"column":4},"end":{"line":202,"column":5}},"type":
[...]
,"C:\\Users\\Asus\\OneDrive\\Desktop\\Sasha\\Kuliah\\Sem 6\\PPL (EVIL) (Github)\\mobile-app\\components\\inputs\\TagDropdown.tsx": {"path":"C:\\Users\\Asus\\OneDrive\\Desktop\\Sasha\\Kuliah\\Sem 6\\PPL (EVIL) (Github)\\mobile-app\\components\\inputs\\TagDropdown.tsx","statementMap":{"0":{"start":{"line":13,"column":48},"end":{"line":31,"column":1}},"1":{"start":{"line":14,"column":42},"end":{"line":14,"column":57}},"2":{"start":{"line":16,"column":2},"end":{"line":30,"column":4}},"3":{"start":{"line":18,"column":63},"end":{"line":18,"column":84}},"4":{"start":{"line":25,"column":23},"end":{"line":25,"column":45}},"5":{"start":{"line":33,"column":15},"end":{"line":55,"column":2}}},"fnMap":{"0":{"name":"(anonymous_0)","decl":{"start":{"line":13,"column":48},"end":{"line":13,"column":49}},"loc":{"start":{"line":13,"column":106},"end":{"line":31,"column":1}},"line":13},"1":{"name":"(anonymous_1)","decl":{"start":{"line":18,"column":57},"end":{"line":18,"column":58}},"loc":{"start":{"line":18,"column":63},"end":{"line":18,"column":84}},"line":18},"2":{"name":"(anonymous_2)","decl":{"start":{"line":25,"column":17},"end":{"line":25,"column":18}},"loc":{"start":{"line":25,"column":23},"end":{"line":25,"column":45}},"line":25}},"branchMap":{"0":{"loc":{"start":{"line":13,"column":77},"end":{"line":13,"column":100}},"type":"default-arg","locations":[{"start":{"line":13,"column":86},"end":{"line":13,"column":100}}],"line":13},"1":{"loc":{"start":{"line":19,"column":35},"end":{"line":19,"column":64}},"type":"binary-expr","locations":[{"start":{"line":19,"column":35},"end":{"line":19,"column":46}},{"start":{"line":19,"column":50},"end":{"line":19,"column":64}}],"line":19}},"s":{"0":1,"1":8,"2":8,"3":2,"4":1,"5":1},"f":{"0":8,"1":2,"2":1},"b":{"0":[7],"1":[8,7]},"_coverageSchema":"1a1c01bbd47fc00a2c39e90264f33305004495a9","hash":"0daa90dff762cdb1065da3c19cb66a25a784227e"}
,"C:\\Users\\Asus\\OneDrive\\Desktop\\Sasha\\Kuliah\\Sem 6\\PPL (EVIL) (Github)\\mobile-app\\components\\inputs\\TagSelector.tsx": {"path":"C:\\Users\\Asus\\OneDrive\\Desktop\\Sasha\\Kuliah\\Sem 6\\PPL (EVIL) (Github)\\mobile-app\\components\\inputs\\TagSelector.tsx","statementMap":{"0":{"start":{"line":16,"column":19},"end":{"line":20,"column":1}},"1":{"start":{"line":28,"column":48},"end":{"line":117,"column":1}},"2":{"start":{"line":29,"column":26},"end":{"line":29,"column":45}},"3":{"start":{"line":30,"column":32},"end":{"line":30,"column":55}},"4":{"start":{"line":31,"column":28},"end":{"line":31,"column":57}},"5":{"start":{"line":33,"column":2},"end":{"line":36,"column":9}},"6":{"start":{"line":35,"column":4},"end":{"line":35,"column":16}},"7":{"start":{"line":38,"column":20},"end":{"line":64,"column":3}},"8":{"start":{"line":39,"column":4},"end":{"line":63,"column":5}},"9":{"start":{"line":40,"column":6},"end":{"line":40,"column":23}},"10":{"start":{"line":41,"column":23},"end":{"line":41,"column":87}},"11":{"start":{"line":42,"column":32},"end":{"line":42,"column":53}},"12":{"start":{"line":44,"column":6},"end":{"line":57,"column":7}},"13":{"start":{"line":47,"column":31},"end":{"line":51,"column":11}},"14":{"start":{"line":47,"column":71},"end":{"line":51,"column":9}},"15":{"start":{"line":53,"column":8},"end":{"line":53,"column":32}},"16":{"start":{"line":54,"column":8},"end":{"line":54,"column":23}},"17":{"start":{"line":56,"column":8},"end":{"line":56,"column":57}},"18":{"start":{"line":59,"column":6},"end":{"line":59,"column":49}},"19":{"start":{"line":60,"column":6},"end":{"line":60,"column":49}},"20":{"start":{"line":62,"column":6},"end":{"line":62,"column":24}},"21":{"start":{"line":66,"column":20},"end":{"line":74,"column":3}},"22":{"start":{"line":68,"column":4},"end":{"line":73,"column":5}},"23":{"start":{"line":69,"column":6},"end":{"line":69,"column":24}},"24":{"start":{"line":72,"column":6},"end":{"line":72,"column":25}},"25":{"start":{"line":76,"column":2},"end":{"line":83,"column":3}},"26":{"start":{"line":77,"column":4},"end":{"line":82,"column":6}},"27":{"start":{"line":85,"column":2},"end":{"line":98,"column":3}},"28":{"start":{"line":86,"column":4},"end":{"line":97,"column":6}},"29":{"start":{"line":100,"column":2},"end":{"line":116,"column":4}},"30":{"start":{"line":103,"column":8},"end":{"line":113,"column":27}},"31":{"start":{"line":109,"column":25},"end":{"line":109,"column":42}},"32":{"start":{"line":119,"column":15},"end":{"line":155,"column":2}}},"fnMap":{"0":{"name":"(anonymous_0)","decl":{"start":{"line":28,"column":48},"end":{"line":28,"column":49}},"loc":{"start":{"line":28,"column":90},"end":{"line":117,"column":1}},"line":28},"1":{"name":"(anonymous_1)","decl":{"start":{"line":33,"column":12},"end":{"line":33,"column":13}},"loc":{"start":{"line":33,"column":18},"end":{"line":36,"column":3}},"line":33},"2":{"name":"(anonymous_2)","decl":{"start":{"line":38,"column":20},"end":{"line":38,"column":21}},"loc":{"start":{"line":38,"column":32},"end":{"line":64,"column":3}},"line":38},"3":{"name":"(anonymous_3)","decl":{"start":{"line":47,"column":45},"end":{"line":47,"column":46}},"loc":{"start":{"line":47,"column":71},"end":{"line":51,"column":9}},"line":47},"4":{"name":"(anonymous_4)","decl":{"start":{"line":66,"column":20},"end":{"line":66,"column":21}},"loc":{"start":{"line":66,"column":39},"end":{"line":74,"column":3}},"line":66},"5":{"name":"(anonymous_5)","decl":{"start":{"line":102,"column":16},"end":{"line":102,"column":17}},"loc":{"start":{"line":103,"column":8},"end":{"line":113,"column":27}},"line":103},"6":{"name":"(anonymous_6)","decl":{"start":{"line":109,"column":19},"end":{"line":109,"column":20}},"loc":{"start":{"line":109,"column":25},"end":{"line":109,"column":42}},"line":109}},"branchMap":{"0":{"loc":{"start":{"line":44,"column":6},"end":{"line":57,"column":7}},"type":"if","locations":[{"start":{"line":44,"column":6},"end":{"line":57,"column":7}},{"start":{"line":55,"column":13},"end":{"line":57,"column":7}}],"line":44},"1":{"loc":{"start":{"line":56,"column":17},"end":{"line":56,"column":55}},"type":"binary-expr","locations":[{"start":{"line":56,"column":17},"end":{"line":56,"column":29}},{"start":{"line":56,"column":33},"end":{"line":56,"column":55}}],"line":56},"2":{"loc":{"start":{"line":68,"column":4},"end":{"line":73,"column":5}},"type":"if","locations":[{"start":{"line":68,"column":4},"end":{"line":73,"column":5}},{"start":{"line":70,"column":11},"end":{"line":73,"column":5}}],"line":68},"3":{"loc":{"start":{"line":76,"column":2},"end":{"line":83,"column":3}},"type":"if","locations":[{"start":{"line":76,"column":2},"end":{"line":83,"column":3}},{"start":{},"end":{}}],"line":76},"4":{"loc":{"start":{"line":78,"column":52},"end":{"line":78,"column":105}},"type":"cond-expr","locations":[{"start":{"line":78,"column":61},"end":{"line":78,"column":80}},{"start":{"line":78,"column":83},"end":{"line":78,"column":105}}],"line":78},"5":{"loc":{"start":{"line":85,"column":2},"end":{"line":98,"column":3}},"type":"if","locations":[{"start":{"line":85,"column":2},"end":{"line":98,"column":3}},{"start":{},"end":{}}],"line":85},"6":{"loc":{"start":{"line":87,"column":50},"end":{"line":87,"column":99}},"type":"cond-expr","locations":[{"start":{"line":87,"column":59},"end":{"line":87,"column":76}},{"start":{"line":87,"column":79},"end":{"line":87,"column":99}}],"line":87},"7":{"loc":{"start":{"line":92,"column":18},"end":{"line":92,"column":67}},"type":"cond-expr","locations":[{"start":{"line":92,"column":27},"end":{"line":92,"column":44}},{"start":{"line":92,"column":47},"end":{"line":92,"column":67}}],"line":92},"8":{"loc":{"start":{"line":101,"column":43},"end":{"line":101,"column":67}},"type":"binary-expr","locations":[{"start":{"line":101,"column":43},"end":{"line":101,"column":49}},{"start":{"line":101,"column":53},"end":{"line":101,"column":67}}],"line":101},"9":{"loc":{"start":{"line":107,"column":31},"end":{"line":107,"column":74}},"type":"cond-expr","locations":[{"start":{"line":107,"column":56},"end":{"line":107,"column":65}},{"start":{"line":107,"column":68},"end":{"line":107,"column":74}}],"line":107},"10":{"loc":{"start":{"line":110,"column":21},"end":{"line":110,"column":45}},"type":"binary-expr","locations":[{"start":{"line":110,"column":21},"end":{"line":110,"column":27}},{"start":{"line":110,"column":31},"end":{"line":110,"column":45}}],"line":110}},"s":{"0":1,"1":1,"2":20,"3":20,"4":20,"5":20,"6":10,"7":20,"8":11,"9":11,"10":11,"11":7,"12":7,"13":5,"14":20,"15":5,"16":5,"17":2,"18":2,"19":2,"20":9,"21":20,"22":2,"23":1,"24":1,"25":20,"26":11,"27":9,"28":4,"29":5,"30":20,"31":2,"32":1},"f":{"0":20,"1":10,"2":11,"3":20,"4":2,"5":20,"6":2},"b":{"0":[5,2],"1":[2,1],"2":[1,1],"3":[11,9],"4":[8,3],"5":[4,5],"6":[3,1],"7":[3,1],"8":[5,1],"9":[1,19],"10":[20,12]},"_coverageSchema":"1a1c01bbd47fc00a2c39e90264f33305004495a9","hash":"56a2725424c535c468d838c0b2a33f06ec5122db"}
,"C:\\Users\\Asus\\OneDrive\\Desktop\\Sasha\\Kuliah\\Sem 6\\PPL (EVIL) (Github)\\mobile-app\\components\\inputs\\TagSelectorModal.tsx": {"path":"C:\\Users\\Asus\\OneDrive\\Desktop\\Sasha\\Kuliah\\Sem 6\\PPL (EVIL) (Github)\\mobile-app\\components\\inputs\\TagSelectorModal.tsx","statementMap":{"0":{"start":{"line":16,"column":58},"end":{"line":58,"column":1}},"1":{"start":{"line":17,"column":42},"end":{"line":17,"column":63}},"2":{"start":{"line":19,"column":2},"end":{"line":57,"column":4}},"3":{"start":{"line":28,"column":33},"end":{"line":28,"column":60}},"4":{"start":{"line":29,"column":14},"end":{"line":39,"column":16}},"5":{"start":{"line":33,"column":33},"end":{"line":33,"column":60}},"6":{"start":{"line":47,"column":16},"end":{"line":47,"column":42}},"7":{"start":{"line":48,"column":16},"end":{"line":48,"column":26}},"8":{"start":{"line":60,"column":15},"end":{"line":109,"column":2}}},"fnMap":{"0":{"name":"(anonymous_0)","decl":{"start":{"line":16,"column":58},"end":{"line":16,"column":59}},"loc":{"start":{"line":16,"column":140},"end":{"line":58,"column":1}},"line":16},"1":{"name":"(anonymous_1)","decl":{"start":{"line":27,"column":22},"end":{"line":27,"column":23}},"loc":{"start":{"line":27,"column":32},"end":{"line":40,"column":13}},"line":27},"2":{"name":"(anonymous_2)","decl":{"start":{"line":33,"column":27},"end":{"line":33,"column":28}},"loc":{"start":{"line":33,"column":33},"end":{"line":33,"column":60}},"line":33},"3":{"name":"(anonymous_3)","decl":{"start":{"line":46,"column":23},"end":{"line":46,"column":24}},"loc":{"start":{"line":46,"column":29},"end":{"line":49,"column":15}},"line":46}},"branchMap":{"0":{"loc":{"start":{"line":16,"column":105},"end":{"line":16,"column":134}},"type":"default-arg","locations":[{"start":{"line":16,"column":114},"end":{"line":16,"column":134}}],"line":16},"1":{"loc":{"start":{"line":32,"column":39},"end":{"line":32,"column":72}},"type":"binary-expr","locations":[{"start":{"line":32,"column":39},"end":{"line":32,"column":49}},{"start":{"line":32,"column":53},"end":{"line":32,"column":72}}],"line":32},"2":{"loc":{"start":{"line":37,"column":19},"end":{"line":37,"column":116}},"type":"binary-expr","locations":[{"start":{"line":37,"column":19},"end":{"line":37,"column":29}},{"start":{"line":37,"column":33},"end":{"line":37,"column":116}}],"line":37}},"s":{"0":1,"1":10,"2":10,"3":100,"4":100,"5":2,"6":1,"7":1,"8":1},"f":{"0":10,"1":100,"2":2,"3":1},"b":{"0":[10],"1":[100,3],"2":[100,3]},"_coverageSchema":"1a1c01bbd47fc00a2c39e90264f33305004495a9","hash":"1fbcb01c44047b5252454e24ba8042052999683f"}
,"C:\\Users\\Asus\\OneDrive\\Desktop\\Sasha\\Kuliah\\Sem 6\\PPL (EVIL) (Github)\\mobile-app\\components\\inputs\\post\\CommentInput.tsx": {"path":"C:\\Users\\Asus\\OneDrive\\Desktop\\Sasha\\Kuliah\\Sem 6\\PPL (EVIL) (Github)\\mobile-app\\components\\inputs\\post\\CommentInput.tsx","statementMap":{"0":{"start":{"line":18,"column":50},"end":{"line":91,"column":1}},"1":{"start":{"line":19,"column":32},"end":{"line":19,"column":52}},"2":{"start":{"line":20,"column":28},"end":{"line":20,"column":48}},"3":{"start":{"line":21,"column":40},"end":{"line":21,"column":60}},"4":{"start":{"line":23,"column":21},"end":{"line":23,"column":23}},"5":{"start":{"line":24,"column":21},"end":{"line":24,"column":24}},"6":{"start":{"line":26,"column":23},"end":{"line":41,"column":3}},"7":{"start":{"line":27,"column":4},"end":{"line":30,"column":5}},"8":{"start":{"line":28,"column":6},"end":{"line":28,"column":42}},"9":{"start":{"line":29,"column":6},"end":{"line":29,"column":13}},"10":{"start":{"line":32,"column":4},"end":{"line":35,"column":5}},"11":{"start":{"line":33,"column":6},"end":{"line":33,"column":68}},"12":{"start":{"line":34,"column":6},"end":{"line":34,"column":13}},"13":{"start":{"line":37,"column":4},"end":{"line":37,"column":17}},"14":{"start":{"line":38,"column":4},"end":{"line":38,"column":24}},"15":{"start":{"line":39,"column":4},"end":{"line":39,"column":19}},"16":{"start":{"line":40,"column":4},"end":{"line":40,"column":31}},"17":{"start":{"line":43,"column":27},"end":{"line":50,"column":3}},"18":{"start":{"line":44,"column":4},"end":{"line":44,"column":21}},"19":{"start":{"line":45,"column":4},"end":{"line":45,"column":28}},"20":{"start":{"line":45,"column":15},"end":{"line":45,"column":28}},"21":{"start":{"line":47,"column":4},"end":{"line":49,"column":5}},"22":{"start":{"line":48,"column":6},"end":{"line":48,"column":33}},"23":{"start":{"line":52,"column":2},"end":{"line":90,"column":4}},"24":{"start":{"line":69,"column":16},"end":{"line":69,"column":112}},"25":{"start":{"line":93,"column":15},"end":{"line":146,"column":2}}},"fnMap":{"0":{"name":"(anonymous_0)","decl":{"start":{"line":18,"column":50},"end":{"line":18,"column":51}},"loc":{"start":{"line":18,"column":85},"end":{"line":91,"column":1}},"line":18},"1":{"name":"(anonymous_1)","decl":{"start":{"line":26,"column":23},"end":{"line":26,"column":24}},"loc":{"start":{"line":26,"column":29},"end":{"line":41,"column":3}},"line":26},"2":{"name":"(anonymous_2)","decl":{"start":{"line":43,"column":27},"end":{"line":43,"column":28}},"loc":{"start":{"line":43,"column":45},"end":{"line":50,"column":3}},"line":43},"3":{"name":"(anonymous_3)","decl":{"start":{"line":68,"column":35},"end":{"line":68,"column":36}},"loc":{"start":{"line":69,"column":16},"end":{"line":69,"column":112}},"line":69}},"branchMap":{"0":{"loc":{"start":{"line":18,"column":63},"end":{"line":18,"column":78}},"type":"default-arg","locations":[{"start":{"line":18,"column":75},"end":{"line":18,"column":78}}],"line":18},"1":{"loc":{"start":{"line":27,"column":4},"end":{"line":30,"column":5}},"type":"if","locations":[{"start":{"line":27,"column":4},"end":{"line":30,"column":5}},{"start":{},"end":{}}],"line":27},"2":{"loc":{"start":{"line":32,"column":4},"end":{"line":35,"column":5}},"type":"if","locations":[{"start":{"line":32,"column":4},"end":{"line":35,"column":5}},{"start":{},"end":{}}],"line":32},"3":{"loc":{"start":{"line":45,"column":4},"end":{"line":45,"column":28}},"type":"if","locations":[{"start":{"line":45,"column":4},"end":{"line":45,"column":28}},{"start":{},"end":{}}],"line":45},"4":{"loc":{"start":{"line":47,"column":4},"end":{"line":49,"column":5}},"type":"if","locations":[{"start":{"line":47,"column":4},"end":{"line":49,"column":5}},{"start":{},"end":{}}],"line":47},"5":{"loc":{"start":{"line":56,"column":16},"end":{"line":56,"column":60}},"type":"cond-expr","locations":[{"start":{"line":56,"column":40},"end":{"line":56,"column":49}},{"start":{"line":56,"column":52},"end":{"line":56,"column":60}}],"line":56},"6":{"loc":{"start":{"line":86,"column":9},"end":{"line":86,"column":69}},"type":"cond-expr","locations":[{"start":{"line":86,"column":17},"end":{"line":86,"column":62}},{"start":{"line":86,"column":65},"end":{"line":86,"column":69}}],"line":86}},"s":{"0":1,"1":21,"2":21,"3":21,"4":21,"5":21,"6":21,"7":4,"8":1,"9":1,"10":3,"11":2,"12":2,"13":1,"14":1,"15":1,"16":1,"17":21,"18":7,"19":7,"20":1,"21":7,"22":2,"23":21,"24":1,"25":1},"f":{"0":21,"1":4,"2":7,"3":1},"b":{"0":[13],"1":[1,3],"2":[2,1],"3":[1,6],"4":[2,5],"5":[20,1],"6":[3,18]},"_coverageSchema":"1a1c01bbd47fc00a2c39e90264f33305004495a9","hash":"d0284d83961957052d684d168240460aa822df43"}
,"C:\\Users\\Asus\\OneDrive\\Desktop\\Sasha\\Kuliah\\Sem 6\\PPL (EVIL) (Github)\\mobile-app\\components\\settings\\SettingsItem.tsx": {"path":"C:\\Users\\Asus\\OneDrive\\Desktop\\Sasha\\Kuliah\\Sem 6\\PPL (EVIL) (Github)\\mobile-app\\components\\settings\\SettingsItem.tsx","statementMap":{"0":{"start":{"line":9,"column":50},"end":{"line":27,"column":1}},"1":{"start":{"line":10,"column":2},"end":{"line":26,"column":4}},"2":{"start":{"line":29,"column":15},"end":{"line":47,"column":2}}},"fnMap":{"0":{"name":"(anonymous_0)","decl":{"start":{"line":9,"column":50},"end":{"line":9,"column":51}},"loc":{"start":{"line":9,"column":74},"end":{"line":27,"column":1}},"line":9}},"branchMap":{},"s":{"0":1,"1":3,"2":1},"f":{"0":3},"b":{},"_coverageSchema":"1a1c01bbd47fc00a2c39e90264f33305004495a9","hash":"b1dbe75d5ea5bdfffe39b32e68683ccc9652b75a"}
,"C:\\Users\\Asus\\OneDrive\\Desktop\\Sasha\\Kuliah\\Sem 6\\PPL (EVIL) (Github)\\mobile-app\\components\\settings\\SettingsSection.tsx": {"path":"C:\\Users\\Asus\\OneDrive\\Desktop\\Sasha\\Kuliah\\Sem 6\\PPL (EVIL) (Github)\\mobile-app\\components\\settings\\SettingsSection.tsx","statementMap":{"0":{"start":{"line":10,"column":56},"end":{"line":21,"column":1}},"1":{"start":{"line":11,"column":2},"end":{"line":20,"column":4}},"2":{"start":{"line":17,"column":8},"end":{"line":17,"column":46}},"3":{"start":{"line":23,"column":15},"end":{"line":39,"column":2}}},"fnMap":{"0":{"name":"(anonymous_0)","decl":{"start":{"line":10,"column":56},"end":{"line":10,"column":57}},"loc":{"start":{"line":10,"column":78},"end":{"line":21,"column":1}},"line":10},"1":{"name":"(anonymous_1)","decl":{"start":{"line":16,"column":17},"end":{"line":16,"column":18}},"loc":{"start":{"line":17,"column":8},"end":{"line":17,"column":46}},"line":17}},"branchMap":{},"s":{"0":1,"1":2,"2":2,"3":1},"f":{"0":2,"1":2},"b":{},"_coverageSchema":"1a1c01bbd47fc00a2c39e90264f33305004495a9","hash":"b7e37604d2a64ff9ea8330fbe2b6f1be32e54a59"}
,"C:\\Users\\Asus\\OneDrive\\Desktop\\Sasha\\Kuliah\\Sem 6\\PPL (EVIL) (Github)\\mobile-app\\components\\toasts\\Toast.tsx": {"path":"C:\\Users\\Asus\\OneDrive\\Desktop\\Sasha\\Kuliah\\Sem 6\\PPL (EVIL) (Github)\\mobile-app\\components\\toasts\\Toast.tsx","statementMap":{"0":{"start":{"line":10,"column":20},"end":{"line":10,"column":50}},"1":{"start":{"line":12,"column":36},"end":{"line":26,"column":1}},"2":{"start":{"line":16,"column":2},"end":{"line":25,"column":4}},"3":{"start":{"line":28,"column":15},"end":{"line":60,"column":2}}},"fnMap":{"0":{"name":"(anonymous_0)","decl":{"start":{"line":12,"column":36},"end":{"line":12,"column":37}},"loc":{"start":{"line":15,"column":6},"end":{"line":26,"column":1}},"line":15}},"branchMap":{"0":{"loc":{"start":{"line":14,"column":2},"end":{"line":14,"column":74}},"type":"default-arg","locations":[{"start":{"line":14,"column":9},"end":{"line":14,"column":74}}],"line":14}},"s":{"0":1,"1":1,"2":1,"3":1},"f":{"0":1},"b":{"0":[1]},"_coverageSchema":"1a1c01bbd47fc00a2c39e90264f33305004495a9","hash":"5918e9bf4074bed6bb35706c2f7571db8545f851"}
}
