TN:
SF:app\signup.tsx
FN:3,SignUpPage
FNF:1
FNH:1
FNDA:2,SignUpPage
DA:4,2
LF:1
LH:1
BRF:0
BRH:0
end_of_record
TN:
SF:components\Button.tsx
FN:11,(anonymous_0)
FNF:1
FNH:1
FNDA:3,(anonymous_0)
DA:11,1
DA:12,3
DA:19,1
LF:3
LH:3
BRF:0
BRH:0
end_of_record
TN:
SF:components\InputField.tsx
FN:10,(anonymous_0)
FNF:1
FNH:1
FNDA:2,(anonymous_0)
DA:10,1
DA:11,2
DA:24,1
LF:3
LH:3
BRDA:10,0,0,1
BRF:1
BRH:1
end_of_record
TN:
SF:components\SignUpForm.tsx
FN:10,SignUpForm
FNF:1
FNH:1
FNDA:3,SignUpForm
DA:11,3
LF:1
LH:1
BRF:0
BRH:0
end_of_record
