TN:
SF:app\_layout.tsx
FN:7,Layout
FN:19,(anonymous_1)
FN:20,(anonymous_2)
FN:21,(anonymous_3)
FN:22,(anonymous_4)
FN:23,(anonymous_5)
FNF:6
FNH:6
FNDA:12,Layout
FNDA:1,(anonymous_1)
FNDA:1,(anonymous_2)
FNDA:1,(anonymous_3)
FNDA:1,(anonymous_4)
FNDA:1,(anonymous_5)
DA:8,12
DA:9,12
DA:11,12
DA:13,12
DA:19,1
DA:20,1
DA:21,1
DA:22,1
DA:23,1
LF:9
LH:9
BRDA:16,0,0,12
BRDA:16,0,1,11
BRF:2
BRH:2
end_of_record
TN:
SF:app\index.tsx
FN:16,(anonymous_0)
FN:28,(anonymous_1)
FN:31,(anonymous_2)
FN:36,(anonymous_3)
FN:47,(anonymous_4)
FN:48,(anonymous_5)
FN:51,(anonymous_6)
FNF:7
FNH:7
FNDA:3,(anonymous_0)
FNDA:8,(anonymous_1)
FNDA:2,(anonymous_2)
FNDA:2,(anonymous_3)
FNDA:1,(anonymous_4)
FNDA:1,(anonymous_5)
FNDA:1,(anonymous_6)
DA:10,1
DA:16,1
DA:17,3
DA:18,3
DA:19,2
DA:20,1
DA:21,1
DA:23,2
DA:24,2
DA:28,1
DA:29,8
DA:31,8
DA:32,2
DA:33,2
DA:36,8
DA:37,2
DA:38,1
DA:39,1
DA:41,1
DA:44,8
DA:47,1
DA:48,1
DA:51,1
LF:23
LH:23
BRDA:37,0,0,1
BRDA:37,0,1,1
BRF:2
BRH:2
end_of_record
TN:
SF:app\forgotPassword\index.tsx
FN:6,(anonymous_0)
FN:9,(anonymous_1)
FN:14,(anonymous_2)
FNF:3
FNH:3
FNDA:5,(anonymous_0)
FNDA:2,(anonymous_1)
FNDA:2,(anonymous_2)
DA:6,1
DA:7,5
DA:9,5
DA:10,2
DA:11,2
DA:14,5
DA:15,2
DA:16,1
DA:17,1
DA:19,1
DA:22,5
LF:11
LH:11
BRDA:15,0,0,1
BRDA:15,0,1,1
BRF:2
BRH:2
end_of_record
TN:
SF:app\forgotPassword\newPasswordScreen.tsx
FN:7,(anonymous_0)
FN:11,(anonymous_1)
FNF:2
FNH:2
FNDA:7,(anonymous_0)
FNDA:2,(anonymous_1)
DA:7,1
DA:8,7
DA:9,7
DA:11,7
DA:12,2
DA:13,1
DA:14,1
DA:16,1
DA:20,7
DA:50,1
LF:10
LH:10
BRDA:12,0,0,1
BRDA:12,0,1,1
BRF:2
BRH:2
end_of_record
TN:
SF:app\forgotPassword\otpVerificationScreen.tsx
FN:5,(anonymous_0)
FN:6,(anonymous_1)
FN:15,(anonymous_2)
FNF:3
FNH:3
FNDA:4,(anonymous_0)
FNDA:2,(anonymous_1)
FNDA:1,(anonymous_2)
DA:5,1
DA:6,4
DA:7,2
DA:8,2
DA:11,4
DA:15,1
DA:21,1
LF:7
LH:7
BRF:0
BRH:0
end_of_record
TN:
SF:app\map\index.tsx
FN:5,(anonymous_0)
FNF:1
FNH:1
FNDA:2,(anonymous_0)
DA:5,1
DA:6,2
LF:2
LH:2
BRF:0
BRH:0
end_of_record
TN:
SF:app\signUp\index.tsx
FN:14,(anonymous_0)
FN:26,SignUpScreen
FN:27,(anonymous_2)
FN:33,(anonymous_3)
FN:37,(anonymous_4)
FNF:5
FNH:5
FNDA:3,(anonymous_0)
FNDA:15,SignUpScreen
FNDA:1,(anonymous_2)
FNDA:1,(anonymous_3)
FNDA:1,(anonymous_4)
DA:8,1
DA:14,1
DA:15,3
DA:16,3
DA:17,2
DA:18,1
DA:19,1
DA:21,2
DA:22,2
DA:27,15
DA:28,1
DA:31,15
DA:33,1
DA:37,1
LF:14
LH:14
BRF:0
BRH:0
end_of_record
TN:
SF:assets\icons.ts
FNF:0
FNH:0
DA:1,5
DA:10,5
DA:16,5
DA:22,5
DA:29,5
DA:35,5
DA:41,5
DA:49,5
DA:57,5
DA:63,5
DA:69,5
DA:75,5
LF:12
LH:12
BRF:0
BRH:0
end_of_record
TN:
SF:components\buttons\Button.tsx
FN:11,(anonymous_0)
FNF:1
FNH:1
FNDA:117,(anonymous_0)
DA:11,10
DA:12,117
DA:19,10
LF:3
LH:3
BRDA:11,0,0,2
BRF:1
BRH:1
end_of_record
TN:
SF:components\buttons\MapButton.tsx
FN:12,(anonymous_0)
FNF:1
FNH:1
FNDA:4,(anonymous_0)
DA:12,1
DA:13,4
DA:20,1
LF:3
LH:3
BRDA:12,0,0,2
BRDA:12,1,0,4
BRDA:15,2,0,1
BRDA:15,2,1,3
BRF:4
BRH:4
end_of_record
TN:
SF:components\buttons\NavButton.tsx
FN:20,(anonymous_0)
FNF:1
FNH:1
FNDA:9,(anonymous_0)
DA:13,1
DA:20,1
DA:21,9
DA:23,9
DA:41,1
LF:5
LH:5
BRDA:20,0,0,1
BRDA:20,1,0,5
BRDA:20,2,0,9
BRDA:21,3,0,8
BRDA:21,3,1,1
BRDA:26,4,0,3
BRDA:26,4,1,6
BRDA:29,5,0,3
BRDA:29,5,1,6
BRDA:30,6,0,3
BRDA:30,6,1,6
BRDA:32,7,0,9
BRDA:32,7,1,3
BRDA:33,8,0,3
BRDA:33,8,1,3
BRF:15
BRH:15
end_of_record
TN:
SF:components\buttons\SocialButton.tsx
FN:11,(anonymous_0)
FNF:1
FNH:1
FNDA:137,(anonymous_0)
DA:11,5
DA:12,137
DA:19,5
LF:3
LH:3
BRDA:11,0,0,1
BRF:1
BRH:1
end_of_record
TN:
SF:components\displays\NavContainer.tsx
FN:18,(anonymous_0)
FNF:1
FNH:1
FNDA:10,(anonymous_0)
DA:16,1
DA:18,1
DA:28,10
DA:30,10
DA:49,1
LF:5
LH:5
BRDA:19,0,0,8
BRDA:25,1,0,10
BRDA:28,2,0,9
BRDA:28,2,1,1
BRF:4
BRH:4
end_of_record
TN:
SF:components\forms\ForgotPasswordForm.tsx
FN:12,(anonymous_0)
FNF:1
FNH:1
FNDA:8,(anonymous_0)
DA:12,2
DA:13,8
DA:35,2
LF:3
LH:3
BRDA:12,0,0,3
BRF:1
BRH:1
end_of_record
TN:
SF:components\forms\LoginForm.tsx
FN:18,(anonymous_0)
FNF:1
FNH:1
FNDA:15,(anonymous_0)
DA:18,2
DA:19,15
DA:57,2
LF:3
LH:3
BRDA:18,0,0,7
BRF:1
BRH:1
end_of_record
TN:
SF:components\forms\OTPVerificationForm.tsx
FN:15,(anonymous_0)
FN:32,(anonymous_1)
FNF:2
FNH:2
FNDA:32,(anonymous_0)
FNDA:4,(anonymous_1)
DA:15,2
DA:16,32
DA:18,32
DA:33,4
DA:34,4
DA:35,3
DA:44,2
LF:7
LH:7
BRDA:15,0,0,20
BRDA:15,1,0,12
BRDA:34,2,0,3
BRDA:34,2,1,1
BRF:4
BRH:4
end_of_record
TN:
SF:components\forms\SignUpForm.tsx
FN:24,(anonymous_0)
FN:32,(anonymous_1)
FN:41,(anonymous_2)
FN:78,(anonymous_3)
FN:82,(anonymous_4)
FN:87,(anonymous_5)
FN:99,(anonymous_6)
FN:115,(anonymous_7)
FN:124,(anonymous_8)
FN:133,(anonymous_9)
FN:143,(anonymous_10)
FN:153,(anonymous_11)
FNF:12
FNH:12
FNDA:51,(anonymous_0)
FNDA:13,(anonymous_1)
FNDA:13,(anonymous_2)
FNDA:3,(anonymous_3)
FNDA:4,(anonymous_4)
FNDA:7,(anonymous_5)
FNDA:8,(anonymous_6)
FNDA:2,(anonymous_7)
FNDA:3,(anonymous_8)
FNDA:8,(anonymous_9)
FNDA:4,(anonymous_10)
FNDA:3,(anonymous_11)
DA:24,2
DA:25,51
DA:26,51
DA:27,51
DA:28,51
DA:29,51
DA:30,51
DA:32,51
DA:33,13
DA:34,13
DA:35,2
DA:37,11
DA:41,51
DA:42,13
DA:44,13
DA:45,11
DA:48,13
DA:49,10
DA:50,3
DA:51,1
DA:54,13
DA:55,9
DA:56,4
DA:57,1
DA:61,13
DA:62,10
DA:63,3
DA:64,1
DA:67,13
DA:68,5
DA:69,8
DA:70,1
DA:71,7
DA:72,3
DA:75,13
DA:78,51
DA:79,3
DA:82,51
DA:83,4
DA:84,4
DA:87,51
DA:88,7
DA:89,7
DA:90,7
DA:91,7
DA:92,7
DA:93,7
DA:94,1
DA:96,6
DA:99,51
DA:100,8
DA:101,8
DA:104,51
DA:115,2
DA:124,3
DA:133,8
DA:143,4
DA:153,3
DA:177,2
LF:59
LH:59
BRDA:34,0,0,2
BRDA:34,0,1,11
BRDA:44,1,0,11
BRDA:44,1,1,2
BRDA:48,2,0,10
BRDA:48,2,1,3
BRDA:50,3,0,1
BRDA:50,3,1,2
BRDA:54,4,0,9
BRDA:54,4,1,4
BRDA:56,5,0,1
BRDA:56,5,1,3
BRDA:61,6,0,10
BRDA:61,6,1,3
BRDA:63,7,0,1
BRDA:63,7,1,2
BRDA:67,8,0,5
BRDA:67,8,1,8
BRDA:69,9,0,1
BRDA:69,9,1,7
BRDA:71,10,0,3
BRDA:71,10,1,4
BRDA:93,11,0,1
BRDA:93,11,1,6
BRDA:93,12,0,7
BRDA:93,12,1,6
BRDA:93,12,2,3
BRDA:117,13,0,51
BRDA:117,13,1,11
BRDA:126,14,0,51
BRDA:126,14,1,11
BRDA:135,15,0,51
BRDA:135,15,1,9
BRDA:145,16,0,51
BRDA:145,16,1,10
BRDA:155,17,0,51
BRDA:155,17,1,11
BRF:37
BRH:37
end_of_record
TN:
SF:components\hooks\useOTP.ts
FN:4,(anonymous_0)
FN:8,(anonymous_1)
FN:19,(anonymous_2)
FNF:3
FNH:3
FNDA:32,(anonymous_0)
FNDA:21,(anonymous_1)
FNDA:1,(anonymous_2)
DA:4,2
DA:5,32
DA:6,32
DA:8,32
DA:9,21
DA:10,21
DA:11,21
DA:14,21
DA:15,16
DA:19,32
DA:20,1
DA:21,1
DA:25,32
LF:13
LH:13
BRDA:14,0,0,16
BRDA:14,0,1,5
BRDA:14,1,0,21
BRDA:14,1,1,20
BRDA:20,2,0,1
BRDA:20,2,1,0
BRDA:20,3,0,1
BRDA:20,3,1,1
BRDA:20,3,2,1
BRF:9
BRH:8
end_of_record
TN:
SF:components\inputs\InputField.tsx
FN:13,(anonymous_0)
FNF:1
FNH:1
FNDA:309,(anonymous_0)
DA:13,8
DA:21,309
DA:35,8
LF:3
LH:3
BRDA:16,0,0,177
BRDA:18,1,0,309
BRDA:19,2,0,309
BRDA:23,3,0,309
BRDA:23,3,1,301
BRF:5
BRH:5
end_of_record
TN:
SF:components\inputs\OTPInput.tsx
FN:12,(anonymous_0)
FN:15,(anonymous_1)
FN:19,(anonymous_2)
FN:23,(anonymous_3)
FN:24,(anonymous_4)
FNF:5
FNH:5
FNDA:35,(anonymous_0)
FNDA:144,(anonymous_1)
FNDA:288,(anonymous_2)
FNDA:22,(anonymous_3)
FNDA:2,(anonymous_4)
DA:12,3
DA:13,35
DA:16,144
DA:19,288
DA:23,22
DA:24,2
DA:32,3
LF:7
LH:7
BRDA:12,0,0,35
BRF:1
BRH:1
end_of_record
TN:
SF:components\inputs\SearchBar.tsx
FN:11,(anonymous_0)
FN:12,(anonymous_1)
FN:18,(anonymous_2)
FNF:3
FNH:3
FNDA:10,(anonymous_0)
FNDA:1,(anonymous_1)
FNDA:2,(anonymous_2)
DA:11,2
DA:12,1
DA:16,10
DA:18,10
DA:19,2
DA:22,10
DA:45,2
LF:7
LH:7
BRDA:12,0,0,8
BRDA:13,1,0,9
BRDA:14,2,0,10
BRF:3
BRH:3
end_of_record
